#
# A fatal error has been detected by the Java Runtime Environment:
#
#  EXCEPTION_ACCESS_VIOLATION (0xc0000005) at pc=0x00007ffc0da86c8d, pid=4052, tid=2964
#
# JRE version: OpenJDK Runtime Environment (11.0.10) (build 11.0.10+0-b96-7249189)
# Java VM: OpenJDK 64-Bit Server VM (11.0.10+0-b96-7249189, mixed mode, tiered, compressed oops, g1 gc, windows-amd64)
# Problematic frame:
# V  [jvm.dll+0x1b6c8d]
#
# No core dump will be written. Minidumps are not enabled by default on client versions of Windows
#
# If you would like to submit a bug report, please visit:
#   https://bugreport.java.com/bugreport/crash.jsp
#

---------------  S U M M A R Y ------------

Command Line: -Djava.awt.headless=true -Dorg.gradle.internal.worker.tmpdir=C:\Users\a.askarinejad\StudioProjects\RFIDKotlin\app\build\tmp\testDebugUnitTest\work -Dorg.gradle.native=false --add-opens=java.base/java.util=ALL-UNNAMED --add-opens=java.base/java.lang=ALL-UNNAMED -Xmx512m -Dfile.encoding=UTF-8 -Duser.country=US -Duser.language=en -Duser.variant -ea worker.org.gradle.process.internal.worker.GradleWorkerMain 'Gradle Test Executor 6'

Host: Intel(R) Core(TM) i5-8265U CPU @ 1.60GHz, 8 cores, 7G,  Windows 10 , 64 bit Build 18362 (10.0.18362.1500)
Time: Tue Aug 24 18:40:11 2021 Iran Daylight Time elapsed time: 2.667438 seconds (0d 0h 0m 2s)

---------------  T H R E A D  ---------------

Current thread (0x000001ce5595c000):  JavaThread "C2 CompilerThread2" daemon [_thread_in_native, id=2964, stack(0x0000004b83000000,0x0000004b83100000)]


Current CompileTask:
C2:   2667 1221 %     4       kotlin.UnsignedKt::ulongCompare @ 179 (12 bytes)

Stack: [0x0000004b83000000,0x0000004b83100000],  sp=0x0000004b830fda30,  free space=1014k
Native frames: (J=compiled Java code, j=interpreted, Vv=VM code, C=native code)
V  [jvm.dll+0x1b6c8d]
V  [jvm.dll+0x1b6b03]
V  [jvm.dll+0x1b5d8e]
V  [jvm.dll+0x1a723a]
V  [jvm.dll+0x5ff466]
V  [jvm.dll+0x185d3c]
V  [jvm.dll+0x1fa515]
V  [jvm.dll+0x18354c]
V  [jvm.dll+0x208ee7]
V  [jvm.dll+0x207731]
V  [jvm.dll+0x6eb1cf]
V  [jvm.dll+0x6e3d45]
V  [jvm.dll+0x5ebe96]
C  [ucrtbase.dll+0x210b2]
C  [KERNEL32.DLL+0x17c24]
C  [ntdll.dll+0x6d721]


siginfo: EXCEPTION_ACCESS_VIOLATION (0xc0000005), reading address 0x000001cec84687f0


Register to memory mapping:

RIP=0x00007ffc0da86c8d jvm.dll
RAX=0x000001ce57dee070 points into unknown readable memory: 0x0000000000000000 | 00 00 00 00 00 00 00 00
RBX=0x000001ce57dedff0 points into unknown readable memory: 0x0000004b830ff6c0 | c0 f6 0f 83 4b 00 00 00
RCX=0x000001ce57dedff0 points into unknown readable memory: 0x0000004b830ff6c0 | c0 f6 0f 83 4b 00 00 00
RDX=0x000000000e0cf4f0 is an unknown value
RSP=0x0000004b830fda30 is pointing into the stack for thread: 0x000001ce5595c000
RBP=0x000001ce57da77b0 points into unknown readable memory: 0x000001ce57dee080 | 80 e0 de 57 ce 01 00 00
RSI=0x000000007067a780 is an unknown value
RDI=0x0000004b830ff6c8 is pointing into the stack for thread: 0x000001ce5595c000
R8 =0x000001ce57da77e0 points into unknown readable memory: 0x000001ce57da77f0 | f0 77 da 57 ce 01 00 00
R9 =0x000001ce57da77e0 points into unknown readable memory: 0x000001ce57da77f0 | f0 77 da 57 ce 01 00 00
R10=0x000001ce58e1af90 points into unknown readable memory: 0x000001ce550dc6a0 | a0 c6 0d 55 ce 01 00 00
R11=0x000001ce58e1afc0 points into unknown readable memory: 0x00007ffc0e14de80 | 80 de 14 0e fc 7f 00 00
R12=0x0 is NULL
R13=0x000001ce57dedff0 points into unknown readable memory: 0x0000004b830ff6c0 | c0 f6 0f 83 4b 00 00 00
R14=0x0 is NULL
R15=0x00000000000000f8 is an unknown value


Registers:
RAX=0x000001ce57dee070, RBX=0x000001ce57dedff0, RCX=0x000001ce57dedff0, RDX=0x000000000e0cf4f0
RSP=0x0000004b830fda30, RBP=0x000001ce57da77b0, RSI=0x000000007067a780, RDI=0x0000004b830ff6c8
R8 =0x000001ce57da77e0, R9 =0x000001ce57da77e0, R10=0x000001ce58e1af90, R11=0x000001ce58e1afc0
R12=0x0000000000000000, R13=0x000001ce57dedff0, R14=0x0000000000000000, R15=0x00000000000000f8
RIP=0x00007ffc0da86c8d, EFLAGS=0x0000000000010246

Top of Stack: (sp=0x0000004b830fda30)
0x0000004b830fda30:   0000000000000000 00007ffc0da88ac9
0x0000004b830fda40:   000001ce57dedfb0 000001ce57deda90
0x0000004b830fda50:   000000007067a780 00007ffc0da87f33
0x0000004b830fda60:   0000000000000000 000001ce57da3e60
0x0000004b830fda70:   000001ce57dabe48 000001ce57da77b0
0x0000004b830fda80:   000001ce5591e8d0 000001ce57da77e0
0x0000004b830fda90:   000001ce57dedff0 00007ffc0da86b03
0x0000004b830fdaa0:   0000004b830ff6c8 000001ce57da77b0
0x0000004b830fdab0:   000001ce57da77e0 000001ce5591e8d0
0x0000004b830fdac0:   000001ce58e1af00 00007ffc0dfcd3eb
0x0000004b830fdad0:   00000000000000f8 0000000000000000
0x0000004b830fdae0:   000001ce57dec9f0 0000000000000000
0x0000004b830fdaf0:   00000000000000b3 00007ffc0da85d8e
0x0000004b830fdb00:   00000000000083b0 000001ce57dedff0
0x0000004b830fdb10:   000000000000001d 000001ce57dec890
0x0000004b830fdb20:   000001ce57dedff0 00007ffc0da7723a 

Instructions: (pc=0x00007ffc0da86c8d)
0x00007ffc0da86b8d:   48 8b 43 68 33 d2 48 89 50 10 48 8b 43 58 48 85
0x00007ffc0da86b9d:   c0 74 1f 48 8b 48 58 48 c7 40 40 ff ff ff ff 48
0x00007ffc0da86bad:   89 50 60 88 50 49 48 89 50 58 48 8b c1 48 85 c9
0x00007ffc0da86bbd:   75 e1 4c 8b cd 48 89 74 24 20 45 33 c0 49 8b d7
0x00007ffc0da86bcd:   48 8b cb e8 7b eb ff ff 48 83 7b 50 00 74 2c 45
0x00007ffc0da86bdd:   33 ff 90 48 8b 53 50 4c 8b ce 4c 8b c5 48 8b cb
0x00007ffc0da86bed:   48 8b 42 50 48 89 43 50 4c 89 7a 50 44 88 7a 4b
0x00007ffc0da86bfd:   e8 6e f9 ff ff 4c 39 7b 50 75 d8 49 83 3e 00 4c
0x00007ffc0da86c0d:   8b 7c 24 30 48 8b 74 24 78 48 8b 6c 24 70 48 8b
0x00007ffc0da86c1d:   5c 24 68 74 15 48 8b 54 24 60 48 8b cf e8 a1 61
0x00007ffc0da86c2d:   f0 ff 49 8b ce e8 49 60 f0 ff 4c 89 77 10 4c 89
0x00007ffc0da86c3d:   67 18 4c 89 6f 20 48 83 c4 38 41 5e 41 5d 41 5c
0x00007ffc0da86c4d:   5f c3 cc 4c 89 44 24 18 53 56 57 41 54 41 55 41
0x00007ffc0da86c5d:   56 48 83 ec 38 48 8b 01 45 33 f6 45 8b e1 4c 8b
0x00007ffc0da86c6d:   e9 4d 8b c8 48 8b 38 48 63 c2 48 89 7c 24 70 48
0x00007ffc0da86c7d:   8d 34 c5 00 00 00 00 48 8b 41 40 48 89 74 24 20
0x00007ffc0da86c8d:   48 8b 1c 06 48 85 db 0f 85 a7 00 00 00 41 83 fc
0x00007ffc0da86c9d:   02 75 10 33 c0 48 83 c4 38 41 5e 41 5d 41 5c 5f
0x00007ffc0da86cad:   5e 5b c3 48 8b d7 b9 20 00 00 00 e8 13 ca ef ff
0x00007ffc0da86cbd:   48 8b d8 48 85 c0 74 69 ba 08 00 00 00 44 89 30
0x00007ffc0da86ccd:   48 8b c8 c7 40 04 04 00 00 00 48 89 78 08 c7 40
0x00007ffc0da86cdd:   10 14 00 00 00 e8 99 59 18 00 41 8b d6 48 89 43
0x00007ffc0da86ced:   18 39 13 7e 19 49 8b ce 4c 8b 43 18 4c 03 c1 74
0x00007ffc0da86cfd:   03 4d 89 30 ff c2 48 83 c1 08 3b 13 7c ea 3b 53
0x00007ffc0da86d0d:   04 7d 21 48 8b 43 18 48 63 ca 4c 8d 04 c8 4d 85
0x00007ffc0da86d1d:   c0 74 05 33 c0 49 89 00 ff c2 3b 53 04 7c e4 eb
0x00007ffc0da86d2d:   03 49 8b de 49 8b 45 40 4c 8b 8c 24 80 00 00 00
0x00007ffc0da86d3d:   48 89 1c 06 48 89 6c 24 78 4c 89 7c 24 30 41 83
0x00007ffc0da86d4d:   fc 01 0f 84 ab 00 00 00 48 63 03 85 c0 0f 8e a0
0x00007ffc0da86d5d:   00 00 00 48 8b 7b 18 4c 8b f8 49 8b f6 66 0f 1f
0x00007ffc0da86d6d:   44 00 00 48 8b 2f 44 38 75 48 75 64 48 8b 45 30
0x00007ffc0da86d7d:   4d 8b 09 4c 8b 00 41 8b 09 49 63 00 85 c9 74 48 


Stack slot to memory mapping:
stack at sp + 0 slots: 0x0 is NULL
stack at sp + 1 slots: 0x00007ffc0da88ac9 jvm.dll
stack at sp + 2 slots: 0x000001ce57dedfb0 points into unknown readable memory: 0x0000000100000000 | 00 00 00 00 01 00 00 00
stack at sp + 3 slots: 0x000001ce57deda90 points into unknown readable memory: 0x000001ce57ded980 | 80 d9 de 57 ce 01 00 00
stack at sp + 4 slots: 0x000000007067a780 is an unknown value
stack at sp + 5 slots: 0x00007ffc0da87f33 jvm.dll
stack at sp + 6 slots: 0x0 is NULL
stack at sp + 7 slots: 0x000001ce57da3e60 points into unknown readable memory: 0x0000000000000000 | 00 00 00 00 00 00 00 00


---------------  P R O C E S S  ---------------

Threads class SMR info:
_java_thread_list=0x000001ce5590cde0, length=15, elements={
0x000001ce3dbf9000, 0x000001ce5473e000, 0x000001ce54741000, 0x000001ce550c2800,
0x000001ce550c3800, 0x000001ce54757000, 0x000001ce5475b000, 0x000001ce5475e000,
0x000001ce5475f000, 0x000001ce552bf800, 0x000001ce556bd800, 0x000001ce55885800,
0x000001ce5588a000, 0x000001ce55ab4800, 0x000001ce5595c000
}

Java Threads: ( => current thread )
  0x000001ce3dbf9000 JavaThread "main" [_thread_blocked, id=4876, stack(0x0000004b81a00000,0x0000004b81b00000)]
  0x000001ce5473e000 JavaThread "Reference Handler" daemon [_thread_blocked, id=9356, stack(0x0000004b82100000,0x0000004b82200000)]
  0x000001ce54741000 JavaThread "Finalizer" daemon [_thread_blocked, id=2632, stack(0x0000004b82200000,0x0000004b82300000)]
  0x000001ce550c2800 JavaThread "Signal Dispatcher" daemon [_thread_blocked, id=7232, stack(0x0000004b82300000,0x0000004b82400000)]
  0x000001ce550c3800 JavaThread "Attach Listener" daemon [_thread_blocked, id=14060, stack(0x0000004b82400000,0x0000004b82500000)]
  0x000001ce54757000 JavaThread "Service Thread" daemon [_thread_blocked, id=1952, stack(0x0000004b82500000,0x0000004b82600000)]
  0x000001ce5475b000 JavaThread "C2 CompilerThread0" daemon [_thread_blocked, id=7996, stack(0x0000004b82600000,0x0000004b82700000)]
  0x000001ce5475e000 JavaThread "C1 CompilerThread0" daemon [_thread_blocked, id=8356, stack(0x0000004b82700000,0x0000004b82800000)]
  0x000001ce5475f000 JavaThread "Sweeper thread" daemon [_thread_blocked, id=2060, stack(0x0000004b82800000,0x0000004b82900000)]
  0x000001ce552bf800 JavaThread "Common-Cleaner" daemon [_thread_blocked, id=5652, stack(0x0000004b82900000,0x0000004b82a00000)]
  0x000001ce556bd800 JavaThread "Test worker" [_thread_in_Java, id=3004, stack(0x0000004b82c00000,0x0000004b82d00000)]
  0x000001ce55885800 JavaThread "/127.0.0.1:50647 to /127.0.0.1:50646 workers Thread 2" [_thread_blocked, id=2096, stack(0x0000004b82d00000,0x0000004b82e00000)]
  0x000001ce5588a000 JavaThread "/127.0.0.1:50647 to /127.0.0.1:50646 workers Thread 3" [_thread_in_native, id=9240, stack(0x0000004b82e00000,0x0000004b82f00000)]
  0x000001ce55ab4800 JavaThread "C2 CompilerThread1" daemon [_thread_blocked, id=1292, stack(0x0000004b82f00000,0x0000004b83000000)]
=>0x000001ce5595c000 JavaThread "C2 CompilerThread2" daemon [_thread_in_native, id=2964, stack(0x0000004b83000000,0x0000004b83100000)]

Other Threads:
  0x000001ce54719000 VMThread "VM Thread" [stack: 0x0000004b82000000,0x0000004b82100000] [id=12592]
  0x000001ce552c4800 WatcherThread [stack: 0x0000004b82a00000,0x0000004b82b00000] [id=13668]
  0x000001ce3dc11000 GCTaskThread "GC Thread#0" [stack: 0x0000004b81b00000,0x0000004b81c00000] [id=1476]
  0x000001ce5676e000 GCTaskThread "GC Thread#1" [stack: 0x0000004b83100000,0x0000004b83200000] [id=1132]
  0x000001ce56485000 GCTaskThread "GC Thread#2" [stack: 0x0000004b83200000,0x0000004b83300000] [id=8512]
  0x000001ce55992800 GCTaskThread "GC Thread#3" [stack: 0x0000004b83300000,0x0000004b83400000] [id=8280]
  0x000001ce56a97800 GCTaskThread "GC Thread#4" [stack: 0x0000004b83400000,0x0000004b83500000] [id=1596]
  0x000001ce56a96000 GCTaskThread "GC Thread#5" [stack: 0x0000004b83500000,0x0000004b83600000] [id=14068]
  0x000001ce56a93000 GCTaskThread "GC Thread#6" [stack: 0x0000004b83600000,0x0000004b83700000] [id=2396]
  0x000001ce56a94000 GCTaskThread "GC Thread#7" [stack: 0x0000004b83700000,0x0000004b83800000] [id=5004]
  0x000001ce3dc21800 ConcurrentGCThread "G1 Main Marker" [stack: 0x0000004b81c00000,0x0000004b81d00000] [id=13384]
  0x000001ce3dc23000 ConcurrentGCThread "G1 Conc#0" [stack: 0x0000004b81d00000,0x0000004b81e00000] [id=4732]
  0x000001ce3dcb0000 ConcurrentGCThread "G1 Refine#0" [stack: 0x0000004b81e00000,0x0000004b81f00000] [id=11120]
  0x000001ce54590800 ConcurrentGCThread "G1 Young RemSet Sampling" [stack: 0x0000004b81f00000,0x0000004b82000000] [id=4012]

Threads with active compile tasks:
C2 CompilerThread2   2762 1221 %     4       kotlin.UnsignedKt::ulongCompare @ 179 (12 bytes)

VM state:not at safepoint (normal execution)

VM Mutex/Monitor currently owned by a thread: None

Heap address: 0x00000000e0000000, size: 512 MB, Compressed Oops mode: 32-bit
Narrow klass base: 0x0000000000000000, Narrow klass shift: 3
Compressed class space size: 1073741824 Address: 0x0000000100000000

Heap:
 garbage-first heap   total 129024K, used 36043K [0x00000000e0000000, 0x0000000100000000)
  region size 1024K, 32 young (32768K), 1 survivors (1024K)
 Metaspace       used 13503K, capacity 13772K, committed 13824K, reserved 1060864K
  class space    used 1440K, capacity 1525K, committed 1536K, reserved 1048576K
Heap Regions: E=young(eden), S=young(survivor), O=old, HS=humongous(starts), HC=humongous(continues), CS=collection set, F=free, A=archive, TAMS=top-at-mark-start (previous, next)
|   0|0x00000000e0000000, 0x00000000e0100000, 0x00000000e0100000|100%| O|  |TAMS 0x00000000e0000000, 0x00000000e0000000| Untracked 
|   1|0x00000000e0100000, 0x00000000e0200000, 0x00000000e0200000|100%| O|  |TAMS 0x00000000e0100000, 0x00000000e0100000| Untracked 
|   2|0x00000000e0200000, 0x00000000e0300000, 0x00000000e0300000|100%| O|  |TAMS 0x00000000e0200000, 0x00000000e0200000| Untracked 
|   3|0x00000000e0300000, 0x00000000e0400000, 0x00000000e0400000|100%| O|  |TAMS 0x00000000e0300000, 0x00000000e0300000| Untracked 
|   4|0x00000000e0400000, 0x00000000e0500000, 0x00000000e0500000|100%| O|  |TAMS 0x00000000e0400000, 0x00000000e0400000| Untracked 
|   5|0x00000000e0500000, 0x00000000e0502200, 0x00000000e0600000|  0%| O|  |TAMS 0x00000000e0500000, 0x00000000e0500000| Untracked 
|   6|0x00000000e0600000, 0x00000000e0600000, 0x00000000e0700000|  0%| F|  |TAMS 0x00000000e0600000, 0x00000000e0600000| Untracked 
|   7|0x00000000e0700000, 0x00000000e0700000, 0x00000000e0800000|  0%| F|  |TAMS 0x00000000e0700000, 0x00000000e0700000| Untracked 
|   8|0x00000000e0800000, 0x00000000e0800000, 0x00000000e0900000|  0%| F|  |TAMS 0x00000000e0800000, 0x00000000e0800000| Untracked 
|   9|0x00000000e0900000, 0x00000000e0900000, 0x00000000e0a00000|  0%| F|  |TAMS 0x00000000e0900000, 0x00000000e0900000| Untracked 
|  10|0x00000000e0a00000, 0x00000000e0a00000, 0x00000000e0b00000|  0%| F|  |TAMS 0x00000000e0a00000, 0x00000000e0a00000| Untracked 
|  11|0x00000000e0b00000, 0x00000000e0b00000, 0x00000000e0c00000|  0%| F|  |TAMS 0x00000000e0b00000, 0x00000000e0b00000| Untracked 
|  12|0x00000000e0c00000, 0x00000000e0c00000, 0x00000000e0d00000|  0%| F|  |TAMS 0x00000000e0c00000, 0x00000000e0c00000| Untracked 
|  13|0x00000000e0d00000, 0x00000000e0d00000, 0x00000000e0e00000|  0%| F|  |TAMS 0x00000000e0d00000, 0x00000000e0d00000| Untracked 
|  14|0x00000000e0e00000, 0x00000000e0e00000, 0x00000000e0f00000|  0%| F|  |TAMS 0x00000000e0e00000, 0x00000000e0e00000| Untracked 
|  15|0x00000000e0f00000, 0x00000000e0f00000, 0x00000000e1000000|  0%| F|  |TAMS 0x00000000e0f00000, 0x00000000e0f00000| Untracked 
|  16|0x00000000e1000000, 0x00000000e1000000, 0x00000000e1100000|  0%| F|  |TAMS 0x00000000e1000000, 0x00000000e1000000| Untracked 
|  17|0x00000000e1100000, 0x00000000e1100000, 0x00000000e1200000|  0%| F|  |TAMS 0x00000000e1100000, 0x00000000e1100000| Untracked 
|  18|0x00000000e1200000, 0x00000000e1200000, 0x00000000e1300000|  0%| F|  |TAMS 0x00000000e1200000, 0x00000000e1200000| Untracked 
|  19|0x00000000e1300000, 0x00000000e1300000, 0x00000000e1400000|  0%| F|  |TAMS 0x00000000e1300000, 0x00000000e1300000| Untracked 
|  20|0x00000000e1400000, 0x00000000e1400000, 0x00000000e1500000|  0%| F|  |TAMS 0x00000000e1400000, 0x00000000e1400000| Untracked 
|  21|0x00000000e1500000, 0x00000000e1500000, 0x00000000e1600000|  0%| F|  |TAMS 0x00000000e1500000, 0x00000000e1500000| Untracked 
|  22|0x00000000e1600000, 0x00000000e1600000, 0x00000000e1700000|  0%| F|  |TAMS 0x00000000e1600000, 0x00000000e1600000| Untracked 
|  23|0x00000000e1700000, 0x00000000e1700000, 0x00000000e1800000|  0%| F|  |TAMS 0x00000000e1700000, 0x00000000e1700000| Untracked 
|  24|0x00000000e1800000, 0x00000000e1800000, 0x00000000e1900000|  0%| F|  |TAMS 0x00000000e1800000, 0x00000000e1800000| Untracked 
|  25|0x00000000e1900000, 0x00000000e1900000, 0x00000000e1a00000|  0%| F|  |TAMS 0x00000000e1900000, 0x00000000e1900000| Untracked 
|  26|0x00000000e1a00000, 0x00000000e1a00000, 0x00000000e1b00000|  0%| F|  |TAMS 0x00000000e1a00000, 0x00000000e1a00000| Untracked 
|  27|0x00000000e1b00000, 0x00000000e1b00000, 0x00000000e1c00000|  0%| F|  |TAMS 0x00000000e1b00000, 0x00000000e1b00000| Untracked 
|  28|0x00000000e1c00000, 0x00000000e1c00000, 0x00000000e1d00000|  0%| F|  |TAMS 0x00000000e1c00000, 0x00000000e1c00000| Untracked 
|  29|0x00000000e1d00000, 0x00000000e1d00000, 0x00000000e1e00000|  0%| F|  |TAMS 0x00000000e1d00000, 0x00000000e1d00000| Untracked 
|  30|0x00000000e1e00000, 0x00000000e1e00000, 0x00000000e1f00000|  0%| F|  |TAMS 0x00000000e1e00000, 0x00000000e1e00000| Untracked 
|  31|0x00000000e1f00000, 0x00000000e1f00000, 0x00000000e2000000|  0%| F|  |TAMS 0x00000000e1f00000, 0x00000000e1f00000| Untracked 
|  32|0x00000000e2000000, 0x00000000e2000000, 0x00000000e2100000|  0%| F|  |TAMS 0x00000000e2000000, 0x00000000e2000000| Untracked 
|  33|0x00000000e2100000, 0x00000000e2100000, 0x00000000e2200000|  0%| F|  |TAMS 0x00000000e2100000, 0x00000000e2100000| Untracked 
|  34|0x00000000e2200000, 0x00000000e2200000, 0x00000000e2300000|  0%| F|  |TAMS 0x00000000e2200000, 0x00000000e2200000| Untracked 
|  35|0x00000000e2300000, 0x00000000e2300000, 0x00000000e2400000|  0%| F|  |TAMS 0x00000000e2300000, 0x00000000e2300000| Untracked 
|  36|0x00000000e2400000, 0x00000000e2400000, 0x00000000e2500000|  0%| F|  |TAMS 0x00000000e2400000, 0x00000000e2400000| Untracked 
|  37|0x00000000e2500000, 0x00000000e2500000, 0x00000000e2600000|  0%| F|  |TAMS 0x00000000e2500000, 0x00000000e2500000| Untracked 
|  38|0x00000000e2600000, 0x00000000e2600000, 0x00000000e2700000|  0%| F|  |TAMS 0x00000000e2600000, 0x00000000e2600000| Untracked 
|  39|0x00000000e2700000, 0x00000000e2700000, 0x00000000e2800000|  0%| F|  |TAMS 0x00000000e2700000, 0x00000000e2700000| Untracked 
|  40|0x00000000e2800000, 0x00000000e2800000, 0x00000000e2900000|  0%| F|  |TAMS 0x00000000e2800000, 0x00000000e2800000| Untracked 
|  41|0x00000000e2900000, 0x00000000e2900000, 0x00000000e2a00000|  0%| F|  |TAMS 0x00000000e2900000, 0x00000000e2900000| Untracked 
|  42|0x00000000e2a00000, 0x00000000e2a00000, 0x00000000e2b00000|  0%| F|  |TAMS 0x00000000e2a00000, 0x00000000e2a00000| Untracked 
|  43|0x00000000e2b00000, 0x00000000e2b00000, 0x00000000e2c00000|  0%| F|  |TAMS 0x00000000e2b00000, 0x00000000e2b00000| Untracked 
|  44|0x00000000e2c00000, 0x00000000e2c00000, 0x00000000e2d00000|  0%| F|  |TAMS 0x00000000e2c00000, 0x00000000e2c00000| Untracked 
|  45|0x00000000e2d00000, 0x00000000e2d00000, 0x00000000e2e00000|  0%| F|  |TAMS 0x00000000e2d00000, 0x00000000e2d00000| Untracked 
|  46|0x00000000e2e00000, 0x00000000e2e00000, 0x00000000e2f00000|  0%| F|  |TAMS 0x00000000e2e00000, 0x00000000e2e00000| Untracked 
|  47|0x00000000e2f00000, 0x00000000e2f00000, 0x00000000e3000000|  0%| F|  |TAMS 0x00000000e2f00000, 0x00000000e2f00000| Untracked 
|  48|0x00000000e3000000, 0x00000000e3000000, 0x00000000e3100000|  0%| F|  |TAMS 0x00000000e3000000, 0x00000000e3000000| Untracked 
|  49|0x00000000e3100000, 0x00000000e3100000, 0x00000000e3200000|  0%| F|  |TAMS 0x00000000e3100000, 0x00000000e3100000| Untracked 
|  50|0x00000000e3200000, 0x00000000e3200000, 0x00000000e3300000|  0%| F|  |TAMS 0x00000000e3200000, 0x00000000e3200000| Untracked 
|  51|0x00000000e3300000, 0x00000000e3300000, 0x00000000e3400000|  0%| F|  |TAMS 0x00000000e3300000, 0x00000000e3300000| Untracked 
|  52|0x00000000e3400000, 0x00000000e3400000, 0x00000000e3500000|  0%| F|  |TAMS 0x00000000e3400000, 0x00000000e3400000| Untracked 
|  53|0x00000000e3500000, 0x00000000e3500000, 0x00000000e3600000|  0%| F|  |TAMS 0x00000000e3500000, 0x00000000e3500000| Untracked 
|  54|0x00000000e3600000, 0x00000000e3630ac0, 0x00000000e3700000| 19%| S|CS|TAMS 0x00000000e3600000, 0x00000000e3600000| Complete 
|  55|0x00000000e3700000, 0x00000000e3700000, 0x00000000e3800000|  0%| F|  |TAMS 0x00000000e3700000, 0x00000000e3700000| Untracked 
|  56|0x00000000e3800000, 0x00000000e3800000, 0x00000000e3900000|  0%| F|  |TAMS 0x00000000e3800000, 0x00000000e3800000| Untracked 
|  57|0x00000000e3900000, 0x00000000e3900000, 0x00000000e3a00000|  0%| F|  |TAMS 0x00000000e3900000, 0x00000000e3900000| Untracked 
|  58|0x00000000e3a00000, 0x00000000e3a00000, 0x00000000e3b00000|  0%| F|  |TAMS 0x00000000e3a00000, 0x00000000e3a00000| Untracked 
|  59|0x00000000e3b00000, 0x00000000e3b00000, 0x00000000e3c00000|  0%| F|  |TAMS 0x00000000e3b00000, 0x00000000e3b00000| Untracked 
|  60|0x00000000e3c00000, 0x00000000e3c00000, 0x00000000e3d00000|  0%| F|  |TAMS 0x00000000e3c00000, 0x00000000e3c00000| Untracked 
|  61|0x00000000e3d00000, 0x00000000e3d00000, 0x00000000e3e00000|  0%| F|  |TAMS 0x00000000e3d00000, 0x00000000e3d00000| Untracked 
|  62|0x00000000e3e00000, 0x00000000e3e00000, 0x00000000e3f00000|  0%| F|  |TAMS 0x00000000e3e00000, 0x00000000e3e00000| Untracked 
|  63|0x00000000e3f00000, 0x00000000e3f00000, 0x00000000e4000000|  0%| F|  |TAMS 0x00000000e3f00000, 0x00000000e3f00000| Untracked 
|  64|0x00000000e4000000, 0x00000000e4000000, 0x00000000e4100000|  0%| F|  |TAMS 0x00000000e4000000, 0x00000000e4000000| Untracked 
|  65|0x00000000e4100000, 0x00000000e4100000, 0x00000000e4200000|  0%| F|  |TAMS 0x00000000e4100000, 0x00000000e4100000| Untracked 
|  66|0x00000000e4200000, 0x00000000e4200000, 0x00000000e4300000|  0%| F|  |TAMS 0x00000000e4200000, 0x00000000e4200000| Untracked 
|  67|0x00000000e4300000, 0x00000000e4300000, 0x00000000e4400000|  0%| F|  |TAMS 0x00000000e4300000, 0x00000000e4300000| Untracked 
|  68|0x00000000e4400000, 0x00000000e4400000, 0x00000000e4500000|  0%| F|  |TAMS 0x00000000e4400000, 0x00000000e4400000| Untracked 
|  69|0x00000000e4500000, 0x00000000e4500000, 0x00000000e4600000|  0%| F|  |TAMS 0x00000000e4500000, 0x00000000e4500000| Untracked 
|  70|0x00000000e4600000, 0x00000000e4600000, 0x00000000e4700000|  0%| F|  |TAMS 0x00000000e4600000, 0x00000000e4600000| Untracked 
|  71|0x00000000e4700000, 0x00000000e4700000, 0x00000000e4800000|  0%| F|  |TAMS 0x00000000e4700000, 0x00000000e4700000| Untracked 
|  72|0x00000000e4800000, 0x00000000e4800000, 0x00000000e4900000|  0%| F|  |TAMS 0x00000000e4800000, 0x00000000e4800000| Untracked 
|  73|0x00000000e4900000, 0x00000000e4900000, 0x00000000e4a00000|  0%| F|  |TAMS 0x00000000e4900000, 0x00000000e4900000| Untracked 
|  74|0x00000000e4a00000, 0x00000000e4a00000, 0x00000000e4b00000|  0%| F|  |TAMS 0x00000000e4a00000, 0x00000000e4a00000| Untracked 
|  75|0x00000000e4b00000, 0x00000000e4b00000, 0x00000000e4c00000|  0%| F|  |TAMS 0x00000000e4b00000, 0x00000000e4b00000| Untracked 
|  76|0x00000000e4c00000, 0x00000000e4c00000, 0x00000000e4d00000|  0%| F|  |TAMS 0x00000000e4c00000, 0x00000000e4c00000| Untracked 
|  77|0x00000000e4d00000, 0x00000000e4d00000, 0x00000000e4e00000|  0%| F|  |TAMS 0x00000000e4d00000, 0x00000000e4d00000| Untracked 
|  78|0x00000000e4e00000, 0x00000000e4e00000, 0x00000000e4f00000|  0%| F|  |TAMS 0x00000000e4e00000, 0x00000000e4e00000| Untracked 
|  79|0x00000000e4f00000, 0x00000000e4f00000, 0x00000000e5000000|  0%| F|  |TAMS 0x00000000e4f00000, 0x00000000e4f00000| Untracked 
|  80|0x00000000e5000000, 0x00000000e5000000, 0x00000000e5100000|  0%| F|  |TAMS 0x00000000e5000000, 0x00000000e5000000| Untracked 
|  81|0x00000000e5100000, 0x00000000e5100000, 0x00000000e5200000|  0%| F|  |TAMS 0x00000000e5100000, 0x00000000e5100000| Untracked 
|  82|0x00000000e5200000, 0x00000000e5200000, 0x00000000e5300000|  0%| F|  |TAMS 0x00000000e5200000, 0x00000000e5200000| Untracked 
|  83|0x00000000e5300000, 0x00000000e5300000, 0x00000000e5400000|  0%| F|  |TAMS 0x00000000e5300000, 0x00000000e5300000| Untracked 
|  84|0x00000000e5400000, 0x00000000e5400000, 0x00000000e5500000|  0%| F|  |TAMS 0x00000000e5400000, 0x00000000e5400000| Untracked 
|  85|0x00000000e5500000, 0x00000000e5500000, 0x00000000e5600000|  0%| F|  |TAMS 0x00000000e5500000, 0x00000000e5500000| Untracked 
|  86|0x00000000e5600000, 0x00000000e5600000, 0x00000000e5700000|  0%| F|  |TAMS 0x00000000e5600000, 0x00000000e5600000| Untracked 
|  87|0x00000000e5700000, 0x00000000e5700000, 0x00000000e5800000|  0%| F|  |TAMS 0x00000000e5700000, 0x00000000e5700000| Untracked 
|  88|0x00000000e5800000, 0x00000000e5800000, 0x00000000e5900000|  0%| F|  |TAMS 0x00000000e5800000, 0x00000000e5800000| Untracked 
|  89|0x00000000e5900000, 0x00000000e5900000, 0x00000000e5a00000|  0%| F|  |TAMS 0x00000000e5900000, 0x00000000e5900000| Untracked 
|  90|0x00000000e5a00000, 0x00000000e5a00000, 0x00000000e5b00000|  0%| F|  |TAMS 0x00000000e5a00000, 0x00000000e5a00000| Untracked 
|  91|0x00000000e5b00000, 0x00000000e5b80800, 0x00000000e5c00000| 50%| E|  |TAMS 0x00000000e5b00000, 0x00000000e5b00000| Complete 
|  92|0x00000000e5c00000, 0x00000000e5d00000, 0x00000000e5d00000|100%| E|CS|TAMS 0x00000000e5c00000, 0x00000000e5c00000| Complete 
|  93|0x00000000e5d00000, 0x00000000e5e00000, 0x00000000e5e00000|100%| E|CS|TAMS 0x00000000e5d00000, 0x00000000e5d00000| Complete 
|  94|0x00000000e5e00000, 0x00000000e5f00000, 0x00000000e5f00000|100%| E|CS|TAMS 0x00000000e5e00000, 0x00000000e5e00000| Complete 
|  95|0x00000000e5f00000, 0x00000000e6000000, 0x00000000e6000000|100%| E|CS|TAMS 0x00000000e5f00000, 0x00000000e5f00000| Complete 
|  96|0x00000000e6000000, 0x00000000e6100000, 0x00000000e6100000|100%| E|CS|TAMS 0x00000000e6000000, 0x00000000e6000000| Complete 
|  97|0x00000000e6100000, 0x00000000e6200000, 0x00000000e6200000|100%| E|CS|TAMS 0x00000000e6100000, 0x00000000e6100000| Complete 
|  98|0x00000000e6200000, 0x00000000e6300000, 0x00000000e6300000|100%| E|CS|TAMS 0x00000000e6200000, 0x00000000e6200000| Complete 
|  99|0x00000000e6300000, 0x00000000e6400000, 0x00000000e6400000|100%| E|CS|TAMS 0x00000000e6300000, 0x00000000e6300000| Complete 
| 100|0x00000000e6400000, 0x00000000e6500000, 0x00000000e6500000|100%| E|CS|TAMS 0x00000000e6400000, 0x00000000e6400000| Complete 
| 101|0x00000000e6500000, 0x00000000e6600000, 0x00000000e6600000|100%| E|CS|TAMS 0x00000000e6500000, 0x00000000e6500000| Complete 
| 102|0x00000000e6600000, 0x00000000e6700000, 0x00000000e6700000|100%| E|CS|TAMS 0x00000000e6600000, 0x00000000e6600000| Complete 
| 103|0x00000000e6700000, 0x00000000e6800000, 0x00000000e6800000|100%| E|CS|TAMS 0x00000000e6700000, 0x00000000e6700000| Complete 
| 104|0x00000000e6800000, 0x00000000e6900000, 0x00000000e6900000|100%| E|CS|TAMS 0x00000000e6800000, 0x00000000e6800000| Complete 
| 105|0x00000000e6900000, 0x00000000e6a00000, 0x00000000e6a00000|100%| E|CS|TAMS 0x00000000e6900000, 0x00000000e6900000| Complete 
| 106|0x00000000e6a00000, 0x00000000e6b00000, 0x00000000e6b00000|100%| E|CS|TAMS 0x00000000e6a00000, 0x00000000e6a00000| Complete 
| 107|0x00000000e6b00000, 0x00000000e6c00000, 0x00000000e6c00000|100%| E|CS|TAMS 0x00000000e6b00000, 0x00000000e6b00000| Complete 
| 108|0x00000000e6c00000, 0x00000000e6d00000, 0x00000000e6d00000|100%| E|CS|TAMS 0x00000000e6c00000, 0x00000000e6c00000| Complete 
| 109|0x00000000e6d00000, 0x00000000e6e00000, 0x00000000e6e00000|100%| E|CS|TAMS 0x00000000e6d00000, 0x00000000e6d00000| Complete 
| 110|0x00000000e6e00000, 0x00000000e6f00000, 0x00000000e6f00000|100%| E|CS|TAMS 0x00000000e6e00000, 0x00000000e6e00000| Complete 
| 111|0x00000000e6f00000, 0x00000000e7000000, 0x00000000e7000000|100%| E|CS|TAMS 0x00000000e6f00000, 0x00000000e6f00000| Complete 
| 112|0x00000000e7000000, 0x00000000e7100000, 0x00000000e7100000|100%| E|CS|TAMS 0x00000000e7000000, 0x00000000e7000000| Complete 
| 113|0x00000000e7100000, 0x00000000e7200000, 0x00000000e7200000|100%| E|CS|TAMS 0x00000000e7100000, 0x00000000e7100000| Complete 
| 114|0x00000000e7200000, 0x00000000e7300000, 0x00000000e7300000|100%| E|CS|TAMS 0x00000000e7200000, 0x00000000e7200000| Complete 
| 115|0x00000000e7300000, 0x00000000e7400000, 0x00000000e7400000|100%| E|CS|TAMS 0x00000000e7300000, 0x00000000e7300000| Complete 
| 116|0x00000000e7400000, 0x00000000e7500000, 0x00000000e7500000|100%| E|CS|TAMS 0x00000000e7400000, 0x00000000e7400000| Complete 
| 117|0x00000000e7500000, 0x00000000e7600000, 0x00000000e7600000|100%| E|CS|TAMS 0x00000000e7500000, 0x00000000e7500000| Complete 
| 118|0x00000000e7600000, 0x00000000e7700000, 0x00000000e7700000|100%| E|CS|TAMS 0x00000000e7600000, 0x00000000e7600000| Complete 
| 119|0x00000000e7700000, 0x00000000e7800000, 0x00000000e7800000|100%| E|CS|TAMS 0x00000000e7700000, 0x00000000e7700000| Complete 
| 120|0x00000000e7800000, 0x00000000e7900000, 0x00000000e7900000|100%| E|CS|TAMS 0x00000000e7800000, 0x00000000e7800000| Complete 
| 121|0x00000000e7900000, 0x00000000e7a00000, 0x00000000e7a00000|100%| E|CS|TAMS 0x00000000e7900000, 0x00000000e7900000| Complete 
| 122|0x00000000e7a00000, 0x00000000e7b00000, 0x00000000e7b00000|100%| E|CS|TAMS 0x00000000e7a00000, 0x00000000e7a00000| Complete 
| 123|0x00000000e7b00000, 0x00000000e7c00000, 0x00000000e7c00000|100%| E|CS|TAMS 0x00000000e7b00000, 0x00000000e7b00000| Complete 
| 124|0x00000000e7c00000, 0x00000000e7d00000, 0x00000000e7d00000|100%| E|CS|TAMS 0x00000000e7c00000, 0x00000000e7c00000| Complete 
| 125|0x00000000e7d00000, 0x00000000e7e00000, 0x00000000e7e00000|100%| E|CS|TAMS 0x00000000e7d00000, 0x00000000e7d00000| Complete 

Card table byte_map: [0x000001ce50b00000,0x000001ce50c00000] _byte_map_base: 0x000001ce50400000

Marking Bits (Prev, Next): (CMBitMap*) 0x000001ce3dc1ec78, (CMBitMap*) 0x000001ce3dc1ecb0
 Prev Bits: [0x000001ce50d00000, 0x000001ce51500000)
 Next Bits: [0x000001ce51500000, 0x000001ce51d00000)

Polling page: 0x000001ce3bb70000

Metaspace:

Usage:
  Non-class:     11.96 MB capacity,    11.78 MB ( 98%) used,   165.86 KB (  1%) free+waste,    18.25 KB ( <1%) overhead. 
      Class:      1.49 MB capacity,     1.41 MB ( 94%) used,    76.11 KB (  5%) free+waste,     8.56 KB ( <1%) overhead. 
       Both:     13.45 MB capacity,    13.19 MB ( 98%) used,   241.97 KB (  2%) free+waste,    26.81 KB ( <1%) overhead. 

Virtual space:
  Non-class space:       12.00 MB reserved,      12.00 MB (100%) committed 
      Class space:        1.00 GB reserved,       1.50 MB ( <1%) committed 
             Both:        1.01 GB reserved,      13.50 MB (  1%) committed 

Chunk freelists:
   Non-Class:  41.00 KB
       Class:  11.00 KB
        Both:  52.00 KB

MaxMetaspaceSize: 17179869184.00 GB
CompressedClassSpaceSize: 1.00 GB

CodeHeap 'non-profiled nmethods': size=120000Kb used=757Kb max_used=757Kb free=119242Kb
 bounds [0x000001ce491a0000, 0x000001ce49410000, 0x000001ce506d0000]
CodeHeap 'profiled nmethods': size=120000Kb used=2305Kb max_used=2305Kb free=117694Kb
 bounds [0x000001ce41c70000, 0x000001ce41ee0000, 0x000001ce491a0000]
CodeHeap 'non-nmethods': size=5760Kb used=1092Kb max_used=1161Kb free=4667Kb
 bounds [0x000001ce416d0000, 0x000001ce41940000, 0x000001ce41c70000]
 total_blobs=1621 nmethods=1216 adapters=317
 compilation: enabled
              stopped_count=0, restarted_count=0
 full_count=0

Compilation events (20 events):
Event: 1.892 Thread 0x000001ce55ab4800 nmethod 1204 0x000001ce49240790 code [0x000001ce49240bc0, 0x000001ce492456e0]
Event: 2.548 Thread 0x000001ce5475e000 1212 %     3       com.jeanwest.reader.add.AddProductActivityTest::epcGeneratorTest @ 39 (183 bytes)
Event: 2.549 Thread 0x000001ce5475e000 nmethod 1212% 0x000001ce41eadb90 code [0x000001ce41eade80, 0x000001ce41eaebd8]
Event: 2.564 Thread 0x000001ce5475e000 1213       3       com.jeanwest.reader.add.AddProductActivityTest::epcGeneratorTest (183 bytes)
Event: 2.565 Thread 0x000001ce5475e000 nmethod 1213 0x000001ce41eaf190 code [0x000001ce41eaf480, 0x000001ce41eb0158]
Event: 2.639 Thread 0x000001ce5595c000 nmethod 1211 0x000001ce4924a190 code [0x000001ce4924aac0, 0x000001ce492529e8]
Event: 2.640 Thread 0x000001ce5475b000 1214       4       kotlin.text.Regex::replace (31 bytes)
Event: 2.640 Thread 0x000001ce55ab4800 1215       4       kotlin.text.Regex::<init> (23 bytes)
Event: 2.640 Thread 0x000001ce5595c000 1216       4       java.lang.AbstractStringBuilder::isLatin1 (19 bytes)
Event: 2.641 Thread 0x000001ce5595c000 nmethod 1216 0x000001ce49259090 code [0x000001ce49259220, 0x000001ce49259298]
Event: 2.641 Thread 0x000001ce5595c000 1217       4       java.util.Arrays::copyOf (10 bytes)
Event: 2.642 Thread 0x000001ce5475b000 nmethod 1214 0x000001ce49259310 code [0x000001ce492594c0, 0x000001ce492595d8]
Event: 2.642 Thread 0x000001ce5595c000 nmethod 1217 0x000001ce49259790 code [0x000001ce49259920, 0x000001ce49259b18]
Event: 2.643 Thread 0x000001ce5475b000 1218       4       java.lang.String::format (16 bytes)
Event: 2.643 Thread 0x000001ce5595c000 1219       4       kotlin.text.UStringsKt::toString-JSWoG40 (14 bytes)
Event: 2.645 Thread 0x000001ce55ab4800 nmethod 1215 0x000001ce49259c10 code [0x000001ce49259de0, 0x000001ce4925a118]
Event: 2.645 Thread 0x000001ce55ab4800 1220       4       kotlin.jvm.internal.Intrinsics::stringPlus (19 bytes)
Event: 2.652 Thread 0x000001ce5595c000 nmethod 1219 0x000001ce4925a310 code [0x000001ce4925a4e0, 0x000001ce4925abb8]
Event: 2.654 Thread 0x000001ce5475b000 nmethod 1218 0x000001ce4925af10 code [0x000001ce4925b120, 0x000001ce4925bae8]
Event: 2.660 Thread 0x000001ce5595c000 1221 %     4       kotlin.UnsignedKt::ulongCompare @ 179 (12 bytes)

GC Heap History (20 events):
Event: 1.771 GC heap before
{Heap before GC invocations=4 (full 0):
 garbage-first heap   total 129024K, used 78023K [0x00000000e0000000, 0x0000000100000000)
  region size 1024K, 75 young (76800K), 4 survivors (4096K)
 Metaspace       used 13502K, capacity 13772K, committed 13824K, reserved 1060864K
  class space    used 1440K, capacity 1525K, committed 1536K, reserved 1048576K
}
Event: 1.776 GC heap after
{Heap after GC invocations=5 (full 0):
 garbage-first heap   total 129024K, used 5257K [0x00000000e0000000, 0x0000000100000000)
  region size 1024K, 4 young (4096K), 4 survivors (4096K)
 Metaspace       used 13502K, capacity 13772K, committed 13824K, reserved 1060864K
  class space    used 1440K, capacity 1525K, committed 1536K, reserved 1048576K
}
Event: 1.886 GC heap before
{Heap before GC invocations=5 (full 0):
 garbage-first heap   total 129024K, used 77961K [0x00000000e0000000, 0x0000000100000000)
  region size 1024K, 75 young (76800K), 4 survivors (4096K)
 Metaspace       used 13502K, capacity 13772K, committed 13824K, reserved 1060864K
  class space    used 1440K, capacity 1525K, committed 1536K, reserved 1048576K
}
Event: 1.891 GC heap after
{Heap after GC invocations=6 (full 0):
 garbage-first heap   total 129024K, used 5267K [0x00000000e0000000, 0x0000000100000000)
  region size 1024K, 4 young (4096K), 4 survivors (4096K)
 Metaspace       used 13502K, capacity 13772K, committed 13824K, reserved 1060864K
  class space    used 1440K, capacity 1525K, committed 1536K, reserved 1048576K
}
Event: 2.001 GC heap before
{Heap before GC invocations=6 (full 0):
 garbage-first heap   total 129024K, used 77971K [0x00000000e0000000, 0x0000000100000000)
  region size 1024K, 75 young (76800K), 4 survivors (4096K)
 Metaspace       used 13502K, capacity 13772K, committed 13824K, reserved 1060864K
  class space    used 1440K, capacity 1525K, committed 1536K, reserved 1048576K
}
Event: 2.005 GC heap after
{Heap after GC invocations=7 (full 0):
 garbage-first heap   total 129024K, used 5311K [0x00000000e0000000, 0x0000000100000000)
  region size 1024K, 4 young (4096K), 4 survivors (4096K)
 Metaspace       used 13502K, capacity 13772K, committed 13824K, reserved 1060864K
  class space    used 1440K, capacity 1525K, committed 1536K, reserved 1048576K
}
Event: 2.116 GC heap before
{Heap before GC invocations=7 (full 0):
 garbage-first heap   total 129024K, used 78015K [0x00000000e0000000, 0x0000000100000000)
  region size 1024K, 75 young (76800K), 4 survivors (4096K)
 Metaspace       used 13502K, capacity 13772K, committed 13824K, reserved 1060864K
  class space    used 1440K, capacity 1525K, committed 1536K, reserved 1048576K
}
Event: 2.120 GC heap after
{Heap after GC invocations=8 (full 0):
 garbage-first heap   total 129024K, used 5263K [0x00000000e0000000, 0x0000000100000000)
  region size 1024K, 4 young (4096K), 4 survivors (4096K)
 Metaspace       used 13502K, capacity 13772K, committed 13824K, reserved 1060864K
  class space    used 1440K, capacity 1525K, committed 1536K, reserved 1048576K
}
Event: 2.259 GC heap before
{Heap before GC invocations=8 (full 0):
 garbage-first heap   total 129024K, used 77967K [0x00000000e0000000, 0x0000000100000000)
  region size 1024K, 75 young (76800K), 4 survivors (4096K)
 Metaspace       used 13502K, capacity 13772K, committed 13824K, reserved 1060864K
  class space    used 1440K, capacity 1525K, committed 1536K, reserved 1048576K
}
Event: 2.263 GC heap after
{Heap after GC invocations=9 (full 0):
 garbage-first heap   total 129024K, used 5365K [0x00000000e0000000, 0x0000000100000000)
  region size 1024K, 4 young (4096K), 4 survivors (4096K)
 Metaspace       used 13502K, capacity 13772K, committed 13824K, reserved 1060864K
  class space    used 1440K, capacity 1525K, committed 1536K, reserved 1048576K
}
Event: 2.347 GC heap before
{Heap before GC invocations=9 (full 0):
 garbage-first heap   total 129024K, used 78069K [0x00000000e0000000, 0x0000000100000000)
  region size 1024K, 75 young (76800K), 4 survivors (4096K)
 Metaspace       used 13502K, capacity 13772K, committed 13824K, reserved 1060864K
  class space    used 1440K, capacity 1525K, committed 1536K, reserved 1048576K
}
Event: 2.350 GC heap after
{Heap after GC invocations=10 (full 0):
 garbage-first heap   total 129024K, used 5324K [0x00000000e0000000, 0x0000000100000000)
  region size 1024K, 4 young (4096K), 4 survivors (4096K)
 Metaspace       used 13502K, capacity 13772K, committed 13824K, reserved 1060864K
  class space    used 1440K, capacity 1525K, committed 1536K, reserved 1048576K
}
Event: 2.420 GC heap before
{Heap before GC invocations=10 (full 0):
 garbage-first heap   total 129024K, used 78028K [0x00000000e0000000, 0x0000000100000000)
  region size 1024K, 75 young (76800K), 4 survivors (4096K)
 Metaspace       used 13502K, capacity 13772K, committed 13824K, reserved 1060864K
  class space    used 1440K, capacity 1525K, committed 1536K, reserved 1048576K
}
Event: 2.423 GC heap after
{Heap after GC invocations=11 (full 0):
 garbage-first heap   total 129024K, used 5405K [0x00000000e0000000, 0x0000000100000000)
  region size 1024K, 4 young (4096K), 4 survivors (4096K)
 Metaspace       used 13502K, capacity 13772K, committed 13824K, reserved 1060864K
  class space    used 1440K, capacity 1525K, committed 1536K, reserved 1048576K
}
Event: 2.488 GC heap before
{Heap before GC invocations=11 (full 0):
 garbage-first heap   total 129024K, used 78109K [0x00000000e0000000, 0x0000000100000000)
  region size 1024K, 75 young (76800K), 4 survivors (4096K)
 Metaspace       used 13502K, capacity 13772K, committed 13824K, reserved 1060864K
  class space    used 1440K, capacity 1525K, committed 1536K, reserved 1048576K
}
Event: 2.492 GC heap after
{Heap after GC invocations=12 (full 0):
 garbage-first heap   total 129024K, used 5521K [0x00000000e0000000, 0x0000000100000000)
  region size 1024K, 4 young (4096K), 4 survivors (4096K)
 Metaspace       used 13502K, capacity 13772K, committed 13824K, reserved 1060864K
  class space    used 1440K, capacity 1525K, committed 1536K, reserved 1048576K
}
Event: 2.558 GC heap before
{Heap before GC invocations=12 (full 0):
 garbage-first heap   total 129024K, used 78225K [0x00000000e0000000, 0x0000000100000000)
  region size 1024K, 75 young (76800K), 4 survivors (4096K)
 Metaspace       used 13503K, capacity 13772K, committed 13824K, reserved 1060864K
  class space    used 1440K, capacity 1525K, committed 1536K, reserved 1048576K
}
Event: 2.560 GC heap after
{Heap after GC invocations=13 (full 0):
 garbage-first heap   total 129024K, used 5518K [0x00000000e0000000, 0x0000000100000000)
  region size 1024K, 4 young (4096K), 4 survivors (4096K)
 Metaspace       used 13503K, capacity 13772K, committed 13824K, reserved 1060864K
  class space    used 1440K, capacity 1525K, committed 1536K, reserved 1048576K
}
Event: 2.621 GC heap before
{Heap before GC invocations=13 (full 0):
 garbage-first heap   total 129024K, used 78222K [0x00000000e0000000, 0x0000000100000000)
  region size 1024K, 75 young (76800K), 4 survivors (4096K)
 Metaspace       used 13503K, capacity 13772K, committed 13824K, reserved 1060864K
  class space    used 1440K, capacity 1525K, committed 1536K, reserved 1048576K
}
Event: 2.624 GC heap after
{Heap after GC invocations=14 (full 0):
 garbage-first heap   total 129024K, used 5260K [0x00000000e0000000, 0x0000000100000000)
  region size 1024K, 4 young (4096K), 4 survivors (4096K)
 Metaspace       used 13503K, capacity 13772K, committed 13824K, reserved 1060864K
  class space    used 1440K, capacity 1525K, committed 1536K, reserved 1048576K
}

Deoptimization events (20 events):
Event: 0.850 Thread 0x000001ce556bd800 Uncommon trap: trap_request=0xffffffde fr.pc=0x000001ce491d5298 relative=0x0000000000000d78
Event: 0.850 Thread 0x000001ce556bd800 Uncommon trap: reason=class_check action=maybe_recompile pc=0x000001ce491d5298 method=java.util.HashMap.putVal(ILjava/lang/Object;Ljava/lang/Object;ZZ)Ljava/lang/Object; @ 91 c2
Event: 0.850 Thread 0x000001ce556bd800 DEOPT PACKING pc=0x000001ce491d5298 sp=0x0000004b82cfd0e0
Event: 0.850 Thread 0x000001ce556bd800 DEOPT UNPACKING pc=0x000001ce416f78af sp=0x0000004b82cfd080 mode 2
Event: 0.850 Thread 0x000001ce556bd800 Uncommon trap: trap_request=0xffffffde fr.pc=0x000001ce491d5298 relative=0x0000000000000d78
Event: 0.850 Thread 0x000001ce556bd800 Uncommon trap: reason=class_check action=maybe_recompile pc=0x000001ce491d5298 method=java.util.HashMap.putVal(ILjava/lang/Object;Ljava/lang/Object;ZZ)Ljava/lang/Object; @ 91 c2
Event: 0.850 Thread 0x000001ce556bd800 DEOPT PACKING pc=0x000001ce491d5298 sp=0x0000004b82cfd0e0
Event: 0.850 Thread 0x000001ce556bd800 DEOPT UNPACKING pc=0x000001ce416f78af sp=0x0000004b82cfd080 mode 2
Event: 0.850 Thread 0x000001ce556bd800 Uncommon trap: trap_request=0xffffffde fr.pc=0x000001ce491d5298 relative=0x0000000000000d78
Event: 0.850 Thread 0x000001ce556bd800 Uncommon trap: reason=class_check action=maybe_recompile pc=0x000001ce491d5298 method=java.util.HashMap.putVal(ILjava/lang/Object;Ljava/lang/Object;ZZ)Ljava/lang/Object; @ 91 c2
Event: 0.850 Thread 0x000001ce556bd800 DEOPT PACKING pc=0x000001ce491d5298 sp=0x0000004b82cfd0e0
Event: 0.850 Thread 0x000001ce556bd800 DEOPT UNPACKING pc=0x000001ce416f78af sp=0x0000004b82cfd080 mode 2
Event: 0.853 Thread 0x000001ce556bd800 DEOPT PACKING pc=0x000001ce41cc117f sp=0x0000004b82cfae50
Event: 0.853 Thread 0x000001ce556bd800 DEOPT UNPACKING pc=0x000001ce416f76ce sp=0x0000004b82cfa2c8 mode 0
Event: 0.859 Thread 0x000001ce556bd800 DEOPT PACKING pc=0x000001ce41cc117f sp=0x0000004b82cfb310
Event: 0.859 Thread 0x000001ce556bd800 DEOPT UNPACKING pc=0x000001ce416f76ce sp=0x0000004b82cfa760 mode 0
Event: 0.871 Thread 0x000001ce556bd800 Uncommon trap: trap_request=0xffffff4d fr.pc=0x000001ce491d5d44 relative=0x0000000000000284
Event: 0.871 Thread 0x000001ce556bd800 Uncommon trap: reason=unstable_if action=reinterpret pc=0x000001ce491d5d44 method=java.util.concurrent.ConcurrentHashMap.get(Ljava/lang/Object;)Ljava/lang/Object; @ 152 c2
Event: 0.871 Thread 0x000001ce556bd800 DEOPT PACKING pc=0x000001ce491d5d44 sp=0x0000004b82cfad80
Event: 0.871 Thread 0x000001ce556bd800 DEOPT UNPACKING pc=0x000001ce416f78af sp=0x0000004b82cface8 mode 2

Classes redefined (0 events):
No events

Internal exceptions (15 events):
Event: 0.336 Thread 0x000001ce3dbf9000 Exception <a 'java/security/PrivilegedActionException'{0x00000000e78b0e28}> (0x00000000e78b0e28) thrown at [./src/hotspot/share/prims/jvm.cpp, line 1306]
Event: 0.336 Thread 0x000001ce3dbf9000 Exception <a 'java/security/PrivilegedActionException'{0x00000000e78b13a0}> (0x00000000e78b13a0) thrown at [./src/hotspot/share/prims/jvm.cpp, line 1306]
Event: 0.336 Thread 0x000001ce3dbf9000 Exception <a 'java/security/PrivilegedActionException'{0x00000000e78b3240}> (0x00000000e78b3240) thrown at [./src/hotspot/share/prims/jvm.cpp, line 1306]
Event: 0.336 Thread 0x000001ce3dbf9000 Exception <a 'java/security/PrivilegedActionException'{0x00000000e78b37b8}> (0x00000000e78b37b8) thrown at [./src/hotspot/share/prims/jvm.cpp, line 1306]
Event: 0.357 Thread 0x000001ce3dbf9000 Exception <a 'java/security/PrivilegedActionException'{0x00000000e77e1f00}> (0x00000000e77e1f00) thrown at [./src/hotspot/share/prims/jvm.cpp, line 1306]
Event: 0.357 Thread 0x000001ce3dbf9000 Exception <a 'java/security/PrivilegedActionException'{0x00000000e77e2478}> (0x00000000e77e2478) thrown at [./src/hotspot/share/prims/jvm.cpp, line 1306]
Event: 0.389 Thread 0x000001ce3dbf9000 Exception <a 'java/lang/NoSuchMethodError'{0x00000000e7578290}: 'java.lang.Object java.lang.invoke.DirectMethodHandle$Holder.invokeVirtual(java.lang.Object, java.lang.Object, java.lang.Object, java.lang.Object, java.lang.Object, java.lang.Object, java.lang.Object)'> (0x00000000e7578290) thrown at [./src/hotspot/share/interpreter/linkResolver.cpp, line 773]
Event: 0.391 Thread 0x000001ce3dbf9000 Exception <a 'java/lang/NoSuchMethodError'{0x00000000e7586418}: 'java.lang.Object java.lang.invoke.Invokers$Holder.invoker(java.lang.Object, java.lang.Object, java.lang.Object)'> (0x00000000e7586418) thrown at [./src/hotspot/share/interpreter/linkResolver.cpp, line 773]
Event: 0.393 Thread 0x000001ce3dbf9000 Exception <a 'java/lang/NoSuchMethodError'{0x00000000e7596dc0}: 'void java.lang.invoke.DelegatingMethodHandle$Holder.delegate(java.lang.Object, java.lang.Object, int, java.lang.Object)'> (0x00000000e7596dc0) thrown at [./src/hotspot/share/interpreter/linkResolver.cpp, line 773]
Event: 0.473 Thread 0x000001ce3dbf9000 Exception <a 'java/lang/NoSuchMethodError'{0x00000000e73a66f8}: <clinit>> (0x00000000e73a66f8) thrown at [./src/hotspot/share/prims/jni.cpp, line 1362]
Event: 0.474 Thread 0x000001ce3dbf9000 Exception <a 'java/lang/NoSuchMethodError'{0x00000000e73aefa8}: <clinit>> (0x00000000e73aefa8) thrown at [./src/hotspot/share/prims/jni.cpp, line 1362]
Event: 0.475 Thread 0x000001ce3dbf9000 Exception <a 'java/lang/NoSuchMethodError'{0x00000000e73b7460}: <clinit>> (0x00000000e73b7460) thrown at [./src/hotspot/share/prims/jni.cpp, line 1362]
Event: 0.558 Thread 0x000001ce3dbf9000 Exception <a 'java/lang/NoSuchMethodError'{0x00000000e703b420}: 'java.lang.Object java.lang.invoke.DirectMethodHandle$Holder.invokeStaticInit(java.lang.Object, int, int, int, int)'> (0x00000000e703b420) thrown at [./src/hotspot/share/interpreter/linkResolver.cpp, line 773]
Event: 0.790 Thread 0x000001ce3dbf9000 Exception <a 'java/lang/NoSuchMethodError'{0x00000000e7063720}: 'java.lang.Object java.lang.invoke.DirectMethodHandle$Holder.invokeStaticInit(java.lang.Object, java.lang.Object, int, int, int, int)'> (0x00000000e7063720) thrown at [./src/hotspot/share/interpreter/linkResolver.cpp, line 773]
Event: 0.887 Thread 0x000001ce556bd800 Exception <a 'java/lang/NoSuchMethodError'{0x00000000e6c601b0}: 'int java.lang.invoke.DirectMethodHandle$Holder.invokeSpecialIFC(java.lang.Object, java.lang.Object, int)'> (0x00000000e6c601b0) thrown at [./src/hotspot/share/interpreter/linkResolver.cpp, line 773]

Events (20 events):
Event: 1.771 Executing VM operation: G1CollectForAllocation
Event: 1.776 Executing VM operation: G1CollectForAllocation done
Event: 1.886 Executing VM operation: G1CollectForAllocation
Event: 1.891 Executing VM operation: G1CollectForAllocation done
Event: 2.000 Executing VM operation: G1CollectForAllocation
Event: 2.005 Executing VM operation: G1CollectForAllocation done
Event: 2.116 Executing VM operation: G1CollectForAllocation
Event: 2.120 Executing VM operation: G1CollectForAllocation done
Event: 2.259 Executing VM operation: G1CollectForAllocation
Event: 2.263 Executing VM operation: G1CollectForAllocation done
Event: 2.347 Executing VM operation: G1CollectForAllocation
Event: 2.350 Executing VM operation: G1CollectForAllocation done
Event: 2.420 Executing VM operation: G1CollectForAllocation
Event: 2.423 Executing VM operation: G1CollectForAllocation done
Event: 2.488 Executing VM operation: G1CollectForAllocation
Event: 2.492 Executing VM operation: G1CollectForAllocation done
Event: 2.558 Executing VM operation: G1CollectForAllocation
Event: 2.560 Executing VM operation: G1CollectForAllocation done
Event: 2.621 Executing VM operation: G1CollectForAllocation
Event: 2.624 Executing VM operation: G1CollectForAllocation done


Dynamic libraries:
0x00007ff737700000 - 0x00007ff73770a000 	C:\Program Files\Android\Android Studio\jre\bin\java.exe
0x00007ffc552c0000 - 0x00007ffc554b0000 	C:\windows\SYSTEM32\ntdll.dll
0x00007ffc550c0000 - 0x00007ffc55172000 	C:\windows\System32\KERNEL32.DLL
0x00007ffc530c0000 - 0x00007ffc53365000 	C:\windows\System32\KERNELBASE.dll
0x00007ffc52c20000 - 0x00007ffc52d1a000 	C:\windows\System32\ucrtbase.dll
0x00007ffc391c0000 - 0x00007ffc391d9000 	C:\Program Files\Android\Android Studio\jre\bin\jli.dll
0x00007ffc391a0000 - 0x00007ffc391b7000 	C:\Program Files\Android\Android Studio\jre\bin\VCRUNTIME140.dll
0x00007ffc53e70000 - 0x00007ffc54004000 	C:\windows\System32\USER32.dll
0x00007ffc36b10000 - 0x00007ffc36d94000 	C:\windows\WinSxS\amd64_microsoft.windows.common-controls_6595b64144ccf1df_6.0.18362.1556_none_9e7e372fe45e41d5\COMCTL32.dll
0x00007ffc54de0000 - 0x00007ffc54e7e000 	C:\windows\System32\msvcrt.dll
0x00007ffc52340000 - 0x00007ffc52361000 	C:\windows\System32\win32u.dll
0x00007ffc53370000 - 0x00007ffc53396000 	C:\windows\System32\GDI32.dll
0x00007ffc54450000 - 0x00007ffc54786000 	C:\windows\System32\combase.dll
0x00007ffc52d20000 - 0x00007ffc52eb8000 	C:\windows\System32\gdi32full.dll
0x00007ffc53cb0000 - 0x00007ffc53dcf000 	C:\windows\System32\RPCRT4.dll
0x00007ffc53020000 - 0x00007ffc530be000 	C:\windows\System32\msvcp_win.dll
0x00007ffc52230000 - 0x00007ffc522b1000 	C:\windows\System32\bcryptPrimitives.dll
0x00007ffc54010000 - 0x00007ffc5403e000 	C:\windows\System32\IMM32.DLL
0x00007ffc2dca0000 - 0x00007ffc2dd3d000 	C:\Program Files\Android\Android Studio\jre\bin\msvcp140.dll
0x00007ffc0d8d0000 - 0x00007ffc0e39f000 	C:\Program Files\Android\Android Studio\jre\bin\server\jvm.dll
0x00007ffc533a0000 - 0x00007ffc53443000 	C:\windows\System32\ADVAPI32.dll
0x00007ffc53dd0000 - 0x00007ffc53e67000 	C:\windows\System32\sechost.dll
0x00007ffc54440000 - 0x00007ffc54448000 	C:\windows\System32\PSAPI.DLL
0x00007ffc37480000 - 0x00007ffc37489000 	C:\windows\SYSTEM32\WSOCK32.dll
0x00007ffc4cdd0000 - 0x00007ffc4cdf4000 	C:\windows\SYSTEM32\WINMM.dll
0x00007ffc4a320000 - 0x00007ffc4a32a000 	C:\windows\SYSTEM32\VERSION.dll
0x00007ffc543d0000 - 0x00007ffc5443f000 	C:\windows\System32\WS2_32.dll
0x00007ffc4caf0000 - 0x00007ffc4cb1d000 	C:\windows\SYSTEM32\winmmbase.dll
0x00007ffc522f0000 - 0x00007ffc5233a000 	C:\windows\System32\cfgmgr32.dll
0x00007ffc521c0000 - 0x00007ffc521d1000 	C:\windows\System32\kernel.appcore.dll
0x00007ffc4eb00000 - 0x00007ffc4eb11000 	C:\Program Files\Android\Android Studio\jre\bin\verify.dll
0x00007ffc4b850000 - 0x00007ffc4ba44000 	C:\windows\SYSTEM32\DBGHELP.DLL
0x00007ffc36ae0000 - 0x00007ffc36b0a000 	C:\windows\SYSTEM32\dbgcore.DLL
0x00007ffc4ead0000 - 0x00007ffc4eaf9000 	C:\Program Files\Android\Android Studio\jre\bin\java.dll
0x00007ffc4eac0000 - 0x00007ffc4eacb000 	C:\Program Files\Android\Android Studio\jre\bin\jimage.dll
0x00007ffc4eaa0000 - 0x00007ffc4eab8000 	C:\Program Files\Android\Android Studio\jre\bin\zip.dll
0x00007ffc53460000 - 0x00007ffc53b47000 	C:\windows\System32\SHELL32.dll
0x00007ffc54180000 - 0x00007ffc54228000 	C:\windows\System32\shcore.dll
0x00007ffc52440000 - 0x00007ffc52bbb000 	C:\windows\System32\windows.storage.dll
0x00007ffc521a0000 - 0x00007ffc521be000 	C:\windows\System32\profapi.dll
0x00007ffc521e0000 - 0x00007ffc5222a000 	C:\windows\System32\powrprof.dll
0x00007ffc52170000 - 0x00007ffc52180000 	C:\windows\System32\UMPDC.dll
0x00007ffc55060000 - 0x00007ffc550b2000 	C:\windows\System32\shlwapi.dll
0x00007ffc52370000 - 0x00007ffc52387000 	C:\windows\System32\cryptsp.dll
0x00007ffc4de80000 - 0x00007ffc4de9a000 	C:\Program Files\Android\Android Studio\jre\bin\net.dll
0x00007ffc4b750000 - 0x00007ffc4b84a000 	C:\windows\SYSTEM32\WINHTTP.dll
0x00007ffc51900000 - 0x00007ffc51967000 	C:\windows\system32\mswsock.dll
0x00007ffc4de60000 - 0x00007ffc4de74000 	C:\Program Files\Android\Android Studio\jre\bin\nio.dll
0x00007ffc51490000 - 0x00007ffc514c3000 	C:\windows\system32\rsaenh.dll
0x00007ffc522c0000 - 0x00007ffc522e6000 	C:\windows\System32\bcrypt.dll
0x00007ffc52090000 - 0x00007ffc520b5000 	C:\windows\SYSTEM32\USERENV.dll
0x00007ffc51a80000 - 0x00007ffc51a8c000 	C:\windows\SYSTEM32\CRYPTBASE.dll
0x00007ffc51620000 - 0x00007ffc5165a000 	C:\windows\SYSTEM32\IPHLPAPI.DLL
0x00007ffc54e80000 - 0x00007ffc54e88000 	C:\windows\System32\NSI.dll
0x00007ffc4ded0000 - 0x00007ffc4dee6000 	C:\windows\SYSTEM32\dhcpcsvc6.DLL
0x00007ffc4d940000 - 0x00007ffc4d95c000 	C:\windows\SYSTEM32\dhcpcsvc.DLL
0x00007ffc51660000 - 0x00007ffc5172b000 	C:\windows\SYSTEM32\DNSAPI.dll

dbghelp: loaded successfully - version: 4.0.5 - missing functions: none
symbol engine: initialized successfully - sym options: 0x614 - pdb path: .;C:\Program Files\Android\Android Studio\jre\bin;C:\windows\SYSTEM32;C:\windows\WinSxS\amd64_microsoft.windows.common-controls_6595b64144ccf1df_6.0.18362.1556_none_9e7e372fe45e41d5;C:\Program Files\Android\Android Studio\jre\bin\server

VM Arguments:
jvm_args: -Djava.awt.headless=true -Dorg.gradle.internal.worker.tmpdir=C:\Users\a.askarinejad\StudioProjects\RFIDKotlin\app\build\tmp\testDebugUnitTest\work -Dorg.gradle.native=false --add-opens=java.base/java.util=ALL-UNNAMED --add-opens=java.base/java.lang=ALL-UNNAMED -Xmx512m -Dfile.encoding=UTF-8 -Duser.country=US -Duser.language=en -Duser.variant -ea 
java_command: worker.org.gradle.process.internal.worker.GradleWorkerMain 'Gradle Test Executor 6'
java_class_path (initial): C:\\Users\\a.askarinejad\\.gradle\\caches\\7.0.2\\workerMain\\gradle-worker.jar;C:\\Users\\a.askarinejad\\StudioProjects\\RFIDKotlin\\app\\build\\intermediates\\javac\\debugUnitTest\\classes;C:\\Users\\a.askarinejad\\StudioProjects\\RFIDKotlin\\app\\build\\tmp\\kotlin-classes\\debugUnitTest;C:\\Users\\a.askarinejad\\StudioProjects\\RFIDKotlin\\app\\build\\intermediates\\java_res\\debugUnitTest\\out;C:\\Users\\a.askarinejad\\StudioProjects\\RFIDKotlin\\app\\build\\intermediates\\app_classes\\debug\\classes.jar;C:\\Users\\a.askarinejad\\.gradle\\caches\\transforms-3\\0828036921e985e03d59df757011b537\\transformed\\jetified-cw-deviceapi20191022.jar;C:\\Users\\a.askarinejad\\.gradle\\caches\\transforms-3\\140fddd47818d864fe59ea93057e9990\\transformed\\jetified-IGLBarDecoder.jar;C:\\Users\\a.askarinejad\\.gradle\\caches\\transforms-3\\a8307934a4ec3ec138455a6cb382c9c8\\transformed\\jetified-jxl.jar;C:\\Users\\a.askarinejad\\.gradle\\caches\\transforms-3\\7eb798931aaaa5f0b973d133fe169d45\\transformed\\jetified-xUtils-2.5.5.jar;C:\\Users\\a.askarinejad\\.gradle\\caches\\transforms-3\\f1cea7572ec315180e764baa64f30630\\transformed\\jetified-junit-4.13.2.jar;C:\\Users\\a.askarinejad\\.gradle\\caches\\transforms-3\\7579674c14f663c13b752703b4d31771\\transformed\\jetified-core-ktx-1.6.0-runtime.jar;C:\\Users\\a.askarinejad\\.gradle\\caches\\transforms-3\\2c239af9d49139770688cbd91f17863c\\transformed\\jetified-circularprogressbar-3.1.0-runtime.jar;C:\\Users\\a.askarinejad\\.gradle\\caches\\transforms-3\\92ec00445d2bea6b6fcbdf8d1aff33f8\\transformed\\jetified-kotlinx-coroutines-android-1.3.9.jar;C:\\Users\\a.askarinejad\\.gradle\\caches\\transforms-3\\523d08321850437a5fed5a73586bfd34\\transformed\\jetified-kotlinx-coroutines-core-jvm-1.3.9.jar;C:\\Users\\a.askarinejad\\.gradle\\caches\\transforms-3\\ef3eb3c2b6abb790508c1af4558527e3\\transformed\\jetified-kotlin-stdlib-1.5.21.jar;C:\\Users\\a.askarinejad\\.gradle\\caches\\transforms-3\\de7cdd9c3743fd81965
Launcher Type: SUN_STANDARD

[Global flags]
     intx CICompilerCount                          = 4                                         {product} {ergonomic}
     uint ConcGCThreads                            = 2                                         {product} {ergonomic}
     uint G1ConcRefinementThreads                  = 8                                         {product} {ergonomic}
   size_t G1HeapRegionSize                         = 1048576                                   {product} {ergonomic}
    uintx GCDrainStackTargetSize                   = 64                                        {product} {ergonomic}
   size_t InitialHeapSize                          = 132120576                                 {product} {ergonomic}
   size_t MarkStackSize                            = 4194304                                   {product} {ergonomic}
   size_t MaxHeapSize                              = 536870912                                 {product} {command line}
   size_t MaxNewSize                               = 321912832                                 {product} {ergonomic}
   size_t MinHeapDeltaBytes                        = 1048576                                   {product} {ergonomic}
    uintx NonNMethodCodeHeapSize                   = 5836300                                {pd product} {ergonomic}
    uintx NonProfiledCodeHeapSize                  = 122910970                              {pd product} {ergonomic}
    uintx ProfiledCodeHeapSize                     = 122910970                              {pd product} {ergonomic}
    uintx ReservedCodeCacheSize                    = 251658240                              {pd product} {ergonomic}
     bool SegmentedCodeCache                       = true                                      {product} {ergonomic}
     bool UseCompressedClassPointers               = true                                 {lp64_product} {ergonomic}
     bool UseCompressedOops                        = true                                 {lp64_product} {ergonomic}
     bool UseG1GC                                  = true                                      {product} {ergonomic}
     bool UseLargePagesIndividualAllocation        = false                                  {pd product} {ergonomic}

Logging:
Log output configuration:
 #0: stdout all=warning uptime,level,tags
 #1: stderr all=off uptime,level,tags

Environment Variables:
PATH=C:\Program Files (x86)\Common Files\Oracle\Java\javapath;C:\Python39\Scripts\;C:\Python39\;C:\windows\system32;C:\windows;C:\windows\System32\Wbem;C:\windows\System32\WindowsPowerShell\v1.0\;C:\windows\System32\OpenSSH\;C:\ProgramData\chocolatey\bin;C:\Program Files\Git\cmd;C:\Program Files\dotnet\;C:\Users\a.askarinejad\AppData\Local\Microsoft\WindowsApps;;C:\Users\a.askarinejad\AppData\Local\Programs\Microsoft VS Code\bin;C:\Users\a.askarinejad\.dotnet\tools
USERNAME=a.askarinejad
OS=Windows_NT
PROCESSOR_IDENTIFIER=Intel64 Family 6 Model 142 Stepping 11, GenuineIntel



---------------  S Y S T E M  ---------------

OS: Windows 10 , 64 bit Build 18362 (10.0.18362.1500)
OS uptime: 0 days 1:23 hours
Hyper-V role detected

CPU:total 8 (initial active 8) (4 cores per cpu, 2 threads per core) family 6 model 142 stepping 11 microcode 0xde, cmov, cx8, fxsr, mmx, sse, sse2, sse3, ssse3, sse4.1, sse4.2, popcnt, avx, avx2, clmul, erms, 3dnowpref, lzcnt, ht, tsc, tscinvbit, bmi1, bmi2, adx, fma

Memory: 4k page, system-wide physical 8034M (3134M free)
TotalPageFile size 11106M (AvailPageFile size 4466M)
current process WorkingSet (physical memory assigned to process): 193M, peak: 198M
current process commit charge ("private bytes"): 273M, peak: 289M

vm_info: OpenJDK 64-Bit Server VM (11.0.10+0-b96-7249189) for windows-amd64 JRE (11.0.10+0-b96-7249189), built on Mar 31 2021 21:44:00 by "builder" with MS VC++ 14.0 (VS2015)

END.
