#
# A fatal error has been detected by the Java Runtime Environment:
#
#  EXCEPTION_ACCESS_VIOLATION (0xc0000005) at pc=0x00007ffc0d9f6c8d, pid=13464, tid=3456
#
# JRE version: OpenJDK Runtime Environment (11.0.10) (build 11.0.10+0-b96-7249189)
# Java VM: OpenJDK 64-Bit Server VM (11.0.10+0-b96-7249189, mixed mode, tiered, compressed oops, g1 gc, windows-amd64)
# Problematic frame:
# V  [jvm.dll+0x1b6c8d]
#
# No core dump will be written. Minidumps are not enabled by default on client versions of Windows
#
# If you would like to submit a bug report, please visit:
#   https://bugreport.java.com/bugreport/crash.jsp
#

---------------  S U M M A R Y ------------

Command Line: -Djava.awt.headless=true -Dorg.gradle.internal.worker.tmpdir=C:\Users\a.askarinejad\StudioProjects\RFIDKotlin\app\build\tmp\testDebugUnitTest\work -Dorg.gradle.native=false --add-opens=java.base/java.util=ALL-UNNAMED --add-opens=java.base/java.lang=ALL-UNNAMED -Xmx512m -Dfile.encoding=UTF-8 -Duser.country=US -Duser.language=en -Duser.variant -ea worker.org.gradle.process.internal.worker.GradleWorkerMain 'Gradle Test Executor 4'

Host: Intel(R) Core(TM) i5-8265U CPU @ 1.60GHz, 8 cores, 7G,  Windows 10 , 64 bit Build 18362 (10.0.18362.1500)
Time: Tue Aug 24 18:12:37 2021 Iran Daylight Time elapsed time: 2.754399 seconds (0d 0h 0m 2s)

---------------  T H R E A D  ---------------

Current thread (0x000001921c68c000):  JavaThread "C2 CompilerThread2" daemon [_thread_in_native, id=3456, stack(0x00000054ab800000,0x00000054ab900000)]


Current CompileTask:
C2:   2754 1219 %     4       kotlin.UnsignedKt::ulongCompare @ 179 (12 bytes)

Stack: [0x00000054ab800000,0x00000054ab900000],  sp=0x00000054ab8fd3f0,  free space=1012k
Native frames: (J=compiled Java code, j=interpreted, Vv=VM code, C=native code)
V  [jvm.dll+0x1b6c8d]
V  [jvm.dll+0x1b6b03]
V  [jvm.dll+0x1b5d8e]
V  [jvm.dll+0x1a723a]
V  [jvm.dll+0x5ff466]
V  [jvm.dll+0x185d3c]
V  [jvm.dll+0x1fa515]
V  [jvm.dll+0x18354c]
V  [jvm.dll+0x208ee7]
V  [jvm.dll+0x207731]
V  [jvm.dll+0x6eb1cf]
V  [jvm.dll+0x6e3d45]
V  [jvm.dll+0x5ebe96]
C  [ucrtbase.dll+0x210b2]
C  [KERNEL32.DLL+0x17c24]
C  [ntdll.dll+0x6d721]


siginfo: EXCEPTION_ACCESS_VIOLATION (0xc0000005), reading address 0x00000192903ded20


Register to memory mapping:

RIP=0x00007ffc0d9f6c8d jvm.dll
RAX=0x00000192201e45a0 points into unknown readable memory: 0x0000000000000000 | 00 00 00 00 00 00 00 00
RBX=0x00000192201e4520 points into unknown readable memory: 0x00000054ab8ff080 | 80 f0 8f ab 54 00 00 00
RCX=0x00000192201e4520 points into unknown readable memory: 0x00000054ab8ff080 | 80 f0 8f ab 54 00 00 00
RDX=0x000000000e03f4f0 is an unknown value
RSP=0x00000054ab8fd3f0 is pointing into the stack for thread: 0x000001921c68c000
RBP=0x000001921c6f9130 points into unknown readable memory: 0x00000192201e45b0 | b0 45 1e 20 92 01 00 00
RSI=0x00000000701fa780 is an unknown value
RDI=0x00000054ab8ff088 is pointing into the stack for thread: 0x000001921c68c000
R8 =0x000001921c6f9160 points into unknown readable memory: 0x000001921c6f9170 | 70 91 6f 1c 92 01 00 00
R9 =0x000001921c6f9160 points into unknown readable memory: 0x000001921c6f9170 | 70 91 6f 1c 92 01 00 00
R10=0x000001921e2dec90 points into unknown readable memory: 0x000001921bcdc580 | 80 c5 cd 1b 92 01 00 00
R11=0x000001921e2decc0 points into unknown readable memory: 0x00007ffc0e0bde80 | 80 de 0b 0e fc 7f 00 00
R12=0x0 is NULL
R13=0x00000192201e4520 points into unknown readable memory: 0x00000054ab8ff080 | 80 f0 8f ab 54 00 00 00
R14=0x0 is NULL
R15=0x00000000000000f8 is an unknown value


Registers:
RAX=0x00000192201e45a0, RBX=0x00000192201e4520, RCX=0x00000192201e4520, RDX=0x000000000e03f4f0
RSP=0x00000054ab8fd3f0, RBP=0x000001921c6f9130, RSI=0x00000000701fa780, RDI=0x00000054ab8ff088
R8 =0x000001921c6f9160, R9 =0x000001921c6f9160, R10=0x000001921e2dec90, R11=0x000001921e2decc0
R12=0x0000000000000000, R13=0x00000192201e4520, R14=0x0000000000000000, R15=0x00000000000000f8
RIP=0x00007ffc0d9f6c8d, EFLAGS=0x0000000000010246

Top of Stack: (sp=0x00000054ab8fd3f0)
0x00000054ab8fd3f0:   0000000000000000 00007ffc0d9f8ac9
0x00000054ab8fd400:   00000192201e44e0 00000192201e3fc0
0x00000054ab8fd410:   00000000701fa780 00007ffc0d9f7f33
0x00000054ab8fd420:   0000000000000000 000001921c6f57e0
0x00000054ab8fd430:   000001921c6fd7c8 000001921c6f9130
0x00000054ab8fd440:   000001921c5212c0 000001921c6f9160
0x00000054ab8fd450:   00000192201e4520 00007ffc0d9f6b03
0x00000054ab8fd460:   00000054ab8ff088 000001921c6f9130
0x00000054ab8fd470:   000001921c6f9160 000001921c5212c0
0x00000054ab8fd480:   000001921e2dec20 00007ffc0df3d3eb
0x00000054ab8fd490:   00000000000000f8 0000000000000000
0x00000054ab8fd4a0:   00000192201e2f20 0000000000000000
0x00000054ab8fd4b0:   00000000000000b3 00007ffc0d9f5d8e
0x00000054ab8fd4c0:   00000000000083b0 00000192201e4520
0x00000054ab8fd4d0:   000000000000001d 00000192201e2dc0
0x00000054ab8fd4e0:   00000192201e4520 00007ffc0d9e723a 

Instructions: (pc=0x00007ffc0d9f6c8d)
0x00007ffc0d9f6b8d:   48 8b 43 68 33 d2 48 89 50 10 48 8b 43 58 48 85
0x00007ffc0d9f6b9d:   c0 74 1f 48 8b 48 58 48 c7 40 40 ff ff ff ff 48
0x00007ffc0d9f6bad:   89 50 60 88 50 49 48 89 50 58 48 8b c1 48 85 c9
0x00007ffc0d9f6bbd:   75 e1 4c 8b cd 48 89 74 24 20 45 33 c0 49 8b d7
0x00007ffc0d9f6bcd:   48 8b cb e8 7b eb ff ff 48 83 7b 50 00 74 2c 45
0x00007ffc0d9f6bdd:   33 ff 90 48 8b 53 50 4c 8b ce 4c 8b c5 48 8b cb
0x00007ffc0d9f6bed:   48 8b 42 50 48 89 43 50 4c 89 7a 50 44 88 7a 4b
0x00007ffc0d9f6bfd:   e8 6e f9 ff ff 4c 39 7b 50 75 d8 49 83 3e 00 4c
0x00007ffc0d9f6c0d:   8b 7c 24 30 48 8b 74 24 78 48 8b 6c 24 70 48 8b
0x00007ffc0d9f6c1d:   5c 24 68 74 15 48 8b 54 24 60 48 8b cf e8 a1 61
0x00007ffc0d9f6c2d:   f0 ff 49 8b ce e8 49 60 f0 ff 4c 89 77 10 4c 89
0x00007ffc0d9f6c3d:   67 18 4c 89 6f 20 48 83 c4 38 41 5e 41 5d 41 5c
0x00007ffc0d9f6c4d:   5f c3 cc 4c 89 44 24 18 53 56 57 41 54 41 55 41
0x00007ffc0d9f6c5d:   56 48 83 ec 38 48 8b 01 45 33 f6 45 8b e1 4c 8b
0x00007ffc0d9f6c6d:   e9 4d 8b c8 48 8b 38 48 63 c2 48 89 7c 24 70 48
0x00007ffc0d9f6c7d:   8d 34 c5 00 00 00 00 48 8b 41 40 48 89 74 24 20
0x00007ffc0d9f6c8d:   48 8b 1c 06 48 85 db 0f 85 a7 00 00 00 41 83 fc
0x00007ffc0d9f6c9d:   02 75 10 33 c0 48 83 c4 38 41 5e 41 5d 41 5c 5f
0x00007ffc0d9f6cad:   5e 5b c3 48 8b d7 b9 20 00 00 00 e8 13 ca ef ff
0x00007ffc0d9f6cbd:   48 8b d8 48 85 c0 74 69 ba 08 00 00 00 44 89 30
0x00007ffc0d9f6ccd:   48 8b c8 c7 40 04 04 00 00 00 48 89 78 08 c7 40
0x00007ffc0d9f6cdd:   10 14 00 00 00 e8 99 59 18 00 41 8b d6 48 89 43
0x00007ffc0d9f6ced:   18 39 13 7e 19 49 8b ce 4c 8b 43 18 4c 03 c1 74
0x00007ffc0d9f6cfd:   03 4d 89 30 ff c2 48 83 c1 08 3b 13 7c ea 3b 53
0x00007ffc0d9f6d0d:   04 7d 21 48 8b 43 18 48 63 ca 4c 8d 04 c8 4d 85
0x00007ffc0d9f6d1d:   c0 74 05 33 c0 49 89 00 ff c2 3b 53 04 7c e4 eb
0x00007ffc0d9f6d2d:   03 49 8b de 49 8b 45 40 4c 8b 8c 24 80 00 00 00
0x00007ffc0d9f6d3d:   48 89 1c 06 48 89 6c 24 78 4c 89 7c 24 30 41 83
0x00007ffc0d9f6d4d:   fc 01 0f 84 ab 00 00 00 48 63 03 85 c0 0f 8e a0
0x00007ffc0d9f6d5d:   00 00 00 48 8b 7b 18 4c 8b f8 49 8b f6 66 0f 1f
0x00007ffc0d9f6d6d:   44 00 00 48 8b 2f 44 38 75 48 75 64 48 8b 45 30
0x00007ffc0d9f6d7d:   4d 8b 09 4c 8b 00 41 8b 09 49 63 00 85 c9 74 48 


Stack slot to memory mapping:
stack at sp + 0 slots: 0x0 is NULL
stack at sp + 1 slots: 0x00007ffc0d9f8ac9 jvm.dll
stack at sp + 2 slots: 0x00000192201e44e0 points into unknown readable memory: 0x0000000100000000 | 00 00 00 00 01 00 00 00
stack at sp + 3 slots: 0x00000192201e3fc0 points into unknown readable memory: 0x00000192201e3eb0 | b0 3e 1e 20 92 01 00 00
stack at sp + 4 slots: 0x00000000701fa780 is an unknown value
stack at sp + 5 slots: 0x00007ffc0d9f7f33 jvm.dll
stack at sp + 6 slots: 0x0 is NULL
stack at sp + 7 slots: 0x000001921c6f57e0 points into unknown readable memory: 0x0000000000000000 | 00 00 00 00 00 00 00 00


---------------  P R O C E S S  ---------------

Threads class SMR info:
_java_thread_list=0x000001921c5b40d0, length=15, elements={
0x00000192047eb800, 0x000001921b32a000, 0x000001921b32d800, 0x000001921bcb2800,
0x000001921b341000, 0x000001921b345000, 0x000001921b351000, 0x000001921b358000,
0x000001921b359000, 0x000001921bef9000, 0x000001921c442800, 0x000001921bf07000,
0x000001921c514000, 0x000001921c502800, 0x000001921c68c000
}

Java Threads: ( => current thread )
  0x00000192047eb800 JavaThread "main" [_thread_blocked, id=12032, stack(0x00000054aa200000,0x00000054aa300000)]
  0x000001921b32a000 JavaThread "Reference Handler" daemon [_thread_blocked, id=11524, stack(0x00000054aa900000,0x00000054aaa00000)]
  0x000001921b32d800 JavaThread "Finalizer" daemon [_thread_blocked, id=10208, stack(0x00000054aaa00000,0x00000054aab00000)]
  0x000001921bcb2800 JavaThread "Signal Dispatcher" daemon [_thread_blocked, id=12104, stack(0x00000054aab00000,0x00000054aac00000)]
  0x000001921b341000 JavaThread "Attach Listener" daemon [_thread_blocked, id=1100, stack(0x00000054aac00000,0x00000054aad00000)]
  0x000001921b345000 JavaThread "Service Thread" daemon [_thread_blocked, id=11096, stack(0x00000054aad00000,0x00000054aae00000)]
  0x000001921b351000 JavaThread "C2 CompilerThread0" daemon [_thread_blocked, id=6160, stack(0x00000054aae00000,0x00000054aaf00000)]
  0x000001921b358000 JavaThread "C1 CompilerThread0" daemon [_thread_blocked, id=6976, stack(0x00000054aaf00000,0x00000054ab000000)]
  0x000001921b359000 JavaThread "Sweeper thread" daemon [_thread_blocked, id=13328, stack(0x00000054ab000000,0x00000054ab100000)]
  0x000001921bef9000 JavaThread "Common-Cleaner" daemon [_thread_blocked, id=4580, stack(0x00000054ab100000,0x00000054ab200000)]
  0x000001921c442800 JavaThread "Test worker" [_thread_in_Java, id=11716, stack(0x00000054ab500000,0x00000054ab600000)]
  0x000001921bf07000 JavaThread "/127.0.0.1:50313 to /127.0.0.1:50312 workers Thread 2" [_thread_blocked, id=13856, stack(0x00000054ab300000,0x00000054ab400000)]
  0x000001921c514000 JavaThread "/127.0.0.1:50313 to /127.0.0.1:50312 workers Thread 3" [_thread_in_native, id=13672, stack(0x00000054ab600000,0x00000054ab700000)]
  0x000001921c502800 JavaThread "C2 CompilerThread1" daemon [_thread_blocked, id=11952, stack(0x00000054ab700000,0x00000054ab800000)]
=>0x000001921c68c000 JavaThread "C2 CompilerThread2" daemon [_thread_in_native, id=3456, stack(0x00000054ab800000,0x00000054ab900000)]

Other Threads:
  0x000001921b326800 VMThread "VM Thread" [stack: 0x00000054aa800000,0x00000054aa900000] [id=12408]
  0x000001921befd800 WatcherThread [stack: 0x00000054ab200000,0x00000054ab300000] [id=12688]
  0x00000192047ff000 GCTaskThread "GC Thread#0" [stack: 0x00000054aa300000,0x00000054aa400000] [id=11736]
  0x000001921d31d800 GCTaskThread "GC Thread#1" [stack: 0x00000054ab900000,0x00000054aba00000] [id=10484]
  0x000001921d373000 GCTaskThread "GC Thread#2" [stack: 0x00000054aba00000,0x00000054abb00000] [id=11840]
  0x000001921c5f3000 GCTaskThread "GC Thread#3" [stack: 0x00000054abb00000,0x00000054abc00000] [id=2268]
  0x000001921c5f4000 GCTaskThread "GC Thread#4" [stack: 0x00000054abc00000,0x00000054abd00000] [id=13460]
  0x000001921d53f800 GCTaskThread "GC Thread#5" [stack: 0x00000054abd00000,0x00000054abe00000] [id=7900]
  0x000001921d540000 GCTaskThread "GC Thread#6" [stack: 0x00000054abe00000,0x00000054abf00000] [id=2452]
  0x000001921d314000 GCTaskThread "GC Thread#7" [stack: 0x00000054abf00000,0x00000054ac000000] [id=1888]
  0x0000019204810000 ConcurrentGCThread "G1 Main Marker" [stack: 0x00000054aa400000,0x00000054aa500000] [id=5932]
  0x0000019204811800 ConcurrentGCThread "G1 Conc#0" [stack: 0x00000054aa500000,0x00000054aa600000] [id=3268]
  0x00000192048ae000 ConcurrentGCThread "G1 Refine#0" [stack: 0x00000054aa600000,0x00000054aa700000] [id=10260]
  0x000001921b170800 ConcurrentGCThread "G1 Young RemSet Sampling" [stack: 0x00000054aa700000,0x00000054aa800000] [id=13368]

Threads with active compile tasks:
C2 CompilerThread2   2843 1219 %     4       kotlin.UnsignedKt::ulongCompare @ 179 (12 bytes)

VM state:not at safepoint (normal execution)

VM Mutex/Monitor currently owned by a thread: None

Heap address: 0x00000000e0000000, size: 512 MB, Compressed Oops mode: 32-bit
Narrow klass base: 0x0000000000000000, Narrow klass shift: 3
Compressed class space size: 1073741824 Address: 0x0000000100000000

Heap:
 garbage-first heap   total 129024K, used 61736K [0x00000000e0000000, 0x0000000100000000)
  region size 1024K, 57 young (58368K), 1 survivors (1024K)
 Metaspace       used 13505K, capacity 13768K, committed 13824K, reserved 1060864K
  class space    used 1440K, capacity 1525K, committed 1536K, reserved 1048576K
Heap Regions: E=young(eden), S=young(survivor), O=old, HS=humongous(starts), HC=humongous(continues), CS=collection set, F=free, A=archive, TAMS=top-at-mark-start (previous, next)
|   0|0x00000000e0000000, 0x00000000e0100000, 0x00000000e0100000|100%| O|  |TAMS 0x00000000e0000000, 0x00000000e0000000| Untracked 
|   1|0x00000000e0100000, 0x00000000e0200000, 0x00000000e0200000|100%| O|  |TAMS 0x00000000e0100000, 0x00000000e0100000| Untracked 
|   2|0x00000000e0200000, 0x00000000e0300000, 0x00000000e0300000|100%| O|  |TAMS 0x00000000e0200000, 0x00000000e0200000| Untracked 
|   3|0x00000000e0300000, 0x00000000e0400000, 0x00000000e0400000|100%| O|  |TAMS 0x00000000e0300000, 0x00000000e0300000| Untracked 
|   4|0x00000000e0400000, 0x00000000e0500000, 0x00000000e0500000|100%| O|  |TAMS 0x00000000e0400000, 0x00000000e0400000| Untracked 
|   5|0x00000000e0500000, 0x00000000e0545800, 0x00000000e0600000| 27%| O|  |TAMS 0x00000000e0500000, 0x00000000e0500000| Untracked 
|   6|0x00000000e0600000, 0x00000000e0600000, 0x00000000e0700000|  0%| F|  |TAMS 0x00000000e0600000, 0x00000000e0600000| Untracked 
|   7|0x00000000e0700000, 0x00000000e0700000, 0x00000000e0800000|  0%| F|  |TAMS 0x00000000e0700000, 0x00000000e0700000| Untracked 
|   8|0x00000000e0800000, 0x00000000e0800000, 0x00000000e0900000|  0%| F|  |TAMS 0x00000000e0800000, 0x00000000e0800000| Untracked 
|   9|0x00000000e0900000, 0x00000000e0900000, 0x00000000e0a00000|  0%| F|  |TAMS 0x00000000e0900000, 0x00000000e0900000| Untracked 
|  10|0x00000000e0a00000, 0x00000000e0a00000, 0x00000000e0b00000|  0%| F|  |TAMS 0x00000000e0a00000, 0x00000000e0a00000| Untracked 
|  11|0x00000000e0b00000, 0x00000000e0b00000, 0x00000000e0c00000|  0%| F|  |TAMS 0x00000000e0b00000, 0x00000000e0b00000| Untracked 
|  12|0x00000000e0c00000, 0x00000000e0c00000, 0x00000000e0d00000|  0%| F|  |TAMS 0x00000000e0c00000, 0x00000000e0c00000| Untracked 
|  13|0x00000000e0d00000, 0x00000000e0d00000, 0x00000000e0e00000|  0%| F|  |TAMS 0x00000000e0d00000, 0x00000000e0d00000| Untracked 
|  14|0x00000000e0e00000, 0x00000000e0e00000, 0x00000000e0f00000|  0%| F|  |TAMS 0x00000000e0e00000, 0x00000000e0e00000| Untracked 
|  15|0x00000000e0f00000, 0x00000000e0f00000, 0x00000000e1000000|  0%| F|  |TAMS 0x00000000e0f00000, 0x00000000e0f00000| Untracked 
|  16|0x00000000e1000000, 0x00000000e1000000, 0x00000000e1100000|  0%| F|  |TAMS 0x00000000e1000000, 0x00000000e1000000| Untracked 
|  17|0x00000000e1100000, 0x00000000e1100000, 0x00000000e1200000|  0%| F|  |TAMS 0x00000000e1100000, 0x00000000e1100000| Untracked 
|  18|0x00000000e1200000, 0x00000000e1200000, 0x00000000e1300000|  0%| F|  |TAMS 0x00000000e1200000, 0x00000000e1200000| Untracked 
|  19|0x00000000e1300000, 0x00000000e1300000, 0x00000000e1400000|  0%| F|  |TAMS 0x00000000e1300000, 0x00000000e1300000| Untracked 
|  20|0x00000000e1400000, 0x00000000e1400000, 0x00000000e1500000|  0%| F|  |TAMS 0x00000000e1400000, 0x00000000e1400000| Untracked 
|  21|0x00000000e1500000, 0x00000000e1500000, 0x00000000e1600000|  0%| F|  |TAMS 0x00000000e1500000, 0x00000000e1500000| Untracked 
|  22|0x00000000e1600000, 0x00000000e1600000, 0x00000000e1700000|  0%| F|  |TAMS 0x00000000e1600000, 0x00000000e1600000| Untracked 
|  23|0x00000000e1700000, 0x00000000e1700000, 0x00000000e1800000|  0%| F|  |TAMS 0x00000000e1700000, 0x00000000e1700000| Untracked 
|  24|0x00000000e1800000, 0x00000000e1800000, 0x00000000e1900000|  0%| F|  |TAMS 0x00000000e1800000, 0x00000000e1800000| Untracked 
|  25|0x00000000e1900000, 0x00000000e1900000, 0x00000000e1a00000|  0%| F|  |TAMS 0x00000000e1900000, 0x00000000e1900000| Untracked 
|  26|0x00000000e1a00000, 0x00000000e1a00000, 0x00000000e1b00000|  0%| F|  |TAMS 0x00000000e1a00000, 0x00000000e1a00000| Untracked 
|  27|0x00000000e1b00000, 0x00000000e1b00000, 0x00000000e1c00000|  0%| F|  |TAMS 0x00000000e1b00000, 0x00000000e1b00000| Untracked 
|  28|0x00000000e1c00000, 0x00000000e1c00000, 0x00000000e1d00000|  0%| F|  |TAMS 0x00000000e1c00000, 0x00000000e1c00000| Untracked 
|  29|0x00000000e1d00000, 0x00000000e1d00000, 0x00000000e1e00000|  0%| F|  |TAMS 0x00000000e1d00000, 0x00000000e1d00000| Untracked 
|  30|0x00000000e1e00000, 0x00000000e1e00000, 0x00000000e1f00000|  0%| F|  |TAMS 0x00000000e1e00000, 0x00000000e1e00000| Untracked 
|  31|0x00000000e1f00000, 0x00000000e1f00000, 0x00000000e2000000|  0%| F|  |TAMS 0x00000000e1f00000, 0x00000000e1f00000| Untracked 
|  32|0x00000000e2000000, 0x00000000e2000000, 0x00000000e2100000|  0%| F|  |TAMS 0x00000000e2000000, 0x00000000e2000000| Untracked 
|  33|0x00000000e2100000, 0x00000000e2100000, 0x00000000e2200000|  0%| F|  |TAMS 0x00000000e2100000, 0x00000000e2100000| Untracked 
|  34|0x00000000e2200000, 0x00000000e2200000, 0x00000000e2300000|  0%| F|  |TAMS 0x00000000e2200000, 0x00000000e2200000| Untracked 
|  35|0x00000000e2300000, 0x00000000e2300000, 0x00000000e2400000|  0%| F|  |TAMS 0x00000000e2300000, 0x00000000e2300000| Untracked 
|  36|0x00000000e2400000, 0x00000000e2400000, 0x00000000e2500000|  0%| F|  |TAMS 0x00000000e2400000, 0x00000000e2400000| Untracked 
|  37|0x00000000e2500000, 0x00000000e2500000, 0x00000000e2600000|  0%| F|  |TAMS 0x00000000e2500000, 0x00000000e2500000| Untracked 
|  38|0x00000000e2600000, 0x00000000e2600000, 0x00000000e2700000|  0%| F|  |TAMS 0x00000000e2600000, 0x00000000e2600000| Untracked 
|  39|0x00000000e2700000, 0x00000000e2700000, 0x00000000e2800000|  0%| F|  |TAMS 0x00000000e2700000, 0x00000000e2700000| Untracked 
|  40|0x00000000e2800000, 0x00000000e2800000, 0x00000000e2900000|  0%| F|  |TAMS 0x00000000e2800000, 0x00000000e2800000| Untracked 
|  41|0x00000000e2900000, 0x00000000e2900000, 0x00000000e2a00000|  0%| F|  |TAMS 0x00000000e2900000, 0x00000000e2900000| Untracked 
|  42|0x00000000e2a00000, 0x00000000e2a00000, 0x00000000e2b00000|  0%| F|  |TAMS 0x00000000e2a00000, 0x00000000e2a00000| Untracked 
|  43|0x00000000e2b00000, 0x00000000e2b00000, 0x00000000e2c00000|  0%| F|  |TAMS 0x00000000e2b00000, 0x00000000e2b00000| Untracked 
|  44|0x00000000e2c00000, 0x00000000e2c00000, 0x00000000e2d00000|  0%| F|  |TAMS 0x00000000e2c00000, 0x00000000e2c00000| Untracked 
|  45|0x00000000e2d00000, 0x00000000e2d00000, 0x00000000e2e00000|  0%| F|  |TAMS 0x00000000e2d00000, 0x00000000e2d00000| Untracked 
|  46|0x00000000e2e00000, 0x00000000e2e00000, 0x00000000e2f00000|  0%| F|  |TAMS 0x00000000e2e00000, 0x00000000e2e00000| Untracked 
|  47|0x00000000e2f00000, 0x00000000e2f00000, 0x00000000e3000000|  0%| F|  |TAMS 0x00000000e2f00000, 0x00000000e2f00000| Untracked 
|  48|0x00000000e3000000, 0x00000000e3000000, 0x00000000e3100000|  0%| F|  |TAMS 0x00000000e3000000, 0x00000000e3000000| Untracked 
|  49|0x00000000e3100000, 0x00000000e3100000, 0x00000000e3200000|  0%| F|  |TAMS 0x00000000e3100000, 0x00000000e3100000| Untracked 
|  50|0x00000000e3200000, 0x00000000e3204890, 0x00000000e3300000|  1%| S|CS|TAMS 0x00000000e3200000, 0x00000000e3200000| Complete 
|  51|0x00000000e3300000, 0x00000000e3300000, 0x00000000e3400000|  0%| F|  |TAMS 0x00000000e3300000, 0x00000000e3300000| Untracked 
|  52|0x00000000e3400000, 0x00000000e3400000, 0x00000000e3500000|  0%| F|  |TAMS 0x00000000e3400000, 0x00000000e3400000| Untracked 
|  53|0x00000000e3500000, 0x00000000e3500000, 0x00000000e3600000|  0%| F|  |TAMS 0x00000000e3500000, 0x00000000e3500000| Untracked 
|  54|0x00000000e3600000, 0x00000000e3600000, 0x00000000e3700000|  0%| F|  |TAMS 0x00000000e3600000, 0x00000000e3600000| Untracked 
|  55|0x00000000e3700000, 0x00000000e3700000, 0x00000000e3800000|  0%| F|  |TAMS 0x00000000e3700000, 0x00000000e3700000| Untracked 
|  56|0x00000000e3800000, 0x00000000e3800000, 0x00000000e3900000|  0%| F|  |TAMS 0x00000000e3800000, 0x00000000e3800000| Untracked 
|  57|0x00000000e3900000, 0x00000000e3900000, 0x00000000e3a00000|  0%| F|  |TAMS 0x00000000e3900000, 0x00000000e3900000| Untracked 
|  58|0x00000000e3a00000, 0x00000000e3a00000, 0x00000000e3b00000|  0%| F|  |TAMS 0x00000000e3a00000, 0x00000000e3a00000| Untracked 
|  59|0x00000000e3b00000, 0x00000000e3b00000, 0x00000000e3c00000|  0%| F|  |TAMS 0x00000000e3b00000, 0x00000000e3b00000| Untracked 
|  60|0x00000000e3c00000, 0x00000000e3c00000, 0x00000000e3d00000|  0%| F|  |TAMS 0x00000000e3c00000, 0x00000000e3c00000| Untracked 
|  61|0x00000000e3d00000, 0x00000000e3d00000, 0x00000000e3e00000|  0%| F|  |TAMS 0x00000000e3d00000, 0x00000000e3d00000| Untracked 
|  62|0x00000000e3e00000, 0x00000000e3e00000, 0x00000000e3f00000|  0%| F|  |TAMS 0x00000000e3e00000, 0x00000000e3e00000| Untracked 
|  63|0x00000000e3f00000, 0x00000000e3f00000, 0x00000000e4000000|  0%| F|  |TAMS 0x00000000e3f00000, 0x00000000e3f00000| Untracked 
|  64|0x00000000e4000000, 0x00000000e4000000, 0x00000000e4100000|  0%| F|  |TAMS 0x00000000e4000000, 0x00000000e4000000| Untracked 
|  65|0x00000000e4100000, 0x00000000e4100000, 0x00000000e4200000|  0%| F|  |TAMS 0x00000000e4100000, 0x00000000e4100000| Untracked 
|  66|0x00000000e4200000, 0x00000000e4200000, 0x00000000e4300000|  0%| F|  |TAMS 0x00000000e4200000, 0x00000000e4200000| Untracked 
|  67|0x00000000e4300000, 0x00000000e4380800, 0x00000000e4400000| 50%| E|  |TAMS 0x00000000e4300000, 0x00000000e4300000| Complete 
|  68|0x00000000e4400000, 0x00000000e4500000, 0x00000000e4500000|100%| E|CS|TAMS 0x00000000e4400000, 0x00000000e4400000| Complete 
|  69|0x00000000e4500000, 0x00000000e4600000, 0x00000000e4600000|100%| E|CS|TAMS 0x00000000e4500000, 0x00000000e4500000| Complete 
|  70|0x00000000e4600000, 0x00000000e4700000, 0x00000000e4700000|100%| E|CS|TAMS 0x00000000e4600000, 0x00000000e4600000| Complete 
|  71|0x00000000e4700000, 0x00000000e4800000, 0x00000000e4800000|100%| E|CS|TAMS 0x00000000e4700000, 0x00000000e4700000| Complete 
|  72|0x00000000e4800000, 0x00000000e4900000, 0x00000000e4900000|100%| E|CS|TAMS 0x00000000e4800000, 0x00000000e4800000| Complete 
|  73|0x00000000e4900000, 0x00000000e4a00000, 0x00000000e4a00000|100%| E|CS|TAMS 0x00000000e4900000, 0x00000000e4900000| Complete 
|  74|0x00000000e4a00000, 0x00000000e4b00000, 0x00000000e4b00000|100%| E|CS|TAMS 0x00000000e4a00000, 0x00000000e4a00000| Complete 
|  75|0x00000000e4b00000, 0x00000000e4c00000, 0x00000000e4c00000|100%| E|CS|TAMS 0x00000000e4b00000, 0x00000000e4b00000| Complete 
|  76|0x00000000e4c00000, 0x00000000e4d00000, 0x00000000e4d00000|100%| E|CS|TAMS 0x00000000e4c00000, 0x00000000e4c00000| Complete 
|  77|0x00000000e4d00000, 0x00000000e4e00000, 0x00000000e4e00000|100%| E|CS|TAMS 0x00000000e4d00000, 0x00000000e4d00000| Complete 
|  78|0x00000000e4e00000, 0x00000000e4f00000, 0x00000000e4f00000|100%| E|CS|TAMS 0x00000000e4e00000, 0x00000000e4e00000| Complete 
|  79|0x00000000e4f00000, 0x00000000e5000000, 0x00000000e5000000|100%| E|CS|TAMS 0x00000000e4f00000, 0x00000000e4f00000| Complete 
|  80|0x00000000e5000000, 0x00000000e5100000, 0x00000000e5100000|100%| E|CS|TAMS 0x00000000e5000000, 0x00000000e5000000| Complete 
|  81|0x00000000e5100000, 0x00000000e5200000, 0x00000000e5200000|100%| E|CS|TAMS 0x00000000e5100000, 0x00000000e5100000| Complete 
|  82|0x00000000e5200000, 0x00000000e5300000, 0x00000000e5300000|100%| E|CS|TAMS 0x00000000e5200000, 0x00000000e5200000| Complete 
|  83|0x00000000e5300000, 0x00000000e5400000, 0x00000000e5400000|100%| E|CS|TAMS 0x00000000e5300000, 0x00000000e5300000| Complete 
|  84|0x00000000e5400000, 0x00000000e5500000, 0x00000000e5500000|100%| E|CS|TAMS 0x00000000e5400000, 0x00000000e5400000| Complete 
|  85|0x00000000e5500000, 0x00000000e5600000, 0x00000000e5600000|100%| E|CS|TAMS 0x00000000e5500000, 0x00000000e5500000| Complete 
|  86|0x00000000e5600000, 0x00000000e5700000, 0x00000000e5700000|100%| E|CS|TAMS 0x00000000e5600000, 0x00000000e5600000| Complete 
|  87|0x00000000e5700000, 0x00000000e5800000, 0x00000000e5800000|100%| E|CS|TAMS 0x00000000e5700000, 0x00000000e5700000| Complete 
|  88|0x00000000e5800000, 0x00000000e5900000, 0x00000000e5900000|100%| E|CS|TAMS 0x00000000e5800000, 0x00000000e5800000| Complete 
|  89|0x00000000e5900000, 0x00000000e5a00000, 0x00000000e5a00000|100%| E|CS|TAMS 0x00000000e5900000, 0x00000000e5900000| Complete 
|  90|0x00000000e5a00000, 0x00000000e5b00000, 0x00000000e5b00000|100%| E|CS|TAMS 0x00000000e5a00000, 0x00000000e5a00000| Complete 
|  91|0x00000000e5b00000, 0x00000000e5c00000, 0x00000000e5c00000|100%| E|CS|TAMS 0x00000000e5b00000, 0x00000000e5b00000| Complete 
|  92|0x00000000e5c00000, 0x00000000e5d00000, 0x00000000e5d00000|100%| E|CS|TAMS 0x00000000e5c00000, 0x00000000e5c00000| Complete 
|  93|0x00000000e5d00000, 0x00000000e5e00000, 0x00000000e5e00000|100%| E|CS|TAMS 0x00000000e5d00000, 0x00000000e5d00000| Complete 
|  94|0x00000000e5e00000, 0x00000000e5f00000, 0x00000000e5f00000|100%| E|CS|TAMS 0x00000000e5e00000, 0x00000000e5e00000| Complete 
|  95|0x00000000e5f00000, 0x00000000e6000000, 0x00000000e6000000|100%| E|CS|TAMS 0x00000000e5f00000, 0x00000000e5f00000| Complete 
|  96|0x00000000e6000000, 0x00000000e6100000, 0x00000000e6100000|100%| E|CS|TAMS 0x00000000e6000000, 0x00000000e6000000| Complete 
|  97|0x00000000e6100000, 0x00000000e6200000, 0x00000000e6200000|100%| E|CS|TAMS 0x00000000e6100000, 0x00000000e6100000| Complete 
|  98|0x00000000e6200000, 0x00000000e6300000, 0x00000000e6300000|100%| E|CS|TAMS 0x00000000e6200000, 0x00000000e6200000| Complete 
|  99|0x00000000e6300000, 0x00000000e6400000, 0x00000000e6400000|100%| E|CS|TAMS 0x00000000e6300000, 0x00000000e6300000| Complete 
| 100|0x00000000e6400000, 0x00000000e6500000, 0x00000000e6500000|100%| E|CS|TAMS 0x00000000e6400000, 0x00000000e6400000| Complete 
| 101|0x00000000e6500000, 0x00000000e6600000, 0x00000000e6600000|100%| E|CS|TAMS 0x00000000e6500000, 0x00000000e6500000| Complete 
| 102|0x00000000e6600000, 0x00000000e6700000, 0x00000000e6700000|100%| E|CS|TAMS 0x00000000e6600000, 0x00000000e6600000| Complete 
| 103|0x00000000e6700000, 0x00000000e6800000, 0x00000000e6800000|100%| E|CS|TAMS 0x00000000e6700000, 0x00000000e6700000| Complete 
| 104|0x00000000e6800000, 0x00000000e6900000, 0x00000000e6900000|100%| E|CS|TAMS 0x00000000e6800000, 0x00000000e6800000| Complete 
| 105|0x00000000e6900000, 0x00000000e6a00000, 0x00000000e6a00000|100%| E|CS|TAMS 0x00000000e6900000, 0x00000000e6900000| Complete 
| 106|0x00000000e6a00000, 0x00000000e6b00000, 0x00000000e6b00000|100%| E|CS|TAMS 0x00000000e6a00000, 0x00000000e6a00000| Complete 
| 107|0x00000000e6b00000, 0x00000000e6c00000, 0x00000000e6c00000|100%| E|CS|TAMS 0x00000000e6b00000, 0x00000000e6b00000| Complete 
| 108|0x00000000e6c00000, 0x00000000e6d00000, 0x00000000e6d00000|100%| E|CS|TAMS 0x00000000e6c00000, 0x00000000e6c00000| Complete 
| 109|0x00000000e6d00000, 0x00000000e6e00000, 0x00000000e6e00000|100%| E|CS|TAMS 0x00000000e6d00000, 0x00000000e6d00000| Complete 
| 110|0x00000000e6e00000, 0x00000000e6f00000, 0x00000000e6f00000|100%| E|CS|TAMS 0x00000000e6e00000, 0x00000000e6e00000| Complete 
| 111|0x00000000e6f00000, 0x00000000e7000000, 0x00000000e7000000|100%| E|CS|TAMS 0x00000000e6f00000, 0x00000000e6f00000| Complete 
| 112|0x00000000e7000000, 0x00000000e7100000, 0x00000000e7100000|100%| E|CS|TAMS 0x00000000e7000000, 0x00000000e7000000| Complete 
| 113|0x00000000e7100000, 0x00000000e7200000, 0x00000000e7200000|100%| E|CS|TAMS 0x00000000e7100000, 0x00000000e7100000| Complete 
| 114|0x00000000e7200000, 0x00000000e7300000, 0x00000000e7300000|100%| E|CS|TAMS 0x00000000e7200000, 0x00000000e7200000| Complete 
| 115|0x00000000e7300000, 0x00000000e7400000, 0x00000000e7400000|100%| E|CS|TAMS 0x00000000e7300000, 0x00000000e7300000| Complete 
| 116|0x00000000e7400000, 0x00000000e7500000, 0x00000000e7500000|100%| E|CS|TAMS 0x00000000e7400000, 0x00000000e7400000| Complete 
| 117|0x00000000e7500000, 0x00000000e7600000, 0x00000000e7600000|100%| E|CS|TAMS 0x00000000e7500000, 0x00000000e7500000| Complete 
| 118|0x00000000e7600000, 0x00000000e7700000, 0x00000000e7700000|100%| E|CS|TAMS 0x00000000e7600000, 0x00000000e7600000| Complete 
| 119|0x00000000e7700000, 0x00000000e7800000, 0x00000000e7800000|100%| E|CS|TAMS 0x00000000e7700000, 0x00000000e7700000| Complete 
| 120|0x00000000e7800000, 0x00000000e7900000, 0x00000000e7900000|100%| E|CS|TAMS 0x00000000e7800000, 0x00000000e7800000| Complete 
| 121|0x00000000e7900000, 0x00000000e7a00000, 0x00000000e7a00000|100%| E|CS|TAMS 0x00000000e7900000, 0x00000000e7900000| Complete 
| 122|0x00000000e7a00000, 0x00000000e7b00000, 0x00000000e7b00000|100%| E|CS|TAMS 0x00000000e7a00000, 0x00000000e7a00000| Complete 
| 123|0x00000000e7b00000, 0x00000000e7c00000, 0x00000000e7c00000|100%| E|CS|TAMS 0x00000000e7b00000, 0x00000000e7b00000| Complete 
| 124|0x00000000e7c00000, 0x00000000e7d00000, 0x00000000e7d00000|100%| E|CS|TAMS 0x00000000e7c00000, 0x00000000e7c00000| Complete 
| 125|0x00000000e7d00000, 0x00000000e7e00000, 0x00000000e7e00000|100%| E|CS|TAMS 0x00000000e7d00000, 0x00000000e7d00000| Complete 

Card table byte_map: [0x00000192176f0000,0x00000192177f0000] _byte_map_base: 0x0000019216ff0000

Marking Bits (Prev, Next): (CMBitMap*) 0x000001920480d4d8, (CMBitMap*) 0x000001920480d510
 Prev Bits: [0x00000192178f0000, 0x00000192180f0000)
 Next Bits: [0x00000192180f0000, 0x00000192188f0000)

Polling page: 0x0000019202780000

Metaspace:

Usage:
  Non-class:     11.96 MB capacity,    11.78 MB ( 99%) used,   160.42 KB (  1%) free+waste,    18.19 KB ( <1%) overhead. 
      Class:      1.49 MB capacity,     1.41 MB ( 94%) used,    75.55 KB (  5%) free+waste,     8.56 KB ( <1%) overhead. 
       Both:     13.45 MB capacity,    13.19 MB ( 98%) used,   235.97 KB (  2%) free+waste,    26.75 KB ( <1%) overhead. 

Virtual space:
  Non-class space:       12.00 MB reserved,      12.00 MB (100%) committed 
      Class space:        1.00 GB reserved,       1.50 MB ( <1%) committed 
             Both:        1.01 GB reserved,      13.50 MB (  1%) committed 

Chunk freelists:
   Non-Class:  45.00 KB
       Class:  11.00 KB
        Both:  56.00 KB

MaxMetaspaceSize: 17179869184.00 GB
CompressedClassSpaceSize: 1.00 GB

CodeHeap 'non-profiled nmethods': size=120000Kb used=769Kb max_used=769Kb free=119230Kb
 bounds [0x000001920fd90000, 0x0000019210000000, 0x00000192172c0000]
CodeHeap 'profiled nmethods': size=120000Kb used=2317Kb max_used=2317Kb free=117682Kb
 bounds [0x0000019208860000, 0x0000019208ad0000, 0x000001920fd90000]
CodeHeap 'non-nmethods': size=5760Kb used=1092Kb max_used=1155Kb free=4667Kb
 bounds [0x00000192082c0000, 0x0000019208530000, 0x0000019208860000]
 total_blobs=1619 nmethods=1214 adapters=317
 compilation: enabled
              stopped_count=0, restarted_count=0
 full_count=0

Compilation events (20 events):
Event: 2.593 Thread 0x000001921b351000 nmethod 1209 0x000001920fe3ba10 code [0x000001920fe3c260, 0x000001920fe446b8]
Event: 2.595 Thread 0x000001921c68c000 1210       4       kotlin.text.Regex::replace (31 bytes)
Event: 2.595 Thread 0x000001921c502800 1211       4       kotlin.text.Regex::<init> (23 bytes)
Event: 2.596 Thread 0x000001921b351000 1212       4       kotlin.text.UStringsKt::toString-JSWoG40 (14 bytes)
Event: 2.597 Thread 0x000001921c68c000 nmethod 1210 0x000001920fe4bc10 code [0x000001920fe4bdc0, 0x000001920fe4bed8]
Event: 2.597 Thread 0x000001921c68c000 1213       4       java.util.Arrays::copyOf (10 bytes)
Event: 2.599 Thread 0x000001921c68c000 nmethod 1213 0x000001920fe4c090 code [0x000001920fe4c220, 0x000001920fe4c418]
Event: 2.599 Thread 0x000001921c68c000 1214       4       java.lang.String::format (16 bytes)
Event: 2.600 Thread 0x000001921c502800 nmethod 1211 0x000001920fe4c510 code [0x000001920fe4c6e0, 0x000001920fe4ca18]
Event: 2.600 Thread 0x000001921c502800 1215       4       kotlin.jvm.internal.Intrinsics::stringPlus (19 bytes)
Event: 2.606 Thread 0x000001921b351000 nmethod 1212 0x000001920fe4cc10 code [0x000001920fe4cde0, 0x000001920fe4d4b8]
Event: 2.606 Thread 0x000001921b351000 1216       4       java.lang.Long::toBinaryString (6 bytes)
Event: 2.610 Thread 0x000001921c68c000 nmethod 1214 0x000001920fe4d810 code [0x000001920fe4da20, 0x000001920fe4e3e8]
Event: 2.612 Thread 0x000001921b351000 nmethod 1216 0x000001920fe4e910 code [0x000001920fe4eac0, 0x000001920fe4edf8]
Event: 2.622 Thread 0x000001921c502800 nmethod 1215 0x000001920fe4f010 code [0x000001920fe4f220, 0x000001920fe4fdb0]
Event: 2.647 Thread 0x000001921b358000 1217 %     3       com.jeanwest.reader.add.AddProductActivityTest::epcGeneratorTest @ 39 (183 bytes)
Event: 2.648 Thread 0x000001921b358000 nmethod 1217% 0x0000019208aa0a10 code [0x0000019208aa0d00, 0x0000019208aa1a58]
Event: 2.659 Thread 0x000001921b358000 1218       3       com.jeanwest.reader.add.AddProductActivityTest::epcGeneratorTest (183 bytes)
Event: 2.660 Thread 0x000001921b358000 nmethod 1218 0x0000019208aa2010 code [0x0000019208aa2300, 0x0000019208aa2fd8]
Event: 2.749 Thread 0x000001921c68c000 1219 %     4       kotlin.UnsignedKt::ulongCompare @ 179 (12 bytes)

GC Heap History (20 events):
Event: 2.059 GC heap before
{Heap before GC invocations=5 (full 0):
 garbage-first heap   total 129024K, used 81193K [0x00000000e0000000, 0x0000000100000000)
  region size 1024K, 75 young (76800K), 1 survivors (1024K)
 Metaspace       used 13504K, capacity 13768K, committed 13824K, reserved 1060864K
  class space    used 1440K, capacity 1525K, committed 1536K, reserved 1048576K
}
Event: 2.060 GC heap after
{Heap after GC invocations=6 (full 0):
 garbage-first heap   total 129024K, used 5414K [0x00000000e0000000, 0x0000000100000000)
  region size 1024K, 1 young (1024K), 1 survivors (1024K)
 Metaspace       used 13504K, capacity 13768K, committed 13824K, reserved 1060864K
  class space    used 1440K, capacity 1525K, committed 1536K, reserved 1048576K
}
Event: 2.169 GC heap before
{Heap before GC invocations=6 (full 0):
 garbage-first heap   total 129024K, used 81190K [0x00000000e0000000, 0x0000000100000000)
  region size 1024K, 75 young (76800K), 1 survivors (1024K)
 Metaspace       used 13504K, capacity 13768K, committed 13824K, reserved 1060864K
  class space    used 1440K, capacity 1525K, committed 1536K, reserved 1048576K
}
Event: 2.169 GC heap after
{Heap after GC invocations=7 (full 0):
 garbage-first heap   total 129024K, used 5416K [0x00000000e0000000, 0x0000000100000000)
  region size 1024K, 1 young (1024K), 1 survivors (1024K)
 Metaspace       used 13504K, capacity 13768K, committed 13824K, reserved 1060864K
  class space    used 1440K, capacity 1525K, committed 1536K, reserved 1048576K
}
Event: 2.246 GC heap before
{Heap before GC invocations=7 (full 0):
 garbage-first heap   total 129024K, used 81192K [0x00000000e0000000, 0x0000000100000000)
  region size 1024K, 75 young (76800K), 1 survivors (1024K)
 Metaspace       used 13504K, capacity 13768K, committed 13824K, reserved 1060864K
  class space    used 1440K, capacity 1525K, committed 1536K, reserved 1048576K
}
Event: 2.247 GC heap after
{Heap after GC invocations=8 (full 0):
 garbage-first heap   total 129024K, used 5414K [0x00000000e0000000, 0x0000000100000000)
  region size 1024K, 1 young (1024K), 1 survivors (1024K)
 Metaspace       used 13504K, capacity 13768K, committed 13824K, reserved 1060864K
  class space    used 1440K, capacity 1525K, committed 1536K, reserved 1048576K
}
Event: 2.333 GC heap before
{Heap before GC invocations=8 (full 0):
 garbage-first heap   total 129024K, used 81190K [0x00000000e0000000, 0x0000000100000000)
  region size 1024K, 75 young (76800K), 1 survivors (1024K)
 Metaspace       used 13504K, capacity 13768K, committed 13824K, reserved 1060864K
  class space    used 1440K, capacity 1525K, committed 1536K, reserved 1048576K
}
Event: 2.333 GC heap after
{Heap after GC invocations=9 (full 0):
 garbage-first heap   total 129024K, used 5416K [0x00000000e0000000, 0x0000000100000000)
  region size 1024K, 1 young (1024K), 1 survivors (1024K)
 Metaspace       used 13504K, capacity 13768K, committed 13824K, reserved 1060864K
  class space    used 1440K, capacity 1525K, committed 1536K, reserved 1048576K
}
Event: 2.400 GC heap before
{Heap before GC invocations=9 (full 0):
 garbage-first heap   total 129024K, used 81192K [0x00000000e0000000, 0x0000000100000000)
  region size 1024K, 75 young (76800K), 1 survivors (1024K)
 Metaspace       used 13504K, capacity 13768K, committed 13824K, reserved 1060864K
  class space    used 1440K, capacity 1525K, committed 1536K, reserved 1048576K
}
Event: 2.401 GC heap after
{Heap after GC invocations=10 (full 0):
 garbage-first heap   total 129024K, used 5414K [0x00000000e0000000, 0x0000000100000000)
  region size 1024K, 1 young (1024K), 1 survivors (1024K)
 Metaspace       used 13504K, capacity 13768K, committed 13824K, reserved 1060864K
  class space    used 1440K, capacity 1525K, committed 1536K, reserved 1048576K
}
Event: 2.466 GC heap before
{Heap before GC invocations=10 (full 0):
 garbage-first heap   total 129024K, used 81190K [0x00000000e0000000, 0x0000000100000000)
  region size 1024K, 75 young (76800K), 1 survivors (1024K)
 Metaspace       used 13504K, capacity 13768K, committed 13824K, reserved 1060864K
  class space    used 1440K, capacity 1525K, committed 1536K, reserved 1048576K
}
Event: 2.466 GC heap after
{Heap after GC invocations=11 (full 0):
 garbage-first heap   total 129024K, used 5416K [0x00000000e0000000, 0x0000000100000000)
  region size 1024K, 1 young (1024K), 1 survivors (1024K)
 Metaspace       used 13504K, capacity 13768K, committed 13824K, reserved 1060864K
  class space    used 1440K, capacity 1525K, committed 1536K, reserved 1048576K
}
Event: 2.532 GC heap before
{Heap before GC invocations=11 (full 0):
 garbage-first heap   total 129024K, used 81192K [0x00000000e0000000, 0x0000000100000000)
  region size 1024K, 75 young (76800K), 1 survivors (1024K)
 Metaspace       used 13504K, capacity 13768K, committed 13824K, reserved 1060864K
  class space    used 1440K, capacity 1525K, committed 1536K, reserved 1048576K
}
Event: 2.533 GC heap after
{Heap after GC invocations=12 (full 0):
 garbage-first heap   total 129024K, used 5415K [0x00000000e0000000, 0x0000000100000000)
  region size 1024K, 1 young (1024K), 1 survivors (1024K)
 Metaspace       used 13504K, capacity 13768K, committed 13824K, reserved 1060864K
  class space    used 1440K, capacity 1525K, committed 1536K, reserved 1048576K
}
Event: 2.624 GC heap before
{Heap before GC invocations=12 (full 0):
 garbage-first heap   total 129024K, used 81191K [0x00000000e0000000, 0x0000000100000000)
  region size 1024K, 75 young (76800K), 1 survivors (1024K)
 Metaspace       used 13504K, capacity 13768K, committed 13824K, reserved 1060864K
  class space    used 1440K, capacity 1525K, committed 1536K, reserved 1048576K
}
Event: 2.625 GC heap after
{Heap after GC invocations=13 (full 0):
 garbage-first heap   total 129024K, used 5416K [0x00000000e0000000, 0x0000000100000000)
  region size 1024K, 1 young (1024K), 1 survivors (1024K)
 Metaspace       used 13504K, capacity 13768K, committed 13824K, reserved 1060864K
  class space    used 1440K, capacity 1525K, committed 1536K, reserved 1048576K
}
Event: 2.686 GC heap before
{Heap before GC invocations=13 (full 0):
 garbage-first heap   total 129024K, used 81192K [0x00000000e0000000, 0x0000000100000000)
  region size 1024K, 75 young (76800K), 1 survivors (1024K)
 Metaspace       used 13505K, capacity 13768K, committed 13824K, reserved 1060864K
  class space    used 1440K, capacity 1525K, committed 1536K, reserved 1048576K
}
Event: 2.687 GC heap after
{Heap after GC invocations=14 (full 0):
 garbage-first heap   total 129024K, used 5416K [0x00000000e0000000, 0x0000000100000000)
  region size 1024K, 1 young (1024K), 1 survivors (1024K)
 Metaspace       used 13505K, capacity 13768K, committed 13824K, reserved 1060864K
  class space    used 1440K, capacity 1525K, committed 1536K, reserved 1048576K
}
Event: 2.746 GC heap before
{Heap before GC invocations=14 (full 0):
 garbage-first heap   total 129024K, used 81192K [0x00000000e0000000, 0x0000000100000000)
  region size 1024K, 75 young (76800K), 1 survivors (1024K)
 Metaspace       used 13505K, capacity 13768K, committed 13824K, reserved 1060864K
  class space    used 1440K, capacity 1525K, committed 1536K, reserved 1048576K
}
Event: 2.747 GC heap after
{Heap after GC invocations=15 (full 0):
 garbage-first heap   total 129024K, used 5414K [0x00000000e0000000, 0x0000000100000000)
  region size 1024K, 1 young (1024K), 1 survivors (1024K)
 Metaspace       used 13505K, capacity 13768K, committed 13824K, reserved 1060864K
  class space    used 1440K, capacity 1525K, committed 1536K, reserved 1048576K
}

Deoptimization events (20 events):
Event: 1.026 Thread 0x000001921c442800 Uncommon trap: trap_request=0xffffffde fr.pc=0x000001920fdc5498 relative=0x0000000000000d78
Event: 1.026 Thread 0x000001921c442800 Uncommon trap: reason=class_check action=maybe_recompile pc=0x000001920fdc5498 method=java.util.HashMap.putVal(ILjava/lang/Object;Ljava/lang/Object;ZZ)Ljava/lang/Object; @ 91 c2
Event: 1.026 Thread 0x000001921c442800 DEOPT PACKING pc=0x000001920fdc5498 sp=0x00000054ab5fd4a0
Event: 1.026 Thread 0x000001921c442800 DEOPT UNPACKING pc=0x00000192082e78af sp=0x00000054ab5fd440 mode 2
Event: 1.026 Thread 0x000001921c442800 Uncommon trap: trap_request=0xffffffde fr.pc=0x000001920fdc5498 relative=0x0000000000000d78
Event: 1.026 Thread 0x000001921c442800 Uncommon trap: reason=class_check action=maybe_recompile pc=0x000001920fdc5498 method=java.util.HashMap.putVal(ILjava/lang/Object;Ljava/lang/Object;ZZ)Ljava/lang/Object; @ 91 c2
Event: 1.026 Thread 0x000001921c442800 DEOPT PACKING pc=0x000001920fdc5498 sp=0x00000054ab5fd4a0
Event: 1.026 Thread 0x000001921c442800 DEOPT UNPACKING pc=0x00000192082e78af sp=0x00000054ab5fd440 mode 2
Event: 1.026 Thread 0x000001921c442800 Uncommon trap: trap_request=0xffffffde fr.pc=0x000001920fdc5498 relative=0x0000000000000d78
Event: 1.026 Thread 0x000001921c442800 Uncommon trap: reason=class_check action=maybe_recompile pc=0x000001920fdc5498 method=java.util.HashMap.putVal(ILjava/lang/Object;Ljava/lang/Object;ZZ)Ljava/lang/Object; @ 91 c2
Event: 1.026 Thread 0x000001921c442800 DEOPT PACKING pc=0x000001920fdc5498 sp=0x00000054ab5fd4a0
Event: 1.026 Thread 0x000001921c442800 DEOPT UNPACKING pc=0x00000192082e78af sp=0x00000054ab5fd440 mode 2
Event: 1.028 Thread 0x000001921c442800 DEOPT PACKING pc=0x000001920889687f sp=0x00000054ab5fab90
Event: 1.028 Thread 0x000001921c442800 DEOPT UNPACKING pc=0x00000192082e76ce sp=0x00000054ab5f9fe0 mode 0
Event: 1.035 Thread 0x000001921c442800 DEOPT PACKING pc=0x000001920889687f sp=0x00000054ab5fb3f0
Event: 1.035 Thread 0x000001921c442800 DEOPT UNPACKING pc=0x00000192082e76ce sp=0x00000054ab5fa840 mode 0
Event: 1.049 Thread 0x000001921c442800 Uncommon trap: trap_request=0xffffff4d fr.pc=0x000001920fdc1e04 relative=0x0000000000000244
Event: 1.049 Thread 0x000001921c442800 Uncommon trap: reason=unstable_if action=reinterpret pc=0x000001920fdc1e04 method=java.util.concurrent.ConcurrentHashMap.get(Ljava/lang/Object;)Ljava/lang/Object; @ 76 c2
Event: 1.049 Thread 0x000001921c442800 DEOPT PACKING pc=0x000001920fdc1e04 sp=0x00000054ab5fb090
Event: 1.049 Thread 0x000001921c442800 DEOPT UNPACKING pc=0x00000192082e78af sp=0x00000054ab5faff8 mode 2

Classes redefined (0 events):
No events

Internal exceptions (15 events):
Event: 0.461 Thread 0x00000192047eb800 Exception <a 'java/security/PrivilegedActionException'{0x00000000e78b0e28}> (0x00000000e78b0e28) thrown at [./src/hotspot/share/prims/jvm.cpp, line 1306]
Event: 0.461 Thread 0x00000192047eb800 Exception <a 'java/security/PrivilegedActionException'{0x00000000e78b13a0}> (0x00000000e78b13a0) thrown at [./src/hotspot/share/prims/jvm.cpp, line 1306]
Event: 0.461 Thread 0x00000192047eb800 Exception <a 'java/security/PrivilegedActionException'{0x00000000e78b3240}> (0x00000000e78b3240) thrown at [./src/hotspot/share/prims/jvm.cpp, line 1306]
Event: 0.461 Thread 0x00000192047eb800 Exception <a 'java/security/PrivilegedActionException'{0x00000000e78b37b8}> (0x00000000e78b37b8) thrown at [./src/hotspot/share/prims/jvm.cpp, line 1306]
Event: 0.490 Thread 0x00000192047eb800 Exception <a 'java/security/PrivilegedActionException'{0x00000000e77e1f00}> (0x00000000e77e1f00) thrown at [./src/hotspot/share/prims/jvm.cpp, line 1306]
Event: 0.490 Thread 0x00000192047eb800 Exception <a 'java/security/PrivilegedActionException'{0x00000000e77e2478}> (0x00000000e77e2478) thrown at [./src/hotspot/share/prims/jvm.cpp, line 1306]
Event: 0.527 Thread 0x00000192047eb800 Exception <a 'java/lang/NoSuchMethodError'{0x00000000e7578390}: 'java.lang.Object java.lang.invoke.DirectMethodHandle$Holder.invokeVirtual(java.lang.Object, java.lang.Object, java.lang.Object, java.lang.Object, java.lang.Object, java.lang.Object, java.lang.Object)'> (0x00000000e7578390) thrown at [./src/hotspot/share/interpreter/linkResolver.cpp, line 773]
Event: 0.529 Thread 0x00000192047eb800 Exception <a 'java/lang/NoSuchMethodError'{0x00000000e7586510}: 'java.lang.Object java.lang.invoke.Invokers$Holder.invoker(java.lang.Object, java.lang.Object, java.lang.Object)'> (0x00000000e7586510) thrown at [./src/hotspot/share/interpreter/linkResolver.cpp, line 773]
Event: 0.532 Thread 0x00000192047eb800 Exception <a 'java/lang/NoSuchMethodError'{0x00000000e7596eb8}: 'void java.lang.invoke.DelegatingMethodHandle$Holder.delegate(java.lang.Object, java.lang.Object, int, java.lang.Object)'> (0x00000000e7596eb8) thrown at [./src/hotspot/share/interpreter/linkResolver.cpp, line 773]
Event: 0.626 Thread 0x00000192047eb800 Exception <a 'java/lang/NoSuchMethodError'{0x00000000e73a6928}: <clinit>> (0x00000000e73a6928) thrown at [./src/hotspot/share/prims/jni.cpp, line 1362]
Event: 0.627 Thread 0x00000192047eb800 Exception <a 'java/lang/NoSuchMethodError'{0x00000000e73af1d8}: <clinit>> (0x00000000e73af1d8) thrown at [./src/hotspot/share/prims/jni.cpp, line 1362]
Event: 0.628 Thread 0x00000192047eb800 Exception <a 'java/lang/NoSuchMethodError'{0x00000000e73b7690}: <clinit>> (0x00000000e73b7690) thrown at [./src/hotspot/share/prims/jni.cpp, line 1362]
Event: 0.709 Thread 0x00000192047eb800 Exception <a 'java/lang/NoSuchMethodError'{0x00000000e703b420}: 'java.lang.Object java.lang.invoke.DirectMethodHandle$Holder.invokeStaticInit(java.lang.Object, int, int, int, int)'> (0x00000000e703b420) thrown at [./src/hotspot/share/interpreter/linkResolver.cpp, line 773]
Event: 0.972 Thread 0x00000192047eb800 Exception <a 'java/lang/NoSuchMethodError'{0x00000000e7062fe0}: 'java.lang.Object java.lang.invoke.DirectMethodHandle$Holder.invokeStaticInit(java.lang.Object, java.lang.Object, int, int, int, int)'> (0x00000000e7062fe0) thrown at [./src/hotspot/share/interpreter/linkResolver.cpp, line 773]
Event: 1.067 Thread 0x000001921c442800 Exception <a 'java/lang/NoSuchMethodError'{0x00000000e6c601b0}: 'int java.lang.invoke.DirectMethodHandle$Holder.invokeSpecialIFC(java.lang.Object, java.lang.Object, int)'> (0x00000000e6c601b0) thrown at [./src/hotspot/share/interpreter/linkResolver.cpp, line 773]

Events (20 events):
Event: 2.059 Executing VM operation: G1CollectForAllocation
Event: 2.060 Executing VM operation: G1CollectForAllocation done
Event: 2.169 Executing VM operation: G1CollectForAllocation
Event: 2.169 Executing VM operation: G1CollectForAllocation done
Event: 2.246 Executing VM operation: G1CollectForAllocation
Event: 2.247 Executing VM operation: G1CollectForAllocation done
Event: 2.332 Executing VM operation: G1CollectForAllocation
Event: 2.333 Executing VM operation: G1CollectForAllocation done
Event: 2.400 Executing VM operation: G1CollectForAllocation
Event: 2.401 Executing VM operation: G1CollectForAllocation done
Event: 2.466 Executing VM operation: G1CollectForAllocation
Event: 2.466 Executing VM operation: G1CollectForAllocation done
Event: 2.532 Executing VM operation: G1CollectForAllocation
Event: 2.533 Executing VM operation: G1CollectForAllocation done
Event: 2.624 Executing VM operation: G1CollectForAllocation
Event: 2.625 Executing VM operation: G1CollectForAllocation done
Event: 2.686 Executing VM operation: G1CollectForAllocation
Event: 2.687 Executing VM operation: G1CollectForAllocation done
Event: 2.746 Executing VM operation: G1CollectForAllocation
Event: 2.747 Executing VM operation: G1CollectForAllocation done


Dynamic libraries:
0x00007ff737700000 - 0x00007ff73770a000 	C:\Program Files\Android\Android Studio\jre\bin\java.exe
0x00007ffc552c0000 - 0x00007ffc554b0000 	C:\windows\SYSTEM32\ntdll.dll
0x00007ffc550c0000 - 0x00007ffc55172000 	C:\windows\System32\KERNEL32.DLL
0x00007ffc530c0000 - 0x00007ffc53365000 	C:\windows\System32\KERNELBASE.dll
0x00007ffc52c20000 - 0x00007ffc52d1a000 	C:\windows\System32\ucrtbase.dll
0x00007ffc32880000 - 0x00007ffc32897000 	C:\Program Files\Android\Android Studio\jre\bin\VCRUNTIME140.dll
0x00007ffc328a0000 - 0x00007ffc328b9000 	C:\Program Files\Android\Android Studio\jre\bin\jli.dll
0x00007ffc53e70000 - 0x00007ffc54004000 	C:\windows\System32\USER32.dll
0x00007ffc52340000 - 0x00007ffc52361000 	C:\windows\System32\win32u.dll
0x00007ffc36b10000 - 0x00007ffc36d94000 	C:\windows\WinSxS\amd64_microsoft.windows.common-controls_6595b64144ccf1df_6.0.18362.1556_none_9e7e372fe45e41d5\COMCTL32.dll
0x00007ffc53370000 - 0x00007ffc53396000 	C:\windows\System32\GDI32.dll
0x00007ffc52d20000 - 0x00007ffc52eb8000 	C:\windows\System32\gdi32full.dll
0x00007ffc54de0000 - 0x00007ffc54e7e000 	C:\windows\System32\msvcrt.dll
0x00007ffc53020000 - 0x00007ffc530be000 	C:\windows\System32\msvcp_win.dll
0x00007ffc54450000 - 0x00007ffc54786000 	C:\windows\System32\combase.dll
0x00007ffc53cb0000 - 0x00007ffc53dcf000 	C:\windows\System32\RPCRT4.dll
0x00007ffc52230000 - 0x00007ffc522b1000 	C:\windows\System32\bcryptPrimitives.dll
0x00007ffc54010000 - 0x00007ffc5403e000 	C:\windows\System32\IMM32.DLL
0x00007ffc2dca0000 - 0x00007ffc2dd3d000 	C:\Program Files\Android\Android Studio\jre\bin\msvcp140.dll
0x00007ffc0d840000 - 0x00007ffc0e30f000 	C:\Program Files\Android\Android Studio\jre\bin\server\jvm.dll
0x00007ffc533a0000 - 0x00007ffc53443000 	C:\windows\System32\ADVAPI32.dll
0x00007ffc53dd0000 - 0x00007ffc53e67000 	C:\windows\System32\sechost.dll
0x00007ffc54440000 - 0x00007ffc54448000 	C:\windows\System32\PSAPI.DLL
0x00007ffc37480000 - 0x00007ffc37489000 	C:\windows\SYSTEM32\WSOCK32.dll
0x00007ffc4cdd0000 - 0x00007ffc4cdf4000 	C:\windows\SYSTEM32\WINMM.dll
0x00007ffc543d0000 - 0x00007ffc5443f000 	C:\windows\System32\WS2_32.dll
0x00007ffc4a320000 - 0x00007ffc4a32a000 	C:\windows\SYSTEM32\VERSION.dll
0x00007ffc4caf0000 - 0x00007ffc4cb1d000 	C:\windows\SYSTEM32\WINMMBASE.dll
0x00007ffc522f0000 - 0x00007ffc5233a000 	C:\windows\System32\cfgmgr32.dll
0x00007ffc521c0000 - 0x00007ffc521d1000 	C:\windows\System32\kernel.appcore.dll
0x00007ffc4eb20000 - 0x00007ffc4eb31000 	C:\Program Files\Android\Android Studio\jre\bin\verify.dll
0x00007ffc4b850000 - 0x00007ffc4ba44000 	C:\windows\SYSTEM32\DBGHELP.DLL
0x00007ffc36ae0000 - 0x00007ffc36b0a000 	C:\windows\SYSTEM32\dbgcore.DLL
0x00007ffc4eaf0000 - 0x00007ffc4eb19000 	C:\Program Files\Android\Android Studio\jre\bin\java.dll
0x00007ffc4eae0000 - 0x00007ffc4eaeb000 	C:\Program Files\Android\Android Studio\jre\bin\jimage.dll
0x00007ffc4eac0000 - 0x00007ffc4ead8000 	C:\Program Files\Android\Android Studio\jre\bin\zip.dll
0x00007ffc53460000 - 0x00007ffc53b47000 	C:\windows\System32\SHELL32.dll
0x00007ffc54180000 - 0x00007ffc54228000 	C:\windows\System32\shcore.dll
0x00007ffc52440000 - 0x00007ffc52bbb000 	C:\windows\System32\windows.storage.dll
0x00007ffc521a0000 - 0x00007ffc521be000 	C:\windows\System32\profapi.dll
0x00007ffc521e0000 - 0x00007ffc5222a000 	C:\windows\System32\powrprof.dll
0x00007ffc52170000 - 0x00007ffc52180000 	C:\windows\System32\UMPDC.dll
0x00007ffc55060000 - 0x00007ffc550b2000 	C:\windows\System32\shlwapi.dll
0x00007ffc52370000 - 0x00007ffc52387000 	C:\windows\System32\cryptsp.dll
0x00007ffc4eaa0000 - 0x00007ffc4eaba000 	C:\Program Files\Android\Android Studio\jre\bin\net.dll
0x00007ffc4b750000 - 0x00007ffc4b84a000 	C:\windows\SYSTEM32\WINHTTP.dll
0x00007ffc51900000 - 0x00007ffc51967000 	C:\windows\system32\mswsock.dll
0x00007ffc4de80000 - 0x00007ffc4de94000 	C:\Program Files\Android\Android Studio\jre\bin\nio.dll
0x00007ffc51490000 - 0x00007ffc514c3000 	C:\windows\system32\rsaenh.dll
0x00007ffc522c0000 - 0x00007ffc522e6000 	C:\windows\System32\bcrypt.dll
0x00007ffc52090000 - 0x00007ffc520b5000 	C:\windows\SYSTEM32\USERENV.dll
0x00007ffc51a80000 - 0x00007ffc51a8c000 	C:\windows\SYSTEM32\CRYPTBASE.dll
0x00007ffc51620000 - 0x00007ffc5165a000 	C:\windows\SYSTEM32\IPHLPAPI.DLL
0x00007ffc54e80000 - 0x00007ffc54e88000 	C:\windows\System32\NSI.dll
0x00007ffc4ded0000 - 0x00007ffc4dee6000 	C:\windows\SYSTEM32\dhcpcsvc6.DLL
0x00007ffc4d940000 - 0x00007ffc4d95c000 	C:\windows\SYSTEM32\dhcpcsvc.DLL
0x00007ffc51660000 - 0x00007ffc5172b000 	C:\windows\SYSTEM32\DNSAPI.dll

dbghelp: loaded successfully - version: 4.0.5 - missing functions: none
symbol engine: initialized successfully - sym options: 0x614 - pdb path: .;C:\Program Files\Android\Android Studio\jre\bin;C:\windows\SYSTEM32;C:\windows\WinSxS\amd64_microsoft.windows.common-controls_6595b64144ccf1df_6.0.18362.1556_none_9e7e372fe45e41d5;C:\Program Files\Android\Android Studio\jre\bin\server

VM Arguments:
jvm_args: -Djava.awt.headless=true -Dorg.gradle.internal.worker.tmpdir=C:\Users\a.askarinejad\StudioProjects\RFIDKotlin\app\build\tmp\testDebugUnitTest\work -Dorg.gradle.native=false --add-opens=java.base/java.util=ALL-UNNAMED --add-opens=java.base/java.lang=ALL-UNNAMED -Xmx512m -Dfile.encoding=UTF-8 -Duser.country=US -Duser.language=en -Duser.variant -ea 
java_command: worker.org.gradle.process.internal.worker.GradleWorkerMain 'Gradle Test Executor 4'
java_class_path (initial): C:\\Users\\a.askarinejad\\.gradle\\caches\\7.0.2\\workerMain\\gradle-worker.jar;C:\\Users\\a.askarinejad\\StudioProjects\\RFIDKotlin\\app\\build\\intermediates\\javac\\debugUnitTest\\classes;C:\\Users\\a.askarinejad\\StudioProjects\\RFIDKotlin\\app\\build\\tmp\\kotlin-classes\\debugUnitTest;C:\\Users\\a.askarinejad\\StudioProjects\\RFIDKotlin\\app\\build\\intermediates\\java_res\\debugUnitTest\\out;C:\\Users\\a.askarinejad\\StudioProjects\\RFIDKotlin\\app\\build\\intermediates\\app_classes\\debug\\classes.jar;C:\\Users\\a.askarinejad\\.gradle\\caches\\transforms-3\\0828036921e985e03d59df757011b537\\transformed\\jetified-cw-deviceapi20191022.jar;C:\\Users\\a.askarinejad\\.gradle\\caches\\transforms-3\\140fddd47818d864fe59ea93057e9990\\transformed\\jetified-IGLBarDecoder.jar;C:\\Users\\a.askarinejad\\.gradle\\caches\\transforms-3\\a8307934a4ec3ec138455a6cb382c9c8\\transformed\\jetified-jxl.jar;C:\\Users\\a.askarinejad\\.gradle\\caches\\transforms-3\\7eb798931aaaa5f0b973d133fe169d45\\transformed\\jetified-xUtils-2.5.5.jar;C:\\Users\\a.askarinejad\\.gradle\\caches\\transforms-3\\f1cea7572ec315180e764baa64f30630\\transformed\\jetified-junit-4.13.2.jar;C:\\Users\\a.askarinejad\\.gradle\\caches\\transforms-3\\7579674c14f663c13b752703b4d31771\\transformed\\jetified-core-ktx-1.6.0-runtime.jar;C:\\Users\\a.askarinejad\\.gradle\\caches\\transforms-3\\2c239af9d49139770688cbd91f17863c\\transformed\\jetified-circularprogressbar-3.1.0-runtime.jar;C:\\Users\\a.askarinejad\\.gradle\\caches\\transforms-3\\92ec00445d2bea6b6fcbdf8d1aff33f8\\transformed\\jetified-kotlinx-coroutines-android-1.3.9.jar;C:\\Users\\a.askarinejad\\.gradle\\caches\\transforms-3\\523d08321850437a5fed5a73586bfd34\\transformed\\jetified-kotlinx-coroutines-core-jvm-1.3.9.jar;C:\\Users\\a.askarinejad\\.gradle\\caches\\transforms-3\\ef3eb3c2b6abb790508c1af4558527e3\\transformed\\jetified-kotlin-stdlib-1.5.21.jar;C:\\Users\\a.askarinejad\\.gradle\\caches\\transforms-3\\de7cdd9c3743fd81965
Launcher Type: SUN_STANDARD

[Global flags]
     intx CICompilerCount                          = 4                                         {product} {ergonomic}
     uint ConcGCThreads                            = 2                                         {product} {ergonomic}
     uint G1ConcRefinementThreads                  = 8                                         {product} {ergonomic}
   size_t G1HeapRegionSize                         = 1048576                                   {product} {ergonomic}
    uintx GCDrainStackTargetSize                   = 64                                        {product} {ergonomic}
   size_t InitialHeapSize                          = 132120576                                 {product} {ergonomic}
   size_t MarkStackSize                            = 4194304                                   {product} {ergonomic}
   size_t MaxHeapSize                              = 536870912                                 {product} {command line}
   size_t MaxNewSize                               = 321912832                                 {product} {ergonomic}
   size_t MinHeapDeltaBytes                        = 1048576                                   {product} {ergonomic}
    uintx NonNMethodCodeHeapSize                   = 5836300                                {pd product} {ergonomic}
    uintx NonProfiledCodeHeapSize                  = 122910970                              {pd product} {ergonomic}
    uintx ProfiledCodeHeapSize                     = 122910970                              {pd product} {ergonomic}
    uintx ReservedCodeCacheSize                    = 251658240                              {pd product} {ergonomic}
     bool SegmentedCodeCache                       = true                                      {product} {ergonomic}
     bool UseCompressedClassPointers               = true                                 {lp64_product} {ergonomic}
     bool UseCompressedOops                        = true                                 {lp64_product} {ergonomic}
     bool UseG1GC                                  = true                                      {product} {ergonomic}
     bool UseLargePagesIndividualAllocation        = false                                  {pd product} {ergonomic}

Logging:
Log output configuration:
 #0: stdout all=warning uptime,level,tags
 #1: stderr all=off uptime,level,tags

Environment Variables:
PATH=C:\Program Files (x86)\Common Files\Oracle\Java\javapath;C:\Python39\Scripts\;C:\Python39\;C:\windows\system32;C:\windows;C:\windows\System32\Wbem;C:\windows\System32\WindowsPowerShell\v1.0\;C:\windows\System32\OpenSSH\;C:\ProgramData\chocolatey\bin;C:\Program Files\Git\cmd;C:\Program Files\dotnet\;C:\Users\a.askarinejad\AppData\Local\Microsoft\WindowsApps;;C:\Users\a.askarinejad\AppData\Local\Programs\Microsoft VS Code\bin;C:\Users\a.askarinejad\.dotnet\tools
USERNAME=a.askarinejad
OS=Windows_NT
PROCESSOR_IDENTIFIER=Intel64 Family 6 Model 142 Stepping 11, GenuineIntel



---------------  S Y S T E M  ---------------

OS: Windows 10 , 64 bit Build 18362 (10.0.18362.1500)
OS uptime: 0 days 0:56 hours
Hyper-V role detected

CPU:total 8 (initial active 8) (4 cores per cpu, 2 threads per core) family 6 model 142 stepping 11 microcode 0xde, cmov, cx8, fxsr, mmx, sse, sse2, sse3, ssse3, sse4.1, sse4.2, popcnt, avx, avx2, clmul, erms, 3dnowpref, lzcnt, ht, tsc, tscinvbit, bmi1, bmi2, adx, fma

Memory: 4k page, system-wide physical 8034M (2502M free)
TotalPageFile size 11106M (AvailPageFile size 3990M)
current process WorkingSet (physical memory assigned to process): 186M, peak: 199M
current process commit charge ("private bytes"): 269M, peak: 284M

vm_info: OpenJDK 64-Bit Server VM (11.0.10+0-b96-7249189) for windows-amd64 JRE (11.0.10+0-b96-7249189), built on Mar 31 2021 21:44:00 by "builder" with MS VC++ 14.0 (VS2015)

END.
