#
# A fatal error has been detected by the Java Runtime Environment:
#
#  EXCEPTION_ACCESS_VIOLATION (0xc0000005) at pc=0x00007ffc0da86afc, pid=6860, tid=12744
#
# JRE version: OpenJDK Runtime Environment (11.0.10) (build 11.0.10+0-b96-7249189)
# Java VM: OpenJDK 64-Bit Server VM (11.0.10+0-b96-7249189, mixed mode, tiered, compressed oops, g1 gc, windows-amd64)
# Problematic frame:
# V  [jvm.dll+0x1b6afc]
#
# No core dump will be written. Minidumps are not enabled by default on client versions of Windows
#
# If you would like to submit a bug report, please visit:
#   https://bugreport.java.com/bugreport/crash.jsp
#

---------------  S U M M A R Y ------------

Command Line: -Djava.awt.headless=true -Dorg.gradle.internal.worker.tmpdir=C:\Users\a.askarinejad\StudioProjects\RFIDKotlin\app\build\tmp\testDebugUnitTest\work -Dorg.gradle.native=false --add-opens=java.base/java.util=ALL-UNNAMED --add-opens=java.base/java.lang=ALL-UNNAMED -Xmx512m -Dfile.encoding=UTF-8 -Duser.country=US -Duser.language=en -Duser.variant -ea worker.org.gradle.process.internal.worker.GradleWorkerMain 'Gradle Test Executor 2'

Host: Intel(R) Core(TM) i5-8265U CPU @ 1.60GHz, 8 cores, 7G,  Windows 10 , 64 bit Build 18362 (10.0.18362.1500)
Time: Tue Aug 24 18:37:36 2021 Iran Daylight Time elapsed time: 0.874557 seconds (0d 0h 0m 0s)

---------------  T H R E A D  ---------------

Current thread (0x000001e8fddab000):  JavaThread "C2 CompilerThread0" daemon [_thread_in_native, id=12744, stack(0x000000c7cb300000,0x000000c7cb400000)]


Current CompileTask:
C2:    874  991 %     4       kotlin.UnsignedKt::ulongCompare @ 62 (12 bytes)

Stack: [0x000000c7cb300000,0x000000c7cb400000],  sp=0x000000c7cb3fda20,  free space=1014k
Native frames: (J=compiled Java code, j=interpreted, Vv=VM code, C=native code)
V  [jvm.dll+0x1b6afc]
V  [jvm.dll+0x1b5d8e]
V  [jvm.dll+0x1a723a]
V  [jvm.dll+0x5ff466]
V  [jvm.dll+0x185d3c]
V  [jvm.dll+0x1fa515]
V  [jvm.dll+0x18354c]
V  [jvm.dll+0x208ee7]
V  [jvm.dll+0x207731]
V  [jvm.dll+0x6eb1cf]
V  [jvm.dll+0x6e3d45]
V  [jvm.dll+0x5ebe96]
C  [ucrtbase.dll+0x210b2]
C  [KERNEL32.DLL+0x17c24]
C  [ntdll.dll+0x6d721]


siginfo: EXCEPTION_ACCESS_VIOLATION (0xc0000005), reading address 0x0000000000000014


Register to memory mapping:

RIP=0x00007ffc0da86afc jvm.dll
RAX=0x0000000000000014 is an unknown value
RBX=0x000001e8ff109d60 points into unknown readable memory: 0x000000c7cb3ff640 | 40 f6 3f cb c7 00 00 00
RCX=0x000001e8ff109d60 points into unknown readable memory: 0x000000c7cb3ff640 | 40 f6 3f cb c7 00 00 00
RDX=0x000000000000003e is an unknown value
RSP=0x000000c7cb3fda20 is pointing into the stack for thread: 0x000001e8fddab000
RBP=0x000001e8fecb5580 points into unknown readable memory: 0x000001e8ff109df0 | f0 9d 10 ff e8 01 00 00
RSI=0x000001e8fecb55b0 points into unknown readable memory: 0x000001e8fecb55c0 | c0 55 cb fe e8 01 00 00
RDI=0x000001e8fdda6b80 points into unknown readable memory: 0x0000000000000006 | 06 00 00 00 00 00 00 00
R8 =0x000001e8fecb55b0 points into unknown readable memory: 0x000001e8fecb55c0 | c0 55 cb fe e8 01 00 00
R9 =0x0 is NULL
R10=0x000001e8ff01e2c0 points into unknown readable memory: 0x000001e8fddc6ce0 | e0 6c dc fd e8 01 00 00
R11=0x000001e8ff01ea88 points into unknown readable memory: 0x000001e8fddc6ce0 | e0 6c dc fd e8 01 00 00
R12=0x000001e8fecb5580 points into unknown readable memory: 0x000001e8ff109df0 | f0 9d 10 ff e8 01 00 00
R13=0x000001e8fecb9c18 points into unknown readable memory: 0x081fda1ed211c2a0 | a0 c2 11 d2 1e da 1f 08
R14=0x000001e8fecb1c30 points into unknown readable memory: 0x0000000000000000 | 00 00 00 00 00 00 00 00
R15=0x00000000000000f8 is an unknown value


Registers:
RAX=0x0000000000000014, RBX=0x000001e8ff109d60, RCX=0x000001e8ff109d60, RDX=0x000000000000003e
RSP=0x000000c7cb3fda20, RBP=0x000001e8fecb5580, RSI=0x000001e8fecb55b0, RDI=0x000001e8fdda6b80
R8 =0x000001e8fecb55b0, R9 =0x0000000000000000, R10=0x000001e8ff01e2c0, R11=0x000001e8ff01ea88
R12=0x000001e8fecb5580, R13=0x000001e8fecb9c18, R14=0x000001e8fecb1c30, R15=0x00000000000000f8
RIP=0x00007ffc0da86afc, EFLAGS=0x0000000000010246

Top of Stack: (sp=0x000000c7cb3fda20)
0x000000c7cb3fda20:   000001e8ff109d60 000001e8fecb5580
0x000000c7cb3fda30:   000001e8ff108600 000001e8fdda6b80
0x000000c7cb3fda40:   000001e800000000 00007ffc0dfcd3eb
0x000000c7cb3fda50:   00000000000000f8 0000000000000000
0x000000c7cb3fda60:   000001e8ff108760 0000000000000000
0x000000c7cb3fda70:   000000000000003e 00007ffc0da85d8e
0x000000c7cb3fda80:   00000000000083b0 000001e8ff109d60
0x000000c7cb3fda90:   000000000000001d 000001e8ff108600
0x000000c7cb3fdaa0:   000001e8ff109d60 00007ffc0da7723a
0x000000c7cb3fdab0:   000000c7cb3ff640 000000000000001d
0x000000c7cb3fdac0:   000001e8ff108600 0000000000000000
0x000000c7cb3fdad0:   000001e8feb9a310 00007ffc0decf466
0x000000c7cb3fdae0:   0000000000000000 000000c7cb3fdb60
0x000000c7cb3fdaf0:   0000000000000000 0000000000000001
0x000000c7cb3fdb00:   0000000000000001 00007ffc0da85ad6
0x000000c7cb3fdb10:   0000000000000000 0000000000000000 

Instructions: (pc=0x00007ffc0da86afc)
0x00007ffc0da869fc:   48 8b d0 48 8b 40 50 48 85 c0 75 e8 48 85 d2 74
0x00007ffc0da86a0c:   0a 48 89 43 50 48 89 5a 50 eb 08 4c 89 4b 50 48
0x00007ffc0da86a1c:   89 5e 50 48 ff c7 48 3b fd 7c 89 48 8b 5c 24 40
0x00007ffc0da86a2c:   48 8b 6c 24 48 48 8b 74 24 50 48 83 c4 20 41 5f
0x00007ffc0da86a3c:   41 5e 5f c3 40 57 41 54 41 55 41 56 48 83 ec 38
0x00007ffc0da86a4c:   8b 15 2a cd 87 00 65 48 8b 04 25 58 00 00 00 48
0x00007ffc0da86a5c:   89 5c 24 68 48 8b d9 b9 08 00 00 00 48 89 6c 24
0x00007ffc0da86a6c:   70 48 8b 04 d0 48 89 74 24 78 4c 89 7c 24 30 48
0x00007ffc0da86a7c:   8b 14 08 48 8b ba 78 02 00 00 33 d2 48 8b 47 28
0x00007ffc0da86a8c:   8d 4a 28 4c 8b 77 10 4c 8b 67 18 4c 8b 6f 20 48
0x00007ffc0da86a9c:   89 44 24 60 e8 5b 1f 49 00 48 85 c0 74 10 48 8b
0x00007ffc0da86aac:   d3 48 8b c8 e8 3b d0 ff ff 48 8b e8 eb 02 33 ed
0x00007ffc0da86abc:   33 d2 8d 4a 08 e8 3a 1f 49 00 48 85 c0 74 13 33
0x00007ffc0da86acc:   d2 48 8b c8 44 8d 42 10 e8 b7 ce ff ff 48 8b f0
0x00007ffc0da86adc:   eb 02 33 f6 48 8b 4b 10 33 d2 83 7b 18 ff 0f 45
0x00007ffc0da86aec:   53 18 e8 6d 31 ff ff 45 33 c9 4c 8b c6 48 8b cb
0x00007ffc0da86afc:   8b 10 e8 4d 01 00 00 48 8b cb 4c 8b f8 e8 82 03
0x00007ffc0da86b0c:   00 00 48 8b 0b 48 83 79 60 00 0f 85 ec 00 00 00
0x00007ffc0da86b1c:   48 83 7b 30 00 0f 85 e1 00 00 00 49 8b 4f 28 48
0x00007ffc0da86b2c:   8b d0 e8 dd 0f 00 00 4c 8b cd 48 89 74 24 20 41
0x00007ffc0da86b3c:   b0 01 49 8b d7 48 8b cb e8 07 ec ff ff 48 8b 0b
0x00007ffc0da86b4c:   48 83 79 60 00 0f 85 b1 00 00 00 48 83 7b 30 00
0x00007ffc0da86b5c:   0f 85 a6 00 00 00 48 8b 43 68 48 83 78 10 00 74
0x00007ffc0da86b6c:   68 e8 3e 76 fe ff 83 f8 04 7c 5e 48 8b 53 68 4c
0x00007ffc0da86b7c:   8b ce 4c 8b c5 48 8b cb e8 c7 e6 ff ff 84 c0 74
0x00007ffc0da86b8c:   48 48 8b 43 68 33 d2 48 89 50 10 48 8b 43 58 48
0x00007ffc0da86b9c:   85 c0 74 1f 48 8b 48 58 48 c7 40 40 ff ff ff ff
0x00007ffc0da86bac:   48 89 50 60 88 50 49 48 89 50 58 48 8b c1 48 85
0x00007ffc0da86bbc:   c9 75 e1 4c 8b cd 48 89 74 24 20 45 33 c0 49 8b
0x00007ffc0da86bcc:   d7 48 8b cb e8 7b eb ff ff 48 83 7b 50 00 74 2c
0x00007ffc0da86bdc:   45 33 ff 90 48 8b 53 50 4c 8b ce 4c 8b c5 48 8b
0x00007ffc0da86bec:   cb 48 8b 42 50 48 89 43 50 4c 89 7a 50 44 88 7a 


Stack slot to memory mapping:
stack at sp + 0 slots: 0x000001e8ff109d60 points into unknown readable memory: 0x000000c7cb3ff640 | 40 f6 3f cb c7 00 00 00
stack at sp + 1 slots: 0x000001e8fecb5580 points into unknown readable memory: 0x000001e8ff109df0 | f0 9d 10 ff e8 01 00 00
stack at sp + 2 slots: 0x000001e8ff108600 points into unknown readable memory: 0x00007ffc0e0cd970 | 70 d9 0c 0e fc 7f 00 00
stack at sp + 3 slots: 0x000001e8fdda6b80 points into unknown readable memory: 0x0000000000000006 | 06 00 00 00 00 00 00 00
stack at sp + 4 slots: 0x000001e800000000 is an unknown value
stack at sp + 5 slots: 0x00007ffc0dfcd3eb jvm.dll
stack at sp + 6 slots: 0x00000000000000f8 is an unknown value
stack at sp + 7 slots: 0x0 is NULL


---------------  P R O C E S S  ---------------

Threads class SMR info:
_java_thread_list=0x000001e8feeb7f50, length=10, elements={
0x000001e8f42f8800, 0x000001e8fdd8b800, 0x000001e8fdd8e800, 0x000001e8fe712800,
0x000001e8fdda4000, 0x000001e8fdda6000, 0x000001e8fddab000, 0x000001e8fddb6800,
0x000001e8fddbe000, 0x000001e8fe93b000
}

Java Threads: ( => current thread )
  0x000001e8f42f8800 JavaThread "main" [_thread_blocked, id=3256, stack(0x000000c7ca700000,0x000000c7ca800000)]
  0x000001e8fdd8b800 JavaThread "Reference Handler" daemon [_thread_blocked, id=11300, stack(0x000000c7cae00000,0x000000c7caf00000)]
  0x000001e8fdd8e800 JavaThread "Finalizer" daemon [_thread_blocked, id=7216, stack(0x000000c7caf00000,0x000000c7cb000000)]
  0x000001e8fe712800 JavaThread "Signal Dispatcher" daemon [_thread_blocked, id=13528, stack(0x000000c7cb000000,0x000000c7cb100000)]
  0x000001e8fdda4000 JavaThread "Attach Listener" daemon [_thread_blocked, id=4436, stack(0x000000c7cb100000,0x000000c7cb200000)]
  0x000001e8fdda6000 JavaThread "Service Thread" daemon [_thread_blocked, id=11156, stack(0x000000c7cb200000,0x000000c7cb300000)]
=>0x000001e8fddab000 JavaThread "C2 CompilerThread0" daemon [_thread_in_native, id=12744, stack(0x000000c7cb300000,0x000000c7cb400000)]
  0x000001e8fddb6800 JavaThread "C1 CompilerThread0" daemon [_thread_blocked, id=3320, stack(0x000000c7cb400000,0x000000c7cb500000)]
  0x000001e8fddbe000 JavaThread "Sweeper thread" daemon [_thread_blocked, id=5012, stack(0x000000c7cb500000,0x000000c7cb600000)]
  0x000001e8fe93b000 JavaThread "Common-Cleaner" daemon [_thread_blocked, id=8856, stack(0x000000c7cb600000,0x000000c7cb700000)]

Other Threads:
  0x000001e8fdd89800 VMThread "VM Thread" [stack: 0x000000c7cad00000,0x000000c7cae00000] [id=8048]
  0x000001e8fe940000 WatcherThread [stack: 0x000000c7cb700000,0x000000c7cb800000] [id=8968]
  0x000001e8f4310800 GCTaskThread "GC Thread#0" [stack: 0x000000c7ca800000,0x000000c7ca900000] [id=1660]
  0x000001e8f4322000 ConcurrentGCThread "G1 Main Marker" [stack: 0x000000c7ca900000,0x000000c7caa00000] [id=1748]
  0x000001e8f4323800 ConcurrentGCThread "G1 Conc#0" [stack: 0x000000c7caa00000,0x000000c7cab00000] [id=7892]
  0x000001e8f43b0800 ConcurrentGCThread "G1 Refine#0" [stack: 0x000000c7cab00000,0x000000c7cac00000] [id=11268]
  0x000001e8fdbe0800 ConcurrentGCThread "G1 Young RemSet Sampling" [stack: 0x000000c7cac00000,0x000000c7cad00000] [id=9856]

Threads with active compile tasks:
C2 CompilerThread0    976  991 %     4       kotlin.UnsignedKt::ulongCompare @ 62 (12 bytes)

VM state:not at safepoint (normal execution)

VM Mutex/Monitor currently owned by a thread: None

Heap address: 0x00000000e0000000, size: 512 MB, Compressed Oops mode: 32-bit
Narrow klass base: 0x0000000000000000, Narrow klass shift: 3
Compressed class space size: 1073741824 Address: 0x0000000100000000

Heap:
 garbage-first heap   total 129024K, used 16384K [0x00000000e0000000, 0x0000000100000000)
  region size 1024K, 18 young (18432K), 0 survivors (0K)
 Metaspace       used 13280K, capacity 13515K, committed 13568K, reserved 1060864K
  class space    used 1437K, capacity 1526K, committed 1536K, reserved 1048576K
Heap Regions: E=young(eden), S=young(survivor), O=old, HS=humongous(starts), HC=humongous(continues), CS=collection set, F=free, A=archive, TAMS=top-at-mark-start (previous, next)
|   0|0x00000000e0000000, 0x00000000e0000000, 0x00000000e0100000|  0%| F|  |TAMS 0x00000000e0000000, 0x00000000e0000000| Untracked 
|   1|0x00000000e0100000, 0x00000000e0100000, 0x00000000e0200000|  0%| F|  |TAMS 0x00000000e0100000, 0x00000000e0100000| Untracked 
|   2|0x00000000e0200000, 0x00000000e0200000, 0x00000000e0300000|  0%| F|  |TAMS 0x00000000e0200000, 0x00000000e0200000| Untracked 
|   3|0x00000000e0300000, 0x00000000e0300000, 0x00000000e0400000|  0%| F|  |TAMS 0x00000000e0300000, 0x00000000e0300000| Untracked 
|   4|0x00000000e0400000, 0x00000000e0400000, 0x00000000e0500000|  0%| F|  |TAMS 0x00000000e0400000, 0x00000000e0400000| Untracked 
|   5|0x00000000e0500000, 0x00000000e0500000, 0x00000000e0600000|  0%| F|  |TAMS 0x00000000e0500000, 0x00000000e0500000| Untracked 
|   6|0x00000000e0600000, 0x00000000e0600000, 0x00000000e0700000|  0%| F|  |TAMS 0x00000000e0600000, 0x00000000e0600000| Untracked 
|   7|0x00000000e0700000, 0x00000000e0700000, 0x00000000e0800000|  0%| F|  |TAMS 0x00000000e0700000, 0x00000000e0700000| Untracked 
|   8|0x00000000e0800000, 0x00000000e0800000, 0x00000000e0900000|  0%| F|  |TAMS 0x00000000e0800000, 0x00000000e0800000| Untracked 
|   9|0x00000000e0900000, 0x00000000e0900000, 0x00000000e0a00000|  0%| F|  |TAMS 0x00000000e0900000, 0x00000000e0900000| Untracked 
|  10|0x00000000e0a00000, 0x00000000e0a00000, 0x00000000e0b00000|  0%| F|  |TAMS 0x00000000e0a00000, 0x00000000e0a00000| Untracked 
|  11|0x00000000e0b00000, 0x00000000e0b00000, 0x00000000e0c00000|  0%| F|  |TAMS 0x00000000e0b00000, 0x00000000e0b00000| Untracked 
|  12|0x00000000e0c00000, 0x00000000e0c00000, 0x00000000e0d00000|  0%| F|  |TAMS 0x00000000e0c00000, 0x00000000e0c00000| Untracked 
|  13|0x00000000e0d00000, 0x00000000e0d00000, 0x00000000e0e00000|  0%| F|  |TAMS 0x00000000e0d00000, 0x00000000e0d00000| Untracked 
|  14|0x00000000e0e00000, 0x00000000e0e00000, 0x00000000e0f00000|  0%| F|  |TAMS 0x00000000e0e00000, 0x00000000e0e00000| Untracked 
|  15|0x00000000e0f00000, 0x00000000e0f00000, 0x00000000e1000000|  0%| F|  |TAMS 0x00000000e0f00000, 0x00000000e0f00000| Untracked 
|  16|0x00000000e1000000, 0x00000000e1000000, 0x00000000e1100000|  0%| F|  |TAMS 0x00000000e1000000, 0x00000000e1000000| Untracked 
|  17|0x00000000e1100000, 0x00000000e1100000, 0x00000000e1200000|  0%| F|  |TAMS 0x00000000e1100000, 0x00000000e1100000| Untracked 
|  18|0x00000000e1200000, 0x00000000e1200000, 0x00000000e1300000|  0%| F|  |TAMS 0x00000000e1200000, 0x00000000e1200000| Untracked 
|  19|0x00000000e1300000, 0x00000000e1300000, 0x00000000e1400000|  0%| F|  |TAMS 0x00000000e1300000, 0x00000000e1300000| Untracked 
|  20|0x00000000e1400000, 0x00000000e1400000, 0x00000000e1500000|  0%| F|  |TAMS 0x00000000e1400000, 0x00000000e1400000| Untracked 
|  21|0x00000000e1500000, 0x00000000e1500000, 0x00000000e1600000|  0%| F|  |TAMS 0x00000000e1500000, 0x00000000e1500000| Untracked 
|  22|0x00000000e1600000, 0x00000000e1600000, 0x00000000e1700000|  0%| F|  |TAMS 0x00000000e1600000, 0x00000000e1600000| Untracked 
|  23|0x00000000e1700000, 0x00000000e1700000, 0x00000000e1800000|  0%| F|  |TAMS 0x00000000e1700000, 0x00000000e1700000| Untracked 
|  24|0x00000000e1800000, 0x00000000e1800000, 0x00000000e1900000|  0%| F|  |TAMS 0x00000000e1800000, 0x00000000e1800000| Untracked 
|  25|0x00000000e1900000, 0x00000000e1900000, 0x00000000e1a00000|  0%| F|  |TAMS 0x00000000e1900000, 0x00000000e1900000| Untracked 
|  26|0x00000000e1a00000, 0x00000000e1a00000, 0x00000000e1b00000|  0%| F|  |TAMS 0x00000000e1a00000, 0x00000000e1a00000| Untracked 
|  27|0x00000000e1b00000, 0x00000000e1b00000, 0x00000000e1c00000|  0%| F|  |TAMS 0x00000000e1b00000, 0x00000000e1b00000| Untracked 
|  28|0x00000000e1c00000, 0x00000000e1c00000, 0x00000000e1d00000|  0%| F|  |TAMS 0x00000000e1c00000, 0x00000000e1c00000| Untracked 
|  29|0x00000000e1d00000, 0x00000000e1d00000, 0x00000000e1e00000|  0%| F|  |TAMS 0x00000000e1d00000, 0x00000000e1d00000| Untracked 
|  30|0x00000000e1e00000, 0x00000000e1e00000, 0x00000000e1f00000|  0%| F|  |TAMS 0x00000000e1e00000, 0x00000000e1e00000| Untracked 
|  31|0x00000000e1f00000, 0x00000000e1f00000, 0x00000000e2000000|  0%| F|  |TAMS 0x00000000e1f00000, 0x00000000e1f00000| Untracked 
|  32|0x00000000e2000000, 0x00000000e2000000, 0x00000000e2100000|  0%| F|  |TAMS 0x00000000e2000000, 0x00000000e2000000| Untracked 
|  33|0x00000000e2100000, 0x00000000e2100000, 0x00000000e2200000|  0%| F|  |TAMS 0x00000000e2100000, 0x00000000e2100000| Untracked 
|  34|0x00000000e2200000, 0x00000000e2200000, 0x00000000e2300000|  0%| F|  |TAMS 0x00000000e2200000, 0x00000000e2200000| Untracked 
|  35|0x00000000e2300000, 0x00000000e2300000, 0x00000000e2400000|  0%| F|  |TAMS 0x00000000e2300000, 0x00000000e2300000| Untracked 
|  36|0x00000000e2400000, 0x00000000e2400000, 0x00000000e2500000|  0%| F|  |TAMS 0x00000000e2400000, 0x00000000e2400000| Untracked 
|  37|0x00000000e2500000, 0x00000000e2500000, 0x00000000e2600000|  0%| F|  |TAMS 0x00000000e2500000, 0x00000000e2500000| Untracked 
|  38|0x00000000e2600000, 0x00000000e2600000, 0x00000000e2700000|  0%| F|  |TAMS 0x00000000e2600000, 0x00000000e2600000| Untracked 
|  39|0x00000000e2700000, 0x00000000e2700000, 0x00000000e2800000|  0%| F|  |TAMS 0x00000000e2700000, 0x00000000e2700000| Untracked 
|  40|0x00000000e2800000, 0x00000000e2800000, 0x00000000e2900000|  0%| F|  |TAMS 0x00000000e2800000, 0x00000000e2800000| Untracked 
|  41|0x00000000e2900000, 0x00000000e2900000, 0x00000000e2a00000|  0%| F|  |TAMS 0x00000000e2900000, 0x00000000e2900000| Untracked 
|  42|0x00000000e2a00000, 0x00000000e2a00000, 0x00000000e2b00000|  0%| F|  |TAMS 0x00000000e2a00000, 0x00000000e2a00000| Untracked 
|  43|0x00000000e2b00000, 0x00000000e2b00000, 0x00000000e2c00000|  0%| F|  |TAMS 0x00000000e2b00000, 0x00000000e2b00000| Untracked 
|  44|0x00000000e2c00000, 0x00000000e2c00000, 0x00000000e2d00000|  0%| F|  |TAMS 0x00000000e2c00000, 0x00000000e2c00000| Untracked 
|  45|0x00000000e2d00000, 0x00000000e2d00000, 0x00000000e2e00000|  0%| F|  |TAMS 0x00000000e2d00000, 0x00000000e2d00000| Untracked 
|  46|0x00000000e2e00000, 0x00000000e2e00000, 0x00000000e2f00000|  0%| F|  |TAMS 0x00000000e2e00000, 0x00000000e2e00000| Untracked 
|  47|0x00000000e2f00000, 0x00000000e2f00000, 0x00000000e3000000|  0%| F|  |TAMS 0x00000000e2f00000, 0x00000000e2f00000| Untracked 
|  48|0x00000000e3000000, 0x00000000e3000000, 0x00000000e3100000|  0%| F|  |TAMS 0x00000000e3000000, 0x00000000e3000000| Untracked 
|  49|0x00000000e3100000, 0x00000000e3100000, 0x00000000e3200000|  0%| F|  |TAMS 0x00000000e3100000, 0x00000000e3100000| Untracked 
|  50|0x00000000e3200000, 0x00000000e3200000, 0x00000000e3300000|  0%| F|  |TAMS 0x00000000e3200000, 0x00000000e3200000| Untracked 
|  51|0x00000000e3300000, 0x00000000e3300000, 0x00000000e3400000|  0%| F|  |TAMS 0x00000000e3300000, 0x00000000e3300000| Untracked 
|  52|0x00000000e3400000, 0x00000000e3400000, 0x00000000e3500000|  0%| F|  |TAMS 0x00000000e3400000, 0x00000000e3400000| Untracked 
|  53|0x00000000e3500000, 0x00000000e3500000, 0x00000000e3600000|  0%| F|  |TAMS 0x00000000e3500000, 0x00000000e3500000| Untracked 
|  54|0x00000000e3600000, 0x00000000e3600000, 0x00000000e3700000|  0%| F|  |TAMS 0x00000000e3600000, 0x00000000e3600000| Untracked 
|  55|0x00000000e3700000, 0x00000000e3700000, 0x00000000e3800000|  0%| F|  |TAMS 0x00000000e3700000, 0x00000000e3700000| Untracked 
|  56|0x00000000e3800000, 0x00000000e3800000, 0x00000000e3900000|  0%| F|  |TAMS 0x00000000e3800000, 0x00000000e3800000| Untracked 
|  57|0x00000000e3900000, 0x00000000e3900000, 0x00000000e3a00000|  0%| F|  |TAMS 0x00000000e3900000, 0x00000000e3900000| Untracked 
|  58|0x00000000e3a00000, 0x00000000e3a00000, 0x00000000e3b00000|  0%| F|  |TAMS 0x00000000e3a00000, 0x00000000e3a00000| Untracked 
|  59|0x00000000e3b00000, 0x00000000e3b00000, 0x00000000e3c00000|  0%| F|  |TAMS 0x00000000e3b00000, 0x00000000e3b00000| Untracked 
|  60|0x00000000e3c00000, 0x00000000e3c00000, 0x00000000e3d00000|  0%| F|  |TAMS 0x00000000e3c00000, 0x00000000e3c00000| Untracked 
|  61|0x00000000e3d00000, 0x00000000e3d00000, 0x00000000e3e00000|  0%| F|  |TAMS 0x00000000e3d00000, 0x00000000e3d00000| Untracked 
|  62|0x00000000e3e00000, 0x00000000e3e00000, 0x00000000e3f00000|  0%| F|  |TAMS 0x00000000e3e00000, 0x00000000e3e00000| Untracked 
|  63|0x00000000e3f00000, 0x00000000e3f00000, 0x00000000e4000000|  0%| F|  |TAMS 0x00000000e3f00000, 0x00000000e3f00000| Untracked 
|  64|0x00000000e4000000, 0x00000000e4000000, 0x00000000e4100000|  0%| F|  |TAMS 0x00000000e4000000, 0x00000000e4000000| Untracked 
|  65|0x00000000e4100000, 0x00000000e4100000, 0x00000000e4200000|  0%| F|  |TAMS 0x00000000e4100000, 0x00000000e4100000| Untracked 
|  66|0x00000000e4200000, 0x00000000e4200000, 0x00000000e4300000|  0%| F|  |TAMS 0x00000000e4200000, 0x00000000e4200000| Untracked 
|  67|0x00000000e4300000, 0x00000000e4300000, 0x00000000e4400000|  0%| F|  |TAMS 0x00000000e4300000, 0x00000000e4300000| Untracked 
|  68|0x00000000e4400000, 0x00000000e4400000, 0x00000000e4500000|  0%| F|  |TAMS 0x00000000e4400000, 0x00000000e4400000| Untracked 
|  69|0x00000000e4500000, 0x00000000e4500000, 0x00000000e4600000|  0%| F|  |TAMS 0x00000000e4500000, 0x00000000e4500000| Untracked 
|  70|0x00000000e4600000, 0x00000000e4600000, 0x00000000e4700000|  0%| F|  |TAMS 0x00000000e4600000, 0x00000000e4600000| Untracked 
|  71|0x00000000e4700000, 0x00000000e4700000, 0x00000000e4800000|  0%| F|  |TAMS 0x00000000e4700000, 0x00000000e4700000| Untracked 
|  72|0x00000000e4800000, 0x00000000e4800000, 0x00000000e4900000|  0%| F|  |TAMS 0x00000000e4800000, 0x00000000e4800000| Untracked 
|  73|0x00000000e4900000, 0x00000000e4900000, 0x00000000e4a00000|  0%| F|  |TAMS 0x00000000e4900000, 0x00000000e4900000| Untracked 
|  74|0x00000000e4a00000, 0x00000000e4a00000, 0x00000000e4b00000|  0%| F|  |TAMS 0x00000000e4a00000, 0x00000000e4a00000| Untracked 
|  75|0x00000000e4b00000, 0x00000000e4b00000, 0x00000000e4c00000|  0%| F|  |TAMS 0x00000000e4b00000, 0x00000000e4b00000| Untracked 
|  76|0x00000000e4c00000, 0x00000000e4c00000, 0x00000000e4d00000|  0%| F|  |TAMS 0x00000000e4c00000, 0x00000000e4c00000| Untracked 
|  77|0x00000000e4d00000, 0x00000000e4d00000, 0x00000000e4e00000|  0%| F|  |TAMS 0x00000000e4d00000, 0x00000000e4d00000| Untracked 
|  78|0x00000000e4e00000, 0x00000000e4e00000, 0x00000000e4f00000|  0%| F|  |TAMS 0x00000000e4e00000, 0x00000000e4e00000| Untracked 
|  79|0x00000000e4f00000, 0x00000000e4f00000, 0x00000000e5000000|  0%| F|  |TAMS 0x00000000e4f00000, 0x00000000e4f00000| Untracked 
|  80|0x00000000e5000000, 0x00000000e5000000, 0x00000000e5100000|  0%| F|  |TAMS 0x00000000e5000000, 0x00000000e5000000| Untracked 
|  81|0x00000000e5100000, 0x00000000e5100000, 0x00000000e5200000|  0%| F|  |TAMS 0x00000000e5100000, 0x00000000e5100000| Untracked 
|  82|0x00000000e5200000, 0x00000000e5200000, 0x00000000e5300000|  0%| F|  |TAMS 0x00000000e5200000, 0x00000000e5200000| Untracked 
|  83|0x00000000e5300000, 0x00000000e5300000, 0x00000000e5400000|  0%| F|  |TAMS 0x00000000e5300000, 0x00000000e5300000| Untracked 
|  84|0x00000000e5400000, 0x00000000e5400000, 0x00000000e5500000|  0%| F|  |TAMS 0x00000000e5400000, 0x00000000e5400000| Untracked 
|  85|0x00000000e5500000, 0x00000000e5500000, 0x00000000e5600000|  0%| F|  |TAMS 0x00000000e5500000, 0x00000000e5500000| Untracked 
|  86|0x00000000e5600000, 0x00000000e5600000, 0x00000000e5700000|  0%| F|  |TAMS 0x00000000e5600000, 0x00000000e5600000| Untracked 
|  87|0x00000000e5700000, 0x00000000e5700000, 0x00000000e5800000|  0%| F|  |TAMS 0x00000000e5700000, 0x00000000e5700000| Untracked 
|  88|0x00000000e5800000, 0x00000000e5800000, 0x00000000e5900000|  0%| F|  |TAMS 0x00000000e5800000, 0x00000000e5800000| Untracked 
|  89|0x00000000e5900000, 0x00000000e5900000, 0x00000000e5a00000|  0%| F|  |TAMS 0x00000000e5900000, 0x00000000e5900000| Untracked 
|  90|0x00000000e5a00000, 0x00000000e5a00000, 0x00000000e5b00000|  0%| F|  |TAMS 0x00000000e5a00000, 0x00000000e5a00000| Untracked 
|  91|0x00000000e5b00000, 0x00000000e5b00000, 0x00000000e5c00000|  0%| F|  |TAMS 0x00000000e5b00000, 0x00000000e5b00000| Untracked 
|  92|0x00000000e5c00000, 0x00000000e5c00000, 0x00000000e5d00000|  0%| F|  |TAMS 0x00000000e5c00000, 0x00000000e5c00000| Untracked 
|  93|0x00000000e5d00000, 0x00000000e5d00000, 0x00000000e5e00000|  0%| F|  |TAMS 0x00000000e5d00000, 0x00000000e5d00000| Untracked 
|  94|0x00000000e5e00000, 0x00000000e5e00000, 0x00000000e5f00000|  0%| F|  |TAMS 0x00000000e5e00000, 0x00000000e5e00000| Untracked 
|  95|0x00000000e5f00000, 0x00000000e5f00000, 0x00000000e6000000|  0%| F|  |TAMS 0x00000000e5f00000, 0x00000000e5f00000| Untracked 
|  96|0x00000000e6000000, 0x00000000e6000000, 0x00000000e6100000|  0%| F|  |TAMS 0x00000000e6000000, 0x00000000e6000000| Untracked 
|  97|0x00000000e6100000, 0x00000000e6100000, 0x00000000e6200000|  0%| F|  |TAMS 0x00000000e6100000, 0x00000000e6100000| Untracked 
|  98|0x00000000e6200000, 0x00000000e6200000, 0x00000000e6300000|  0%| F|  |TAMS 0x00000000e6200000, 0x00000000e6200000| Untracked 
|  99|0x00000000e6300000, 0x00000000e6300000, 0x00000000e6400000|  0%| F|  |TAMS 0x00000000e6300000, 0x00000000e6300000| Untracked 
| 100|0x00000000e6400000, 0x00000000e6400000, 0x00000000e6500000|  0%| F|  |TAMS 0x00000000e6400000, 0x00000000e6400000| Untracked 
| 101|0x00000000e6500000, 0x00000000e6500000, 0x00000000e6600000|  0%| F|  |TAMS 0x00000000e6500000, 0x00000000e6500000| Untracked 
| 102|0x00000000e6600000, 0x00000000e6600000, 0x00000000e6700000|  0%| F|  |TAMS 0x00000000e6600000, 0x00000000e6600000| Untracked 
| 103|0x00000000e6700000, 0x00000000e6700000, 0x00000000e6800000|  0%| F|  |TAMS 0x00000000e6700000, 0x00000000e6700000| Untracked 
| 104|0x00000000e6800000, 0x00000000e6800000, 0x00000000e6900000|  0%| F|  |TAMS 0x00000000e6800000, 0x00000000e6800000| Untracked 
| 105|0x00000000e6900000, 0x00000000e6900000, 0x00000000e6a00000|  0%| F|  |TAMS 0x00000000e6900000, 0x00000000e6900000| Untracked 
| 106|0x00000000e6a00000, 0x00000000e6a00000, 0x00000000e6b00000|  0%| F|  |TAMS 0x00000000e6a00000, 0x00000000e6a00000| Untracked 
| 107|0x00000000e6b00000, 0x00000000e6b00000, 0x00000000e6c00000|  0%| F|  |TAMS 0x00000000e6b00000, 0x00000000e6b00000| Untracked 
| 108|0x00000000e6c00000, 0x00000000e6d00000, 0x00000000e6d00000|100%| E|  |TAMS 0x00000000e6c00000, 0x00000000e6c00000| Complete 
| 109|0x00000000e6d00000, 0x00000000e6e00000, 0x00000000e6e00000|100%| E|CS|TAMS 0x00000000e6d00000, 0x00000000e6d00000| Complete 
| 110|0x00000000e6e00000, 0x00000000e6f00000, 0x00000000e6f00000|100%| E|CS|TAMS 0x00000000e6e00000, 0x00000000e6e00000| Complete 
| 111|0x00000000e6f00000, 0x00000000e7000000, 0x00000000e7000000|100%| E|CS|TAMS 0x00000000e6f00000, 0x00000000e6f00000| Complete 
| 112|0x00000000e7000000, 0x00000000e7100000, 0x00000000e7100000|100%| E|CS|TAMS 0x00000000e7000000, 0x00000000e7000000| Complete 
| 113|0x00000000e7100000, 0x00000000e7200000, 0x00000000e7200000|100%| E|CS|TAMS 0x00000000e7100000, 0x00000000e7100000| Complete 
| 114|0x00000000e7200000, 0x00000000e7300000, 0x00000000e7300000|100%| E|CS|TAMS 0x00000000e7200000, 0x00000000e7200000| Complete 
| 115|0x00000000e7300000, 0x00000000e7400000, 0x00000000e7400000|100%| E|CS|TAMS 0x00000000e7300000, 0x00000000e7300000| Complete 
| 116|0x00000000e7400000, 0x00000000e7500000, 0x00000000e7500000|100%| E|CS|TAMS 0x00000000e7400000, 0x00000000e7400000| Complete 
| 117|0x00000000e7500000, 0x00000000e7600000, 0x00000000e7600000|100%| E|CS|TAMS 0x00000000e7500000, 0x00000000e7500000| Complete 
| 118|0x00000000e7600000, 0x00000000e7700000, 0x00000000e7700000|100%| E|CS|TAMS 0x00000000e7600000, 0x00000000e7600000| Complete 
| 119|0x00000000e7700000, 0x00000000e7800000, 0x00000000e7800000|100%| E|CS|TAMS 0x00000000e7700000, 0x00000000e7700000| Complete 
| 120|0x00000000e7800000, 0x00000000e7900000, 0x00000000e7900000|100%| E|  |TAMS 0x00000000e7800000, 0x00000000e7800000| Complete 
| 121|0x00000000e7900000, 0x00000000e7a00000, 0x00000000e7a00000|100%| E|CS|TAMS 0x00000000e7900000, 0x00000000e7900000| Complete 
| 122|0x00000000e7a00000, 0x00000000e7b00000, 0x00000000e7b00000|100%| E|CS|TAMS 0x00000000e7a00000, 0x00000000e7a00000| Complete 
| 123|0x00000000e7b00000, 0x00000000e7c00000, 0x00000000e7c00000|100%| E|CS|TAMS 0x00000000e7b00000, 0x00000000e7b00000| Complete 
| 124|0x00000000e7c00000, 0x00000000e7d00000, 0x00000000e7d00000|100%| E|CS|TAMS 0x00000000e7c00000, 0x00000000e7c00000| Complete 
| 125|0x00000000e7d00000, 0x00000000e7e00000, 0x00000000e7e00000|100%| E|CS|TAMS 0x00000000e7d00000, 0x00000000e7d00000| Complete 

Card table byte_map: [0x000001e8fa150000,0x000001e8fa250000] _byte_map_base: 0x000001e8f9a50000

Marking Bits (Prev, Next): (CMBitMap*) 0x000001e8f431f5f8, (CMBitMap*) 0x000001e8f431f630
 Prev Bits: [0x000001e8fa350000, 0x000001e8fab50000)
 Next Bits: [0x000001e8fab50000, 0x000001e8fb350000)

Polling page: 0x000001e8f41a0000

Metaspace:

Usage:
  Non-class:     11.71 MB capacity,    11.57 MB ( 99%) used,   127.56 KB (  1%) free+waste,    17.88 KB ( <1%) overhead. 
      Class:      1.49 MB capacity,     1.40 MB ( 94%) used,    79.95 KB (  5%) free+waste,     8.63 KB ( <1%) overhead. 
       Both:     13.20 MB capacity,    12.97 MB ( 98%) used,   207.51 KB (  2%) free+waste,    26.50 KB ( <1%) overhead. 

Virtual space:
  Non-class space:       12.00 MB reserved,      11.75 MB ( 98%) committed 
      Class space:        1.00 GB reserved,       1.50 MB ( <1%) committed 
             Both:        1.01 GB reserved,      13.25 MB (  1%) committed 

Chunk freelists:
   Non-Class:  43.00 KB
       Class:  10.00 KB
        Both:  53.00 KB

MaxMetaspaceSize: 17179869184.00 GB
CompressedClassSpaceSize: 1.00 GB

CodeHeap 'non-profiled nmethods': size=120000Kb used=285Kb max_used=285Kb free=119714Kb
 bounds [0x000001e887ad0000, 0x000001e887d40000, 0x000001e88f000000]
CodeHeap 'profiled nmethods': size=120000Kb used=1833Kb max_used=1833Kb free=118166Kb
 bounds [0x000001e8805a0000, 0x000001e880810000, 0x000001e887ad0000]
CodeHeap 'non-nmethods': size=5760Kb used=1093Kb max_used=1111Kb free=4666Kb
 bounds [0x000001e880000000, 0x000001e880270000, 0x000001e8805a0000]
 total_blobs=1400 nmethods=995 adapters=317
 compilation: enabled
              stopped_count=0, restarted_count=0
 full_count=0

Compilation events (20 events):
Event: 0.849 Thread 0x000001e8fddb6800 nmethod 978 0x000001e887b13310 code [0x000001e887b134c0, 0x000001e887b13558]
Event: 0.851 Thread 0x000001e8fddb6800  979       3       sun.net.www.protocol.file.Handler::parseURL (18 bytes)
Event: 0.851 Thread 0x000001e8fddb6800 nmethod 979 0x000001e880756010 code [0x000001e8807561e0, 0x000001e880756378]
Event: 0.851 Thread 0x000001e8fddb6800  980       3       java.net.URLStreamHandler::parseURL (1201 bytes)
Event: 0.860 Thread 0x000001e8fddab000 nmethod 956 0x000001e887b13610 code [0x000001e887b13880, 0x000001e887b153a0]
Event: 0.860 Thread 0x000001e8fddab000  961       4       java.lang.String::isEmpty (14 bytes)
Event: 0.860 Thread 0x000001e8fddab000 nmethod 961 0x000001e887b15d90 code [0x000001e887b15f20, 0x000001e887b15f98]
Event: 0.860 Thread 0x000001e8fddab000  970       4       java.lang.invoke.MethodType::parameterCount (6 bytes)
Event: 0.860 Thread 0x000001e8fddab000 nmethod 970 0x000001e887b16010 code [0x000001e887b161a0, 0x000001e887b16218]
Event: 0.869 Thread 0x000001e8fddb6800 nmethod 980 0x000001e880756490 code [0x000001e880757720, 0x000001e880762c08]
Event: 0.869 Thread 0x000001e8fddb6800  987       2       kotlin.UnsignedKt::ulongCompare (12 bytes)
Event: 0.869 Thread 0x000001e8fddb6800 nmethod 987 0x000001e880766f90 code [0x000001e880767140, 0x000001e880767238]
Event: 0.869 Thread 0x000001e8fddb6800  986   !   3       java.util.zip.ZipFile$Source::readAt (39 bytes)
Event: 0.869 Thread 0x000001e8fddab000  989       4       kotlin.UnsignedKt::ulongCompare (12 bytes)
Event: 0.870 Thread 0x000001e8fddb6800 nmethod 986 0x000001e880767310 code [0x000001e880767520, 0x000001e880767a48]
Event: 0.870 Thread 0x000001e8fddb6800  988 %     3       com.jeanwest.reader.add.AddProductActivityTest::epcGeneratorTest @ 39 (66 bytes)
Event: 0.870 Thread 0x000001e8fddab000 nmethod 989 0x000001e887b16290 code [0x000001e887b16420, 0x000001e887b16478]
Event: 0.870 Thread 0x000001e8fddb6800 nmethod 988% 0x000001e880767d90 code [0x000001e880767f60, 0x000001e880768258]
Event: 0.870 Thread 0x000001e8fddb6800  982       3       java.lang.Character::codePointAt (51 bytes)
Event: 0.870 Thread 0x000001e8fddab000  991 %     4       kotlin.UnsignedKt::ulongCompare @ 62 (12 bytes)

GC Heap History (0 events):
No events

Deoptimization events (20 events):
Event: 0.794 Thread 0x000001e8fed14800 Uncommon trap: trap_request=0xffffffde fr.pc=0x000001e887b05c98 relative=0x0000000000000d78
Event: 0.794 Thread 0x000001e8fed14800 Uncommon trap: reason=class_check action=maybe_recompile pc=0x000001e887b05c98 method=java.util.HashMap.putVal(ILjava/lang/Object;Ljava/lang/Object;ZZ)Ljava/lang/Object; @ 91 c2
Event: 0.794 Thread 0x000001e8fed14800 DEOPT PACKING pc=0x000001e887b05c98 sp=0x000000c7cb9fcca0
Event: 0.794 Thread 0x000001e8fed14800 DEOPT UNPACKING pc=0x000001e8800278af sp=0x000000c7cb9fcc40 mode 2
Event: 0.794 Thread 0x000001e8fed14800 Uncommon trap: trap_request=0xffffffde fr.pc=0x000001e887b05c98 relative=0x0000000000000d78
Event: 0.794 Thread 0x000001e8fed14800 Uncommon trap: reason=class_check action=maybe_recompile pc=0x000001e887b05c98 method=java.util.HashMap.putVal(ILjava/lang/Object;Ljava/lang/Object;ZZ)Ljava/lang/Object; @ 91 c2
Event: 0.794 Thread 0x000001e8fed14800 DEOPT PACKING pc=0x000001e887b05c98 sp=0x000000c7cb9fcca0
Event: 0.794 Thread 0x000001e8fed14800 DEOPT UNPACKING pc=0x000001e8800278af sp=0x000000c7cb9fcc40 mode 2
Event: 0.798 Thread 0x000001e8fed14800 DEOPT PACKING pc=0x000001e8805f06ff sp=0x000000c7cb9fa9e0
Event: 0.798 Thread 0x000001e8fed14800 DEOPT UNPACKING pc=0x000001e8800276ce sp=0x000000c7cb9f9e58 mode 0
Event: 0.805 Thread 0x000001e8fed14800 DEOPT PACKING pc=0x000001e8805f06ff sp=0x000000c7cb9faab0
Event: 0.805 Thread 0x000001e8fed14800 DEOPT UNPACKING pc=0x000001e8800276ce sp=0x000000c7cb9f9f00 mode 0
Event: 0.813 Thread 0x000001e8fed14800 DEOPT PACKING pc=0x000001e8805f06ff sp=0x000000c7cb9fbb20
Event: 0.813 Thread 0x000001e8fed14800 DEOPT UNPACKING pc=0x000001e8800276ce sp=0x000000c7cb9faf98 mode 0
Event: 0.821 Thread 0x000001e8fed14800 Uncommon trap: trap_request=0xffffff4d fr.pc=0x000001e887b06704 relative=0x0000000000000244
Event: 0.821 Thread 0x000001e8fed14800 Uncommon trap: reason=unstable_if action=reinterpret pc=0x000001e887b06704 method=java.util.concurrent.ConcurrentHashMap.get(Ljava/lang/Object;)Ljava/lang/Object; @ 76 c2
Event: 0.821 Thread 0x000001e8fed14800 DEOPT PACKING pc=0x000001e887b06704 sp=0x000000c7cb9fa940
Event: 0.821 Thread 0x000001e8fed14800 DEOPT UNPACKING pc=0x000001e8800278af sp=0x000000c7cb9fa8a8 mode 2
Event: 0.826 Thread 0x000001e8fed14800 DEOPT PACKING pc=0x000001e8805f06ff sp=0x000000c7cb9fb260
Event: 0.826 Thread 0x000001e8fed14800 DEOPT UNPACKING pc=0x000001e8800276ce sp=0x000000c7cb9fa6b0 mode 0

Classes redefined (0 events):
No events

Internal exceptions (15 events):
Event: 0.341 Thread 0x000001e8f42f8800 Exception <a 'java/security/PrivilegedActionException'{0x00000000e78b01b0}> (0x00000000e78b01b0) thrown at [./src/hotspot/share/prims/jvm.cpp, line 1306]
Event: 0.341 Thread 0x000001e8f42f8800 Exception <a 'java/security/PrivilegedActionException'{0x00000000e78b0728}> (0x00000000e78b0728) thrown at [./src/hotspot/share/prims/jvm.cpp, line 1306]
Event: 0.341 Thread 0x000001e8f42f8800 Exception <a 'java/security/PrivilegedActionException'{0x00000000e78b25c8}> (0x00000000e78b25c8) thrown at [./src/hotspot/share/prims/jvm.cpp, line 1306]
Event: 0.341 Thread 0x000001e8f42f8800 Exception <a 'java/security/PrivilegedActionException'{0x00000000e78b2b40}> (0x00000000e78b2b40) thrown at [./src/hotspot/share/prims/jvm.cpp, line 1306]
Event: 0.362 Thread 0x000001e8f42f8800 Exception <a 'java/security/PrivilegedActionException'{0x00000000e77e2128}> (0x00000000e77e2128) thrown at [./src/hotspot/share/prims/jvm.cpp, line 1306]
Event: 0.362 Thread 0x000001e8f42f8800 Exception <a 'java/security/PrivilegedActionException'{0x00000000e77e26a0}> (0x00000000e77e26a0) thrown at [./src/hotspot/share/prims/jvm.cpp, line 1306]
Event: 0.395 Thread 0x000001e8f42f8800 Exception <a 'java/lang/NoSuchMethodError'{0x00000000e75765e8}: 'java.lang.Object java.lang.invoke.DirectMethodHandle$Holder.invokeVirtual(java.lang.Object, java.lang.Object, java.lang.Object, java.lang.Object, java.lang.Object, java.lang.Object, java.lang.Object)'> (0x00000000e75765e8) thrown at [./src/hotspot/share/interpreter/linkResolver.cpp, line 773]
Event: 0.396 Thread 0x000001e8f42f8800 Exception <a 'java/lang/NoSuchMethodError'{0x00000000e7584780}: 'java.lang.Object java.lang.invoke.Invokers$Holder.invoker(java.lang.Object, java.lang.Object, java.lang.Object)'> (0x00000000e7584780) thrown at [./src/hotspot/share/interpreter/linkResolver.cpp, line 773]
Event: 0.398 Thread 0x000001e8f42f8800 Exception <a 'java/lang/NoSuchMethodError'{0x00000000e7595128}: 'void java.lang.invoke.DelegatingMethodHandle$Holder.delegate(java.lang.Object, java.lang.Object, int, java.lang.Object)'> (0x00000000e7595128) thrown at [./src/hotspot/share/interpreter/linkResolver.cpp, line 773]
Event: 0.466 Thread 0x000001e8f42f8800 Exception <a 'java/lang/NoSuchMethodError'{0x00000000e73a50a8}: <clinit>> (0x00000000e73a50a8) thrown at [./src/hotspot/share/prims/jni.cpp, line 1362]
Event: 0.467 Thread 0x000001e8f42f8800 Exception <a 'java/lang/NoSuchMethodError'{0x00000000e73ad958}: <clinit>> (0x00000000e73ad958) thrown at [./src/hotspot/share/prims/jni.cpp, line 1362]
Event: 0.467 Thread 0x000001e8f42f8800 Exception <a 'java/lang/NoSuchMethodError'{0x00000000e73b5e10}: <clinit>> (0x00000000e73b5e10) thrown at [./src/hotspot/share/prims/jni.cpp, line 1362]
Event: 0.533 Thread 0x000001e8f42f8800 Exception <a 'java/lang/NoSuchMethodError'{0x00000000e703a810}: 'java.lang.Object java.lang.invoke.DirectMethodHandle$Holder.invokeStaticInit(java.lang.Object, int, int, int, int)'> (0x00000000e703a810) thrown at [./src/hotspot/share/interpreter/linkResolver.cpp, line 773]
Event: 0.740 Thread 0x000001e8f42f8800 Exception <a 'java/lang/NoSuchMethodError'{0x00000000e7062a70}: 'java.lang.Object java.lang.invoke.DirectMethodHandle$Holder.invokeStaticInit(java.lang.Object, java.lang.Object, int, int, int, int)'> (0x00000000e7062a70) thrown at [./src/hotspot/share/interpreter/linkResolver.cpp, line 773]
Event: 0.840 Thread 0x000001e8fed14800 Exception <a 'java/lang/NoSuchMethodError'{0x00000000e6c601b0}: 'int java.lang.invoke.DirectMethodHandle$Holder.invokeSpecialIFC(java.lang.Object, java.lang.Object, int)'> (0x00000000e6c601b0) thrown at [./src/hotspot/share/interpreter/linkResolver.cpp, line 773]

Events (20 events):
Event: 0.853 loading class org/junit/runners/RuleContainer
Event: 0.853 loading class org/junit/runners/RuleContainer done
Event: 0.853 loading class org/junit/runners/RuleContainer$1
Event: 0.853 loading class org/junit/runners/RuleContainer$1 done
Event: 0.854 loading class org/junit/runners/ParentRunner$4
Event: 0.854 loading class org/junit/runners/ParentRunner$4 done
Event: 0.854 loading class org/junit/runner/notification/RunNotifier$5
Event: 0.854 loading class org/junit/runner/notification/RunNotifier$5 done
Event: 0.855 loading class org/junit/runners/BlockJUnit4ClassRunner$2
Event: 0.855 loading class org/junit/runners/BlockJUnit4ClassRunner$2 done
Event: 0.856 loading class org/junit/internal/runners/model/ReflectiveCallable
Event: 0.856 loading class org/junit/internal/runners/model/ReflectiveCallable done
Event: 0.856 loading class org/junit/runners/BlockJUnit4ClassRunner$RuleCollector
Event: 0.856 loading class org/junit/runners/BlockJUnit4ClassRunner$RuleCollector done
Event: 0.857 loading class org/junit/rules/MethodRule
Event: 0.857 loading class org/junit/rules/MethodRule done
Event: 0.857 loading class org/junit/runners/model/FrameworkMethod$1
Event: 0.857 loading class org/junit/runners/model/FrameworkMethod$1 done
Event: 0.858 loading class kotlin/UnsignedKt
Event: 0.858 loading class kotlin/UnsignedKt done


Dynamic libraries:
0x00007ff737700000 - 0x00007ff73770a000 	C:\Program Files\Android\Android Studio\jre\bin\java.exe
0x00007ffc552c0000 - 0x00007ffc554b0000 	C:\windows\SYSTEM32\ntdll.dll
0x00007ffc550c0000 - 0x00007ffc55172000 	C:\windows\System32\KERNEL32.DLL
0x00007ffc530c0000 - 0x00007ffc53365000 	C:\windows\System32\KERNELBASE.dll
0x00007ffc52c20000 - 0x00007ffc52d1a000 	C:\windows\System32\ucrtbase.dll
0x00007ffc391a0000 - 0x00007ffc391b7000 	C:\Program Files\Android\Android Studio\jre\bin\VCRUNTIME140.dll
0x00007ffc391c0000 - 0x00007ffc391d9000 	C:\Program Files\Android\Android Studio\jre\bin\jli.dll
0x00007ffc53e70000 - 0x00007ffc54004000 	C:\windows\System32\USER32.dll
0x00007ffc52340000 - 0x00007ffc52361000 	C:\windows\System32\win32u.dll
0x00007ffc36b10000 - 0x00007ffc36d94000 	C:\windows\WinSxS\amd64_microsoft.windows.common-controls_6595b64144ccf1df_6.0.18362.1556_none_9e7e372fe45e41d5\COMCTL32.dll
0x00007ffc53370000 - 0x00007ffc53396000 	C:\windows\System32\GDI32.dll
0x00007ffc54de0000 - 0x00007ffc54e7e000 	C:\windows\System32\msvcrt.dll
0x00007ffc52d20000 - 0x00007ffc52eb8000 	C:\windows\System32\gdi32full.dll
0x00007ffc54450000 - 0x00007ffc54786000 	C:\windows\System32\combase.dll
0x00007ffc53020000 - 0x00007ffc530be000 	C:\windows\System32\msvcp_win.dll
0x00007ffc53cb0000 - 0x00007ffc53dcf000 	C:\windows\System32\RPCRT4.dll
0x00007ffc52230000 - 0x00007ffc522b1000 	C:\windows\System32\bcryptPrimitives.dll
0x00007ffc54010000 - 0x00007ffc5403e000 	C:\windows\System32\IMM32.DLL
0x00007ffc2dca0000 - 0x00007ffc2dd3d000 	C:\Program Files\Android\Android Studio\jre\bin\msvcp140.dll
0x00007ffc0d8d0000 - 0x00007ffc0e39f000 	C:\Program Files\Android\Android Studio\jre\bin\server\jvm.dll
0x00007ffc533a0000 - 0x00007ffc53443000 	C:\windows\System32\ADVAPI32.dll
0x00007ffc53dd0000 - 0x00007ffc53e67000 	C:\windows\System32\sechost.dll
0x00007ffc54440000 - 0x00007ffc54448000 	C:\windows\System32\PSAPI.DLL
0x00007ffc4cdd0000 - 0x00007ffc4cdf4000 	C:\windows\SYSTEM32\WINMM.dll
0x00007ffc37480000 - 0x00007ffc37489000 	C:\windows\SYSTEM32\WSOCK32.dll
0x00007ffc4a320000 - 0x00007ffc4a32a000 	C:\windows\SYSTEM32\VERSION.dll
0x00007ffc543d0000 - 0x00007ffc5443f000 	C:\windows\System32\WS2_32.dll
0x00007ffc4caf0000 - 0x00007ffc4cb1d000 	C:\windows\SYSTEM32\WINMMBASE.dll
0x00007ffc522f0000 - 0x00007ffc5233a000 	C:\windows\System32\cfgmgr32.dll
0x00007ffc521c0000 - 0x00007ffc521d1000 	C:\windows\System32\kernel.appcore.dll
0x00007ffc4eb00000 - 0x00007ffc4eb11000 	C:\Program Files\Android\Android Studio\jre\bin\verify.dll
0x00007ffc4b850000 - 0x00007ffc4ba44000 	C:\windows\SYSTEM32\DBGHELP.DLL
0x00007ffc36ae0000 - 0x00007ffc36b0a000 	C:\windows\SYSTEM32\dbgcore.DLL
0x00007ffc4ead0000 - 0x00007ffc4eaf9000 	C:\Program Files\Android\Android Studio\jre\bin\java.dll
0x00007ffc4eac0000 - 0x00007ffc4eacb000 	C:\Program Files\Android\Android Studio\jre\bin\jimage.dll
0x00007ffc4eaa0000 - 0x00007ffc4eab8000 	C:\Program Files\Android\Android Studio\jre\bin\zip.dll
0x00007ffc53460000 - 0x00007ffc53b47000 	C:\windows\System32\SHELL32.dll
0x00007ffc54180000 - 0x00007ffc54228000 	C:\windows\System32\shcore.dll
0x00007ffc52440000 - 0x00007ffc52bbb000 	C:\windows\System32\windows.storage.dll
0x00007ffc521a0000 - 0x00007ffc521be000 	C:\windows\System32\profapi.dll
0x00007ffc521e0000 - 0x00007ffc5222a000 	C:\windows\System32\powrprof.dll
0x00007ffc52170000 - 0x00007ffc52180000 	C:\windows\System32\UMPDC.dll
0x00007ffc55060000 - 0x00007ffc550b2000 	C:\windows\System32\shlwapi.dll
0x00007ffc52370000 - 0x00007ffc52387000 	C:\windows\System32\cryptsp.dll
0x00007ffc4de80000 - 0x00007ffc4de9a000 	C:\Program Files\Android\Android Studio\jre\bin\net.dll
0x00007ffc4b750000 - 0x00007ffc4b84a000 	C:\windows\SYSTEM32\WINHTTP.dll
0x00007ffc51900000 - 0x00007ffc51967000 	C:\windows\system32\mswsock.dll
0x00007ffc4de60000 - 0x00007ffc4de74000 	C:\Program Files\Android\Android Studio\jre\bin\nio.dll
0x00007ffc51490000 - 0x00007ffc514c3000 	C:\windows\system32\rsaenh.dll
0x00007ffc522c0000 - 0x00007ffc522e6000 	C:\windows\System32\bcrypt.dll
0x00007ffc52090000 - 0x00007ffc520b5000 	C:\windows\SYSTEM32\USERENV.dll
0x00007ffc51a80000 - 0x00007ffc51a8c000 	C:\windows\SYSTEM32\CRYPTBASE.dll
0x00007ffc51620000 - 0x00007ffc5165a000 	C:\windows\SYSTEM32\IPHLPAPI.DLL
0x00007ffc54e80000 - 0x00007ffc54e88000 	C:\windows\System32\NSI.dll
0x00007ffc4ded0000 - 0x00007ffc4dee6000 	C:\windows\SYSTEM32\dhcpcsvc6.DLL
0x00007ffc4d940000 - 0x00007ffc4d95c000 	C:\windows\SYSTEM32\dhcpcsvc.DLL
0x00007ffc51660000 - 0x00007ffc5172b000 	C:\windows\SYSTEM32\DNSAPI.dll

dbghelp: loaded successfully - version: 4.0.5 - missing functions: none
symbol engine: initialized successfully - sym options: 0x614 - pdb path: .;C:\Program Files\Android\Android Studio\jre\bin;C:\windows\SYSTEM32;C:\windows\WinSxS\amd64_microsoft.windows.common-controls_6595b64144ccf1df_6.0.18362.1556_none_9e7e372fe45e41d5;C:\Program Files\Android\Android Studio\jre\bin\server

VM Arguments:
jvm_args: -Djava.awt.headless=true -Dorg.gradle.internal.worker.tmpdir=C:\Users\a.askarinejad\StudioProjects\RFIDKotlin\app\build\tmp\testDebugUnitTest\work -Dorg.gradle.native=false --add-opens=java.base/java.util=ALL-UNNAMED --add-opens=java.base/java.lang=ALL-UNNAMED -Xmx512m -Dfile.encoding=UTF-8 -Duser.country=US -Duser.language=en -Duser.variant -ea 
java_command: worker.org.gradle.process.internal.worker.GradleWorkerMain 'Gradle Test Executor 2'
java_class_path (initial): C:\\Users\\a.askarinejad\\.gradle\\caches\\7.0.2\\workerMain\\gradle-worker.jar;C:\\Users\\a.askarinejad\\StudioProjects\\RFIDKotlin\\app\\build\\intermediates\\javac\\debugUnitTest\\classes;C:\\Users\\a.askarinejad\\StudioProjects\\RFIDKotlin\\app\\build\\tmp\\kotlin-classes\\debugUnitTest;C:\\Users\\a.askarinejad\\StudioProjects\\RFIDKotlin\\app\\build\\intermediates\\java_res\\debugUnitTest\\out;C:\\Users\\a.askarinejad\\StudioProjects\\RFIDKotlin\\app\\build\\intermediates\\app_classes\\debug\\classes.jar;C:\\Users\\a.askarinejad\\.gradle\\caches\\transforms-3\\0828036921e985e03d59df757011b537\\transformed\\jetified-cw-deviceapi20191022.jar;C:\\Users\\a.askarinejad\\.gradle\\caches\\transforms-3\\140fddd47818d864fe59ea93057e9990\\transformed\\jetified-IGLBarDecoder.jar;C:\\Users\\a.askarinejad\\.gradle\\caches\\transforms-3\\a8307934a4ec3ec138455a6cb382c9c8\\transformed\\jetified-jxl.jar;C:\\Users\\a.askarinejad\\.gradle\\caches\\transforms-3\\7eb798931aaaa5f0b973d133fe169d45\\transformed\\jetified-xUtils-2.5.5.jar;C:\\Users\\a.askarinejad\\.gradle\\caches\\transforms-3\\f1cea7572ec315180e764baa64f30630\\transformed\\jetified-junit-4.13.2.jar;C:\\Users\\a.askarinejad\\.gradle\\caches\\transforms-3\\7579674c14f663c13b752703b4d31771\\transformed\\jetified-core-ktx-1.6.0-runtime.jar;C:\\Users\\a.askarinejad\\.gradle\\caches\\transforms-3\\2c239af9d49139770688cbd91f17863c\\transformed\\jetified-circularprogressbar-3.1.0-runtime.jar;C:\\Users\\a.askarinejad\\.gradle\\caches\\transforms-3\\92ec00445d2bea6b6fcbdf8d1aff33f8\\transformed\\jetified-kotlinx-coroutines-android-1.3.9.jar;C:\\Users\\a.askarinejad\\.gradle\\caches\\transforms-3\\523d08321850437a5fed5a73586bfd34\\transformed\\jetified-kotlinx-coroutines-core-jvm-1.3.9.jar;C:\\Users\\a.askarinejad\\.gradle\\caches\\transforms-3\\ef3eb3c2b6abb790508c1af4558527e3\\transformed\\jetified-kotlin-stdlib-1.5.21.jar;C:\\Users\\a.askarinejad\\.gradle\\caches\\transforms-3\\de7cdd9c3743fd81965
Launcher Type: SUN_STANDARD

[Global flags]
     intx CICompilerCount                          = 4                                         {product} {ergonomic}
     uint ConcGCThreads                            = 2                                         {product} {ergonomic}
     uint G1ConcRefinementThreads                  = 8                                         {product} {ergonomic}
   size_t G1HeapRegionSize                         = 1048576                                   {product} {ergonomic}
    uintx GCDrainStackTargetSize                   = 64                                        {product} {ergonomic}
   size_t InitialHeapSize                          = 132120576                                 {product} {ergonomic}
   size_t MarkStackSize                            = 4194304                                   {product} {ergonomic}
   size_t MaxHeapSize                              = 536870912                                 {product} {command line}
   size_t MaxNewSize                               = 321912832                                 {product} {ergonomic}
   size_t MinHeapDeltaBytes                        = 1048576                                   {product} {ergonomic}
    uintx NonNMethodCodeHeapSize                   = 5836300                                {pd product} {ergonomic}
    uintx NonProfiledCodeHeapSize                  = 122910970                              {pd product} {ergonomic}
    uintx ProfiledCodeHeapSize                     = 122910970                              {pd product} {ergonomic}
    uintx ReservedCodeCacheSize                    = 251658240                              {pd product} {ergonomic}
     bool SegmentedCodeCache                       = true                                      {product} {ergonomic}
     bool UseCompressedClassPointers               = true                                 {lp64_product} {ergonomic}
     bool UseCompressedOops                        = true                                 {lp64_product} {ergonomic}
     bool UseG1GC                                  = true                                      {product} {ergonomic}
     bool UseLargePagesIndividualAllocation        = false                                  {pd product} {ergonomic}

Logging:
Log output configuration:
 #0: stdout all=warning uptime,level,tags
 #1: stderr all=off uptime,level,tags

Environment Variables:
PATH=C:\Program Files (x86)\Common Files\Oracle\Java\javapath;C:\Python39\Scripts\;C:\Python39\;C:\windows\system32;C:\windows;C:\windows\System32\Wbem;C:\windows\System32\WindowsPowerShell\v1.0\;C:\windows\System32\OpenSSH\;C:\ProgramData\chocolatey\bin;C:\Program Files\Git\cmd;C:\Program Files\dotnet\;C:\Users\a.askarinejad\AppData\Local\Microsoft\WindowsApps;;C:\Users\a.askarinejad\AppData\Local\Programs\Microsoft VS Code\bin;C:\Users\a.askarinejad\.dotnet\tools
USERNAME=a.askarinejad
OS=Windows_NT
PROCESSOR_IDENTIFIER=Intel64 Family 6 Model 142 Stepping 11, GenuineIntel



---------------  S Y S T E M  ---------------

OS: Windows 10 , 64 bit Build 18362 (10.0.18362.1500)
OS uptime: 0 days 1:21 hours
Hyper-V role detected

CPU:total 8 (initial active 8) (4 cores per cpu, 2 threads per core) family 6 model 142 stepping 11 microcode 0xde, cmov, cx8, fxsr, mmx, sse, sse2, sse3, ssse3, sse4.1, sse4.2, popcnt, avx, avx2, clmul, erms, 3dnowpref, lzcnt, ht, tsc, tscinvbit, bmi1, bmi2, adx, fma

Memory: 4k page, system-wide physical 8034M (3590M free)
TotalPageFile size 11106M (AvailPageFile size 4715M)
current process WorkingSet (physical memory assigned to process): 73M, peak: 73M
current process commit charge ("private bytes"): 219M, peak: 220M

vm_info: OpenJDK 64-Bit Server VM (11.0.10+0-b96-7249189) for windows-amd64 JRE (11.0.10+0-b96-7249189), built on Mar 31 2021 21:44:00 by "builder" with MS VC++ 14.0 (VS2015)

END.
